Sun, 6 Oct 2019,  23:19:03	012	1234
Sun, 6 Oct 2019,  23:19:03	012	1234
Sun, 6 Oct 2019,  23:19:03	012	1234
Sun, 6 Oct 2019,  23:19:03	012	1234
Sun, 6 Oct 2019,  23:19:03	012	1234
Sun, 6 Oct 2019,  23:19:04	012	1234
Sun, 6 Oct 2019,  23:19:04	012	1234
Sun, 6 Oct 2019,  23:19:04	012	1234
Sun, 6 Oct 2019,  23:19:04	012	1234
Sun, 6 Oct 2019,  23:19:04	012	1234
Sun, 6 Oct 2019,  23:19:04	012	1234
Sun, 6 Oct 2019,  23:19:04	012	1234
Sun, 6 Oct 2019,  23:19:04	012	1234
Sun, 6 Oct 2019,  23:19:04	012	1234
Sun, 6 Oct 2019,  23:19:04	012	1234
Sun, 6 Oct 2019,  23:19:04	012	1234
Sun, 6 Oct 2019,  23:19:04	012	1234
Sun, 6 Oct 2019,  23:19:04	012	1234
Sun, 6 Oct 2019,  23:19:04	012	1234
Sun, 6 Oct 2019,  23:19:04	012	1234
Sun, 6 Oct 2019,  23:19:04	012	1234
Sun, 6 Oct 2019,  23:19:04	012	1234
Sun, 6 Oct 2019,  23:19:04	012	1234
Sun, 6 Oct 2019,  23:19:04	012	1234
Sun, 6 Oct 2019,  23:19:04	012	1234
Sun, 6 Oct 2019,  23:19:05	012	1234
Sun, 6 Oct 2019,  23:19:05	012	1234
Sun, 6 Oct 2019,  23:19:08	012	1234
Sun, 6 Oct 2019,  23:19:08	012	1234
Sun, 6 Oct 2019,  23:19:08	012	1234
Sun, 6 Oct 2019,  23:19:08	012	1234
Sun, 6 Oct 2019,  23:19:08	012	1234
Sun, 6 Oct 2019,  23:19:08	012	1234
Sun, 6 Oct 2019,  23:19:08	012	1234
Sun, 6 Oct 2019,  23:19:08	012	1234
Sun, 6 Oct 2019,  23:19:08	012	1234
Sun, 6 Oct 2019,  23:19:09	012	1234
Sun, 6 Oct 2019,  23:19:09	012	1234
Sun, 6 Oct 2019,  23:19:09	012	1234
Sun, 6 Oct 2019,  23:19:09	012	1234
Sun, 6 Oct 2019,  23:19:09	012	1234
Sun, 6 Oct 2019,  23:19:09	012	1234
Sun, 6 Oct 2019,  23:19:09	012	1234
Sun, 6 Oct 2019,  23:19:12	012	1234
Sun, 6 Oct 2019,  23:19:12	012	1234
Sun, 6 Oct 2019,  23:19:12	012	1234
Sun, 6 Oct 2019,  23:19:12	012	1234
Sun, 6 Oct 2019,  23:19:12	012	1234
Sun, 6 Oct 2019,  23:19:12	012	1234
Sun, 6 Oct 2019,  23:19:12	012	1234
Sun, 6 Oct 2019,  23:19:12	012	1234
Sun, 6 Oct 2019,  23:19:12	012	1234
Sun, 6 Oct 2019,  23:19:12	012	1234
Sun, 6 Oct 2019,  23:19:12	012	1234
Sun, 6 Oct 2019,  23:19:12	012	1234
Sun, 6 Oct 2019,  23:19:12	012	1234
Sun, 6 Oct 2019,  23:19:13	012	1234
Sun, 6 Oct 2019,  23:19:13	012	1234
Sun, 6 Oct 2019,  23:19:13	012	1234
Sun, 6 Oct 2019,  23:19:14	012	1234
Sun, 6 Oct 2019,  23:19:14	012	1234
Sun, 6 Oct 2019,  23:19:14	012	1234
Sun, 6 Oct 2019,  23:19:14	012	1234
Sun, 6 Oct 2019,  23:19:14	012	1234
Sun, 6 Oct 2019,  23:19:14	012	1234
Sun, 6 Oct 2019,  23:19:14	012	1234
Sun, 6 Oct 2019,  23:19:14	012	1234
Sun, 6 Oct 2019,  23:19:14	012	1234
Sun, 6 Oct 2019,  23:19:14	012	1234
Sun, 6 Oct 2019,  23:19:14	012	1234
Sun, 6 Oct 2019,  23:19:14	012	1234
Sun, 6 Oct 2019,  23:19:14	012	1234
Sun, 6 Oct 2019,  23:19:14	012	1234
Sun, 6 Oct 2019,  23:19:15	012	1234
Sun, 6 Oct 2019,  23:19:15	012	1234
Sun, 6 Oct 2019,  23:19:15	012	1234
Sun, 6 Oct 2019,  23:19:15	012	1234
Sun, 6 Oct 2019,  23:19:16	012	1234
Sun, 6 Oct 2019,  23:19:16	012	1234
Sun, 6 Oct 2019,  23:19:16	012	1234
Sun, 6 Oct 2019,  23:19:16	012	1234
Sun, 6 Oct 2019,  23:19:17	012	1234
Sun, 6 Oct 2019,  23:19:17	012	1234
Sun, 6 Oct 2019,  23:19:17	012	1234
Sun, 6 Oct 2019,  23:19:17	012	1234
Sun, 6 Oct 2019,  23:19:17	012	1234
Sun, 6 Oct 2019,  23:19:17	012	1234
Sun, 6 Oct 2019,  23:19:17	012	1234
Sun, 6 Oct 2019,  23:19:23	012	1234
Sun, 6 Oct 2019,  23:19:23	012	1234
Sun, 6 Oct 2019,  23:19:23	012	1234
Sun, 6 Oct 2019,  23:19:23	012	1234
Sun, 6 Oct 2019,  23:19:24	012	1234
Sun, 6 Oct 2019,  23:19:24	012	1234
Sun, 6 Oct 2019,  23:19:24	012	1234
Sun, 6 Oct 2019,  23:19:24	012	1234
Sun, 6 Oct 2019,  23:19:25	012	1234
Sun, 6 Oct 2019,  23:19:25	012	1234
Sun, 6 Oct 2019,  23:19:25	012	1234
Sun, 6 Oct 2019,  23:19:25	012	1234
Sun, 6 Oct 2019,  23:19:25	012	1234
Sun, 6 Oct 2019,  23:19:25	012	1234
Sun, 6 Oct 2019,  23:19:25	012	1234
Sun, 6 Oct 2019,  23:19:25	012	1234
Sun, 6 Oct 2019,  23:19:25	012	1234
Sun, 6 Oct 2019,  23:19:25	012	1234
Sun, 6 Oct 2019,  23:19:25	012	1234
Sun, 6 Oct 2019,  23:19:25	012	1234
Sun, 6 Oct 2019,  23:19:25	012	1234
Sun, 6 Oct 2019,  23:19:25	012	1234
Sun, 6 Oct 2019,  23:19:25	012	1234
Sun, 6 Oct 2019,  23:19:25	012	1234
Sun, 6 Oct 2019,  23:19:26	012	1234
Sun, 6 Oct 2019,  23:19:26	012	1234
Sun, 6 Oct 2019,  23:19:26	012	1234
Sun, 6 Oct 2019,  23:19:26	012	1234
Sun, 6 Oct 2019,  23:19:26	012	1234
Sun, 6 Oct 2019,  23:19:26	012	1234
Sun, 6 Oct 2019,  23:19:26	012	1234
Sun, 6 Oct 2019,  23:19:26	012	1234
Sun, 6 Oct 2019,  23:19:26	012	1234
Sun, 6 Oct 2019,  23:19:26	012	1234
Sun, 6 Oct 2019,  23:19:26	012	1234
Sun, 6 Oct 2019,  23:19:26	012	1234
Sun, 6 Oct 2019,  23:19:26	012	1234
Sun, 6 Oct 2019,  23:19:26	012	1234
Sun, 6 Oct 2019,  23:19:26	012	1234
Sun, 6 Oct 2019,  23:19:26	012	1234
Sun, 6 Oct 2019,  23:19:26	012	1234
Sun, 6 Oct 2019,  23:19:26	012	1234
Sun, 6 Oct 2019,  23:19:29	012	1234
Sun, 6 Oct 2019,  23:19:29	012	1234
Sun, 6 Oct 2019,  23:19:29	012	1234
Sun, 6 Oct 2019,  23:19:32	012	1234
Sun, 6 Oct 2019,  23:19:32	012	1234
Sun, 6 Oct 2019,  23:19:32	012	1234
Sun, 6 Oct 2019,  23:19:32	012	1234
Sun, 6 Oct 2019,  23:19:32	012	1234
Sun, 6 Oct 2019,  23:19:32	012	1234
Sun, 6 Oct 2019,  23:19:32	012	1234
Sun, 6 Oct 2019,  23:19:35	012	1234
Sun, 6 Oct 2019,  23:19:35	012	1234
Sun, 6 Oct 2019,  23:19:35	012	1234
Sun, 6 Oct 2019,  23:19:35	012	1234
Sun, 6 Oct 2019,  23:19:35	012	1234
Sun, 6 Oct 2019,  23:19:36	012	1234
Sun, 6 Oct 2019,  23:19:36	012	1234
Sun, 6 Oct 2019,  23:19:36	012	1234
Sun, 6 Oct 2019,  23:19:36	012	1234
Sun, 6 Oct 2019,  23:19:36	012	1234
Sun, 6 Oct 2019,  23:19:36	012	1234
Sun, 6 Oct 2019,  23:19:36	012	1234
Sun, 6 Oct 2019,  23:19:36	012	1234
Sun, 6 Oct 2019,  23:19:36	012	1234
Sun, 6 Oct 2019,  23:19:36	012	1234
Sun, 6 Oct 2019,  23:19:36	012	1234
Sun, 6 Oct 2019,  23:19:37	012	1234
Sun, 6 Oct 2019,  23:19:37	012	1234
Sun, 6 Oct 2019,  23:19:37	012	1234
Sun, 6 Oct 2019,  23:19:37	012	1234
Sun, 6 Oct 2019,  23:19:37	012	1234
Sun, 6 Oct 2019,  23:19:37	012	1234
Sun, 6 Oct 2019,  23:19:37	012	1234
Sun, 6 Oct 2019,  23:19:37	012	1234
Sun, 6 Oct 2019,  23:19:37	012	1234
Sun, 6 Oct 2019,  23:19:37	012	1234
Sun, 6 Oct 2019,  23:19:37	012	1234
Sun, 6 Oct 2019,  23:19:37	012	1234
Sun, 6 Oct 2019,  23:19:37	012	1234
Sun, 6 Oct 2019,  23:19:37	012	1234
Sun, 6 Oct 2019,  23:19:37	012	1234
Sun, 6 Oct 2019,  23:19:37	012	1234
Sun, 6 Oct 2019,  23:19:37	012	1234
Sun, 6 Oct 2019,  23:19:37	012	1234
Sun, 6 Oct 2019,  23:19:37	012	1234
Sun, 6 Oct 2019,  23:19:37	012	1234
Sun, 6 Oct 2019,  23:19:37	012	1234
Sun, 6 Oct 2019,  23:19:37	012	1234
Sun, 6 Oct 2019,  23:19:38	012	1234
Sun, 6 Oct 2019,  23:19:38	012	1234
Sun, 6 Oct 2019,  23:19:38	012	1234
Sun, 6 Oct 2019,  23:19:38	012	1234
Sun, 6 Oct 2019,  23:19:38	012	1234
Sun, 6 Oct 2019,  23:19:38	012	1234
Sun, 6 Oct 2019,  23:19:38	012	1234
Sun, 6 Oct 2019,  23:19:38	012	1234
Sun, 6 Oct 2019,  23:19:38	012	1234
Sun, 6 Oct 2019,  23:19:38	012	1234
Sun, 6 Oct 2019,  23:19:38	012	1234
Sun, 6 Oct 2019,  23:19:38	012	1234
Sun, 6 Oct 2019,  23:19:38	012	1234
Sun, 6 Oct 2019,  23:19:38	012	1234
Sun, 6 Oct 2019,  23:19:38	012	1234
Sun, 6 Oct 2019,  23:19:38	012	1234
Sun, 6 Oct 2019,  23:19:38	012	1234
Sun, 6 Oct 2019,  23:19:38	012	1234
Sun, 6 Oct 2019,  23:19:38	012	1234
Sun, 6 Oct 2019,  23:19:38	012	1234
Sun, 6 Oct 2019,  23:19:38	012	1234
Sun, 6 Oct 2019,  23:19:38	012	1234
Sun, 6 Oct 2019,  23:19:38	012	1234
Sun, 6 Oct 2019,  23:19:38	012	1234
Sun, 6 Oct 2019,  23:19:38	012	1234
Sun, 6 Oct 2019,  23:19:38	012	1234
Sun, 6 Oct 2019,  23:19:38	012	1234
Sun, 6 Oct 2019,  23:19:38	012	1234
Sun, 6 Oct 2019,  23:19:38	012	1234
Sun, 6 Oct 2019,  23:19:38	012	1234
Sun, 6 Oct 2019,  23:19:38	012	1234
Sun, 6 Oct 2019,  23:19:38	012	1234
Sun, 6 Oct 2019,  23:19:39	012	1234
Sun, 6 Oct 2019,  23:19:39	012	1234
Sun, 6 Oct 2019,  23:19:39	012	1234
Sun, 6 Oct 2019,  23:19:39	012	1234
Sun, 6 Oct 2019,  23:19:39	012	1234
Sun, 6 Oct 2019,  23:19:39	012	1234
Sun, 6 Oct 2019,  23:19:39	012	1234
Sun, 6 Oct 2019,  23:19:39	012	1234
Sun, 6 Oct 2019,  23:19:39	012	1234
Sun, 6 Oct 2019,  23:19:39	012	1234
Sun, 6 Oct 2019,  23:19:39	012	1234
Sun, 6 Oct 2019,  23:19:39	012	1234
Sun, 6 Oct 2019,  23:19:39	012	1234
Sun, 6 Oct 2019,  23:19:39	012	1234
Sun, 6 Oct 2019,  23:19:39	012	1234
Sun, 6 Oct 2019,  23:19:39	012	1234
Sun, 6 Oct 2019,  23:19:39	012	1234
Sun, 6 Oct 2019,  23:19:39	012	1234
Sun, 6 Oct 2019,  23:19:39	012	1234
Sun, 6 Oct 2019,  23:19:39	012	1234
Sun, 6 Oct 2019,  23:19:39	012	1234
Sun, 6 Oct 2019,  23:19:39	012	1234
Sun, 6 Oct 2019,  23:19:39	012	1234
Sun, 6 Oct 2019,  23:19:39	012	1234
Sun, 6 Oct 2019,  23:19:39	012	1234
Sun, 6 Oct 2019,  23:19:39	012	1234
Sun, 6 Oct 2019,  23:19:39	012	1234
Sun, 6 Oct 2019,  23:19:39	012	1234
Sun, 6 Oct 2019,  23:19:40	012	1234
Sun, 6 Oct 2019,  23:19:40	012	1234
Sun, 6 Oct 2019,  23:19:40	012	1234
Sun, 6 Oct 2019,  23:19:40	012	1234
Sun, 6 Oct 2019,  23:19:40	012	1234
Sun, 6 Oct 2019,  23:19:40	012	1234
Sun, 6 Oct 2019,  23:19:40	012	1234
Sun, 6 Oct 2019,  23:19:40	012	1234
Sun, 6 Oct 2019,  23:19:40	012	1234
Sun, 6 Oct 2019,  23:19:40	012	1234
Sun, 6 Oct 2019,  23:19:40	012	1234
Sun, 6 Oct 2019,  23:19:40	012	1234
Sun, 6 Oct 2019,  23:19:40	012	1234
Sun, 6 Oct 2019,  23:19:40	012	1234
Sun, 6 Oct 2019,  23:19:40	012	1234
Sun, 6 Oct 2019,  23:19:40	012	1234
Sun, 6 Oct 2019,  23:19:40	012	1234
Sun, 6 Oct 2019,  23:19:40	012	1234
Sun, 6 Oct 2019,  23:19:40	012	1234
Sun, 6 Oct 2019,  23:19:40	012	1234
Sun, 6 Oct 2019,  23:19:40	012	1234
Sun, 6 Oct 2019,  23:19:40	012	1234
Sun, 6 Oct 2019,  23:19:40	012	1234
Sun, 6 Oct 2019,  23:19:40	012	1234
Sun, 6 Oct 2019,  23:19:40	012	1234
Sun, 6 Oct 2019,  23:19:40	012	1234
Sun, 6 Oct 2019,  23:19:40	012	1234
Sun, 6 Oct 2019,  23:19:40	012	1234
Sun, 6 Oct 2019,  23:19:40	012	1234
Sun, 6 Oct 2019,  23:19:41	012	1234
Sun, 6 Oct 2019,  23:19:41	012	1234
Sun, 6 Oct 2019,  23:19:41	012	1234
Sun, 6 Oct 2019,  23:19:41	012	1234
Sun, 6 Oct 2019,  23:19:41	012	1234
Sun, 6 Oct 2019,  23:19:41	012	1234
Sun, 6 Oct 2019,  23:19:41	012	1234
Sun, 6 Oct 2019,  23:19:41	012	1234
Sun, 6 Oct 2019,  23:19:41	012	1234
Sun, 6 Oct 2019,  23:19:41	012	1234
Sun, 6 Oct 2019,  23:19:41	012	1234
Sun, 6 Oct 2019,  23:19:41	012	1234
Sun, 6 Oct 2019,  23:19:41	012	1234
Sun, 6 Oct 2019,  23:19:41	012	1234
Sun, 6 Oct 2019,  23:19:41	012	1234
Sun, 6 Oct 2019,  23:19:41	012	1234
Sun, 6 Oct 2019,  23:19:41	012	1234
Sun, 6 Oct 2019,  23:19:41	012	1234
Sun, 6 Oct 2019,  23:19:41	012	1234
Sun, 6 Oct 2019,  23:19:41	012	1234
Sun, 6 Oct 2019,  23:19:41	012	1234
Sun, 6 Oct 2019,  23:19:41	012	1234
Sun, 6 Oct 2019,  23:19:41	012	1234
Sun, 6 Oct 2019,  23:19:41	012	1234
Sun, 6 Oct 2019,  23:19:41	012	1234
Sun, 6 Oct 2019,  23:19:41	012	1234
Sun, 6 Oct 2019,  23:19:41	012	1234
Sun, 6 Oct 2019,  23:19:41	012	1234
Sun, 6 Oct 2019,  23:19:41	012	1234
Sun, 6 Oct 2019,  23:19:42	012	1234
Sun, 6 Oct 2019,  23:19:42	012	1234
Sun, 6 Oct 2019,  23:19:42	012	1234
Sun, 6 Oct 2019,  23:19:42	012	1234
Sun, 6 Oct 2019,  23:19:42	012	1234
Sun, 6 Oct 2019,  23:19:42	012	1234
Sun, 6 Oct 2019,  23:19:42	012	1234
Sun, 6 Oct 2019,  23:19:42	012	1234
Sun, 6 Oct 2019,  23:19:43	012	1234
Sun, 6 Oct 2019,  23:19:43	012	1234
Sun, 6 Oct 2019,  23:19:43	012	1234
Sun, 6 Oct 2019,  23:19:43	012	1234
Sun, 6 Oct 2019,  23:19:43	012	1234
Sun, 6 Oct 2019,  23:19:43	012	1234
Sun, 6 Oct 2019,  23:19:43	012	1234
Sun, 6 Oct 2019,  23:19:43	012	1234
Sun, 6 Oct 2019,  23:19:43	012	1234
Sun, 6 Oct 2019,  23:19:44	012	1234
Sun, 6 Oct 2019,  23:19:44	012	1234
Sun, 6 Oct 2019,  23:19:44	012	1234
Sun, 6 Oct 2019,  23:19:44	012	1234
Sun, 6 Oct 2019,  23:19:44	012	1234
Sun, 6 Oct 2019,  23:19:44	012	1234
Sun, 6 Oct 2019,  23:19:44	012	1234
Sun, 6 Oct 2019,  23:19:44	012	1234
Sun, 6 Oct 2019,  23:19:44	012	1234
Sun, 6 Oct 2019,  23:19:44	012	1234
Sun, 6 Oct 2019,  23:19:44	012	1234
Sun, 6 Oct 2019,  23:19:44	012	1234
Sun, 6 Oct 2019,  23:19:44	012	1234
Sun, 6 Oct 2019,  23:19:44	012	1234
Sun, 6 Oct 2019,  23:19:44	012	1234
Sun, 6 Oct 2019,  23:19:44	012	1234
Sun, 6 Oct 2019,  23:19:44	012	1234
Sun, 6 Oct 2019,  23:19:44	012	1234
Sun, 6 Oct 2019,  23:19:44	012	1234
Sun, 6 Oct 2019,  23:19:44	012	1234
Sun, 6 Oct 2019,  23:19:44	012	1234
Sun, 6 Oct 2019,  23:19:44	012	1234
Sun, 6 Oct 2019,  23:19:44	012	1234
Sun, 6 Oct 2019,  23:19:44	012	1234
Sun, 6 Oct 2019,  23:19:44	012	1234
Sun, 6 Oct 2019,  23:19:44	012	1234
Sun, 6 Oct 2019,  23:19:44	012	1234
Sun, 6 Oct 2019,  23:19:44	012	1234
Sun, 6 Oct 2019,  23:19:44	012	1234
Sun, 6 Oct 2019,  23:19:44	012	1234
Sun, 6 Oct 2019,  23:19:44	012	1234
Sun, 6 Oct 2019,  23:19:44	012	1234
Sun, 6 Oct 2019,  23:19:44	012	1234
Sun, 6 Oct 2019,  23:19:44	012	1234
Sun, 6 Oct 2019,  23:19:44	012	1234
Sun, 6 Oct 2019,  23:19:45	012	1234
Sun, 6 Oct 2019,  23:19:45	012	1234
Sun, 6 Oct 2019,  23:19:45	012	1234
Sun, 6 Oct 2019,  23:19:45	012	1234
Sun, 6 Oct 2019,  23:19:48	012	1234
Sun, 6 Oct 2019,  23:19:48	012	1234
Sun, 6 Oct 2019,  23:19:48	012	1234
Sun, 6 Oct 2019,  23:19:48	012	1234
Sun, 6 Oct 2019,  23:19:48	012	1234
Sun, 6 Oct 2019,  23:19:48	012	1234
Sun, 6 Oct 2019,  23:19:48	012	1234
Sun, 6 Oct 2019,  23:19:48	012	1234
Sun, 6 Oct 2019,  23:19:48	012	1234
Sun, 6 Oct 2019,  23:19:49	012	1234
Sun, 6 Oct 2019,  23:19:49	012	1234
Sun, 6 Oct 2019,  23:19:49	012	1234
Sun, 6 Oct 2019,  23:19:49	012	1234
Sun, 6 Oct 2019,  23:19:49	012	1234
Sun, 6 Oct 2019,  23:19:49	012	1234
Sun, 6 Oct 2019,  23:19:49	012	1234
Sun, 6 Oct 2019,  23:19:49	012	1234
Sun, 6 Oct 2019,  23:19:49	012	1234
Sun, 6 Oct 2019,  23:19:49	012	1234
Sun, 6 Oct 2019,  23:19:49	012	1234
Sun, 6 Oct 2019,  23:19:49	012	1234
Sun, 6 Oct 2019,  23:19:49	012	1234
Sun, 6 Oct 2019,  23:19:49	012	1234
Sun, 6 Oct 2019,  23:19:49	012	1234
Sun, 6 Oct 2019,  23:19:49	012	1234
Sun, 6 Oct 2019,  23:19:49	012	1234
Sun, 6 Oct 2019,  23:19:49	012	1234
Sun, 6 Oct 2019,  23:19:49	012	1234
Sun, 6 Oct 2019,  23:19:49	012	1234
Sun, 6 Oct 2019,  23:19:49	012	1234
Sun, 6 Oct 2019,  23:19:49	012	1234
Sun, 6 Oct 2019,  23:19:49	012	1234
Sun, 6 Oct 2019,  23:19:49	012	1234
Sun, 6 Oct 2019,  23:19:49	012	1234
Sun, 6 Oct 2019,  23:19:49	012	1234
Sun, 6 Oct 2019,  23:19:49	012	1234
Sun, 6 Oct 2019,  23:19:49	012	1234
Sun, 6 Oct 2019,  23:19:50	012	1234
Sun, 6 Oct 2019,  23:19:50	012	1234
Sun, 6 Oct 2019,  23:19:50	012	1234
Sun, 6 Oct 2019,  23:19:50	012	1234
Sun, 6 Oct 2019,  23:19:50	012	1234
Sun, 6 Oct 2019,  23:19:50	012	1234
Sun, 6 Oct 2019,  23:19:50	012	1234
Sun, 6 Oct 2019,  23:19:50	012	1234
Sun, 6 Oct 2019,  23:19:50	012	1234
Sun, 6 Oct 2019,  23:19:50	012	1234
Sun, 6 Oct 2019,  23:19:50	012	1234
Sun, 6 Oct 2019,  23:19:51	012	1234
Sun, 6 Oct 2019,  23:19:51	012	1234
Sun, 6 Oct 2019,  23:19:51	012	1234
Sun, 6 Oct 2019,  23:19:51	012	1234
Sun, 6 Oct 2019,  23:19:51	012	1234
Sun, 6 Oct 2019,  23:19:51	012	1234
Sun, 6 Oct 2019,  23:19:51	012	1234
Sun, 6 Oct 2019,  23:19:51	012	1234
Sun, 6 Oct 2019,  23:19:51	012	1234
Sun, 6 Oct 2019,  23:19:51	012	1234
Sun, 6 Oct 2019,  23:19:51	012	1234
Sun, 6 Oct 2019,  23:19:51	012	1234
Sun, 6 Oct 2019,  23:19:51	012	1234
Sun, 6 Oct 2019,  23:19:51	012	1234
Sun, 6 Oct 2019,  23:19:51	012	1234
Sun, 6 Oct 2019,  23:19:51	012	1234
Sun, 6 Oct 2019,  23:19:51	012	1234
Sun, 6 Oct 2019,  23:19:51	012	1234
Sun, 6 Oct 2019,  23:19:51	012	1234
Sun, 6 Oct 2019,  23:19:51	012	1234
Sun, 6 Oct 2019,  23:19:51	012	1234
Sun, 6 Oct 2019,  23:19:51	012	1234
Sun, 6 Oct 2019,  23:19:51	012	1234
Sun, 6 Oct 2019,  23:19:51	012	1234
Sun, 6 Oct 2019,  23:19:51	012	1234
Sun, 6 Oct 2019,  23:19:51	012	1234
Sun, 6 Oct 2019,  23:19:51	012	1234
Sun, 6 Oct 2019,  23:19:51	012	1234
Sun, 6 Oct 2019,  23:19:51	012	1234
Sun, 6 Oct 2019,  23:19:51	012	1234
Sun, 6 Oct 2019,  23:19:52	012	1234
Sun, 6 Oct 2019,  23:19:52	012	1234
Sun, 6 Oct 2019,  23:19:52	012	1234
Sun, 6 Oct 2019,  23:19:52	012	1234
Sun, 6 Oct 2019,  23:19:52	012	1234
Sun, 6 Oct 2019,  23:19:52	012	1234
Sun, 6 Oct 2019,  23:19:52	012	1234
Sun, 6 Oct 2019,  23:19:52	012	1234
Sun, 6 Oct 2019,  23:19:52	012	1234
Sun, 6 Oct 2019,  23:19:52	012	1234
Sun, 6 Oct 2019,  23:19:55	012	1234
Sun, 6 Oct 2019,  23:19:55	012	1234
Sun, 6 Oct 2019,  23:19:55	012	1234
Sun, 6 Oct 2019,  23:19:55	012	1234
Sun, 6 Oct 2019,  23:19:55	012	1234
Sun, 6 Oct 2019,  23:19:55	012	1234
Sun, 6 Oct 2019,  23:19:55	012	1234
Sun, 6 Oct 2019,  23:19:56	012	1234
Sun, 6 Oct 2019,  23:19:56	012	1234
Sun, 6 Oct 2019,  23:19:56	012	1234
Sun, 6 Oct 2019,  23:19:56	012	1234
Sun, 6 Oct 2019,  23:19:56	012	1234
Sun, 6 Oct 2019,  23:19:56	012	1234
Sun, 6 Oct 2019,  23:19:56	012	1234
Sun, 6 Oct 2019,  23:19:56	012	1234
Sun, 6 Oct 2019,  23:19:56	012	1234
Sun, 6 Oct 2019,  23:19:56	012	1234
Sun, 6 Oct 2019,  23:19:56	012	1234
Sun, 6 Oct 2019,  23:19:56	012	1234
Sun, 6 Oct 2019,  23:19:56	012	1234
Sun, 6 Oct 2019,  23:19:56	012	1234
Sun, 6 Oct 2019,  23:19:56	012	1234
Sun, 6 Oct 2019,  23:19:56	012	1234
Sun, 6 Oct 2019,  23:19:56	012	1234
Sun, 6 Oct 2019,  23:19:56	012	1234
Sun, 6 Oct 2019,  23:19:56	012	1234
Sun, 6 Oct 2019,  23:19:56	012	1234
Sun, 6 Oct 2019,  23:19:56	012	1234
Sun, 6 Oct 2019,  23:19:56	012	1234
Sun, 6 Oct 2019,  23:19:56	012	1234
Sun, 6 Oct 2019,  23:19:56	012	1234
Sun, 6 Oct 2019,  23:19:56	012	1234
Sun, 6 Oct 2019,  23:19:56	012	1234
Sun, 6 Oct 2019,  23:19:56	012	1234
Sun, 6 Oct 2019,  23:19:56	012	1234
Sun, 6 Oct 2019,  23:19:56	012	1234
Sun, 6 Oct 2019,  23:19:56	012	1234
Sun, 6 Oct 2019,  23:19:56	012	1234
Sun, 6 Oct 2019,  23:19:56	012	1234
Sun, 6 Oct 2019,  23:19:56	012	1234
Sun, 6 Oct 2019,  23:19:56	012	1234
Sun, 6 Oct 2019,  23:19:59	012	1234
Sun, 6 Oct 2019,  23:19:59	012	1234
Sun, 6 Oct 2019,  23:19:59	012	1234
Sun, 6 Oct 2019,  23:19:59	012	1234
Sun, 6 Oct 2019,  23:19:59	012	1234
Sun, 6 Oct 2019,  23:19:59	012	1234
Sun, 6 Oct 2019,  23:19:59	012	1234
Sun, 6 Oct 2019,  23:19:59	012	1234
Sun, 6 Oct 2019,  23:19:59	012	1234
Sun, 6 Oct 2019,  23:19:59	012	1234
Sun, 6 Oct 2019,  23:19:59	012	1234
Sun, 6 Oct 2019,  23:19:59	012	1234
Sun, 6 Oct 2019,  23:19:59	012	1234
Sun, 6 Oct 2019,  23:19:59	012	1234
Sun, 6 Oct 2019,  23:20:00	012	1234
Sun, 6 Oct 2019,  23:20:00	012	1234
Sun, 6 Oct 2019,  23:20:00	012	1234
Sun, 6 Oct 2019,  23:20:00	012	1234
Sun, 6 Oct 2019,  23:20:00	012	1234
Sun, 6 Oct 2019,  23:20:00	012	1234
Sun, 6 Oct 2019,  23:20:00	012	1234
Sun, 6 Oct 2019,  23:20:00	012	1234
Sun, 6 Oct 2019,  23:20:00	012	1234
Sun, 6 Oct 2019,  23:20:00	012	1234
Sun, 6 Oct 2019,  23:20:00	012	1234
Sun, 6 Oct 2019,  23:20:00	012	1234
Sun, 6 Oct 2019,  23:20:00	012	1234
Sun, 6 Oct 2019,  23:20:00	012	1234
Sun, 6 Oct 2019,  23:20:00	012	1234
Sun, 6 Oct 2019,  23:20:00	012	1234
Sun, 6 Oct 2019,  23:20:00	012	1234
Sun, 6 Oct 2019,  23:20:00	012	1234
Sun, 6 Oct 2019,  23:20:00	012	1234
Sun, 6 Oct 2019,  23:20:00	012	1234
Sun, 6 Oct 2019,  23:20:01	012	1234
Sun, 6 Oct 2019,  23:20:01	012	1234
Sun, 6 Oct 2019,  23:20:01	012	1234
Sun, 6 Oct 2019,  23:20:01	012	1234
Sun, 6 Oct 2019,  23:20:03	012	1234
Sun, 6 Oct 2019,  23:20:03	012	1234
Sun, 6 Oct 2019,  23:20:03	012	1234
Sun, 6 Oct 2019,  23:20:03	012	1234
Sun, 6 Oct 2019,  23:20:03	012	1234
Sun, 6 Oct 2019,  23:20:03	012	1234
Sun, 6 Oct 2019,  23:20:03	012	1234
Sun, 6 Oct 2019,  23:20:03	012	1234
Sun, 6 Oct 2019,  23:20:03	012	1234
Sun, 6 Oct 2019,  23:20:03	012	1234
Sun, 6 Oct 2019,  23:20:03	012	1234
Sun, 6 Oct 2019,  23:20:03	012	1234
Sun, 6 Oct 2019,  23:20:03	012	1234
Sun, 6 Oct 2019,  23:20:04	012	1234
Sun, 6 Oct 2019,  23:20:04	012	1234
Sun, 6 Oct 2019,  23:20:04	012	1234
Sun, 6 Oct 2019,  23:20:04	012	1234
Sun, 6 Oct 2019,  23:20:04	012	1234
Sun, 6 Oct 2019,  23:20:04	012	1234
Sun, 6 Oct 2019,  23:20:04	012	1234
Sun, 6 Oct 2019,  23:20:04	012	1234
Sun, 6 Oct 2019,  23:20:04	012	1234
Sun, 6 Oct 2019,  23:20:04	012	1234
Sun, 6 Oct 2019,  23:20:04	012	1234
Sun, 6 Oct 2019,  23:20:04	012	1234
Sun, 6 Oct 2019,  23:20:04	012	1234
Sun, 6 Oct 2019,  23:20:04	012	1234
Sun, 6 Oct 2019,  23:20:04	012	1234
Sun, 6 Oct 2019,  23:20:04	012	1234
Sun, 6 Oct 2019,  23:20:04	012	1234
Sun, 6 Oct 2019,  23:20:04	012	1234
Sun, 6 Oct 2019,  23:20:04	012	1234
Sun, 6 Oct 2019,  23:20:04	012	1234
Sun, 6 Oct 2019,  23:20:04	012	1234
Sun, 6 Oct 2019,  23:20:04	012	1234
Sun, 6 Oct 2019,  23:20:04	012	1234
Sun, 6 Oct 2019,  23:20:04	012	1234
Sun, 6 Oct 2019,  23:20:04	012	1234
Sun, 6 Oct 2019,  23:20:04	012	1234
Sun, 6 Oct 2019,  23:20:04	012	1234
Sun, 6 Oct 2019,  23:20:04	012	1234
Sun, 6 Oct 2019,  23:20:04	012	1234
Sun, 6 Oct 2019,  23:20:04	012	1234
Sun, 6 Oct 2019,  23:20:04	012	1234
Sun, 6 Oct 2019,  23:20:04	012	1234
Sun, 6 Oct 2019,  23:20:04	012	1234
Sun, 6 Oct 2019,  23:20:04	012	1234
Sun, 6 Oct 2019,  23:20:05	012	1234
Sun, 6 Oct 2019,  23:20:05	012	1234
Sun, 6 Oct 2019,  23:20:05	012	1234
Sun, 6 Oct 2019,  23:20:05	012	1234
Sun, 6 Oct 2019,  23:20:05	012	1234
Sun, 6 Oct 2019,  23:20:05	012	1234
Sun, 6 Oct 2019,  23:20:05	012	1234
Sun, 6 Oct 2019,  23:20:05	012	1234
Sun, 6 Oct 2019,  23:20:05	012	1234
Sun, 6 Oct 2019,  23:20:05	012	1234
Sun, 6 Oct 2019,  23:20:05	012	1234
Sun, 6 Oct 2019,  23:20:05	012	1234
Sun, 6 Oct 2019,  23:20:05	012	1234
Sun, 6 Oct 2019,  23:20:05	012	1234
Sun, 6 Oct 2019,  23:20:05	012	1234
Sun, 6 Oct 2019,  23:20:05	012	1234
Sun, 6 Oct 2019,  23:20:05	012	1234
Sun, 6 Oct 2019,  23:20:05	012	1234
Sun, 6 Oct 2019,  23:20:05	012	1234
Sun, 6 Oct 2019,  23:20:05	012	1234
Sun, 6 Oct 2019,  23:20:05	012	1234
Sun, 6 Oct 2019,  23:20:05	012	1234
Sun, 6 Oct 2019,  23:20:05	012	1234
Sun, 6 Oct 2019,  23:20:05	012	1234
Sun, 6 Oct 2019,  23:20:05	012	1234
Sun, 6 Oct 2019,  23:20:05	012	1234
Sun, 6 Oct 2019,  23:20:05	012	1234
Sun, 6 Oct 2019,  23:20:05	012	1234
Sun, 6 Oct 2019,  23:20:05	012	1234
Sun, 6 Oct 2019,  23:20:05	012	1234
Sun, 6 Oct 2019,  23:20:05	012	1234
Sun, 6 Oct 2019,  23:20:05	012	1234
Sun, 6 Oct 2019,  23:20:05	012	1234
Sun, 6 Oct 2019,  23:20:05	012	1234
Sun, 6 Oct 2019,  23:20:05	012	1234
Sun, 6 Oct 2019,  23:20:08	012	1234
Sun, 6 Oct 2019,  23:20:09	012	1234
Sun, 6 Oct 2019,  23:20:09	012	1234
Sun, 6 Oct 2019,  23:20:09	012	1234
Sun, 6 Oct 2019,  23:20:09	012	1234
Sun, 6 Oct 2019,  23:20:09	012	1234
Sun, 6 Oct 2019,  23:20:09	012	1234
Sun, 6 Oct 2019,  23:20:09	012	1234
Sun, 6 Oct 2019,  23:20:12	012	1234
Sun, 6 Oct 2019,  23:20:12	012	1234
Sun, 6 Oct 2019,  23:20:12	012	1234
Sun, 6 Oct 2019,  23:20:12	012	1234
Sun, 6 Oct 2019,  23:20:12	012	1234
Sun, 6 Oct 2019,  23:20:12	012	1234
Sun, 6 Oct 2019,  23:20:12	012	1234
Sun, 6 Oct 2019,  23:20:13	012	1234
Sun, 6 Oct 2019,  23:20:13	012	1234
Sun, 6 Oct 2019,  23:20:13	012	1234
Sun, 6 Oct 2019,  23:20:13	012	1234
Sun, 6 Oct 2019,  23:20:13	012	1234
Sun, 6 Oct 2019,  23:20:13	012	1234
Sun, 6 Oct 2019,  23:20:13	012	1234
Sun, 6 Oct 2019,  23:20:13	012	1234
Sun, 6 Oct 2019,  23:20:13	012	1234
Sun, 6 Oct 2019,  23:20:13	012	1234
Sun, 6 Oct 2019,  23:20:13	012	1234
Sun, 6 Oct 2019,  23:20:13	012	1234
Sun, 6 Oct 2019,  23:20:14	012	1234
Sun, 6 Oct 2019,  23:20:14	012	1234
Sun, 6 Oct 2019,  23:20:14	012	1234
Sun, 6 Oct 2019,  23:20:14	012	1234
Sun, 6 Oct 2019,  23:20:14	012	1234
Sun, 6 Oct 2019,  23:20:14	012	1234
Sun, 6 Oct 2019,  23:20:14	012	1234
Sun, 6 Oct 2019,  23:20:14	012	1234
Sun, 6 Oct 2019,  23:20:14	012	1234
Sun, 6 Oct 2019,  23:20:14	012	1234
Sun, 6 Oct 2019,  23:20:14	012	1234
Sun, 6 Oct 2019,  23:20:14	012	1234
Sun, 6 Oct 2019,  23:20:14	012	1234
Sun, 6 Oct 2019,  23:20:14	012	1234
Sun, 6 Oct 2019,  23:20:14	012	1234
Sun, 6 Oct 2019,  23:20:14	012	1234
Sun, 6 Oct 2019,  23:20:14	012	1234
Sun, 6 Oct 2019,  23:20:14	012	1234
Sun, 6 Oct 2019,  23:20:14	012	1234
Sun, 6 Oct 2019,  23:20:14	012	1234
Sun, 6 Oct 2019,  23:20:14	012	1234
Sun, 6 Oct 2019,  23:20:14	012	1234
Sun, 6 Oct 2019,  23:20:14	012	1234
Sun, 6 Oct 2019,  23:20:14	012	1234
Sun, 6 Oct 2019,  23:20:14	012	1234
Sun, 6 Oct 2019,  23:20:14	012	1234
Sun, 6 Oct 2019,  23:20:14	012	1234
Sun, 6 Oct 2019,  23:20:14	012	1234
Sun, 6 Oct 2019,  23:20:14	012	1234
Sun, 6 Oct 2019,  23:20:15	012	1234
Sun, 6 Oct 2019,  23:20:15	012	1234
Sun, 6 Oct 2019,  23:20:15	012	1234
Sun, 6 Oct 2019,  23:20:17	012	1234
Sun, 6 Oct 2019,  23:20:17	012	1234
Sun, 6 Oct 2019,  23:20:18	012	1234
Sun, 6 Oct 2019,  23:20:18	012	1234
Sun, 6 Oct 2019,  23:20:18	012	1234
Sun, 6 Oct 2019,  23:20:18	012	1234
Sun, 6 Oct 2019,  23:20:18	012	1234
Sun, 6 Oct 2019,  23:20:18	012	1234
Sun, 6 Oct 2019,  23:20:18	012	1234
Sun, 6 Oct 2019,  23:20:18	012	1234
Sun, 6 Oct 2019,  23:20:18	012	1234
Sun, 6 Oct 2019,  23:20:18	012	1234
Sun, 6 Oct 2019,  23:20:18	012	1234
Sun, 6 Oct 2019,  23:20:18	012	1234
Sun, 6 Oct 2019,  23:20:18	012	1234
Sun, 6 Oct 2019,  23:20:18	012	1234
Sun, 6 Oct 2019,  23:20:18	012	1234
Sun, 6 Oct 2019,  23:20:18	012	1234
Sun, 6 Oct 2019,  23:20:18	012	1234
Sun, 6 Oct 2019,  23:20:21	012	1234
Sun, 6 Oct 2019,  23:20:21	012	1234
Sun, 6 Oct 2019,  23:20:21	012	1234
Sun, 6 Oct 2019,  23:20:21	012	1234
Sun, 6 Oct 2019,  23:20:21	012	1234
Sun, 6 Oct 2019,  23:20:21	012	1234
Sun, 6 Oct 2019,  23:20:21	012	1234
Sun, 6 Oct 2019,  23:20:21	012	1234
Sun, 6 Oct 2019,  23:20:21	012	1234
Sun, 6 Oct 2019,  23:20:21	012	1234
Sun, 6 Oct 2019,  23:20:21	012	1234
Sun, 6 Oct 2019,  23:20:21	012	1234
Sun, 6 Oct 2019,  23:20:21	012	1234
Sun, 6 Oct 2019,  23:20:21	012	1234
Sun, 6 Oct 2019,  23:20:21	012	1234
Sun, 6 Oct 2019,  23:20:21	012	1234
Sun, 6 Oct 2019,  23:20:21	012	1234
Sun, 6 Oct 2019,  23:20:21	012	1234
Sun, 6 Oct 2019,  23:20:21	012	1234
Sun, 6 Oct 2019,  23:20:22	012	1234
Sun, 6 Oct 2019,  23:20:22	012	1234
Sun, 6 Oct 2019,  23:20:22	012	1234
Sun, 6 Oct 2019,  23:20:22	012	1234
Sun, 6 Oct 2019,  23:20:22	012	1234
Sun, 6 Oct 2019,  23:20:22	012	1234
Sun, 6 Oct 2019,  23:20:22	012	1234
Sun, 6 Oct 2019,  23:20:22	012	1234
Sun, 6 Oct 2019,  23:20:22	012	1234
Sun, 6 Oct 2019,  23:20:22	012	1234
Sun, 6 Oct 2019,  23:20:22	012	1234
Sun, 6 Oct 2019,  23:20:22	012	1234
Sun, 6 Oct 2019,  23:20:22	012	1234
Sun, 6 Oct 2019,  23:20:22	012	1234
Sun, 6 Oct 2019,  23:20:22	012	1234
Sun, 6 Oct 2019,  23:20:22	012	1234
Sun, 6 Oct 2019,  23:20:22	012	1234
Sun, 6 Oct 2019,  23:20:22	012	1234
Sun, 6 Oct 2019,  23:20:22	012	1234
Sun, 6 Oct 2019,  23:20:22	012	1234
Sun, 6 Oct 2019,  23:20:22	012	1234
Sun, 6 Oct 2019,  23:20:22	012	1234
Sun, 6 Oct 2019,  23:20:22	012	1234
Sun, 6 Oct 2019,  23:20:22	012	1234
Sun, 6 Oct 2019,  23:20:22	012	1234
Sun, 6 Oct 2019,  23:20:22	012	1234
Sun, 6 Oct 2019,  23:20:22	012	1234
Sun, 6 Oct 2019,  23:20:22	012	1234
Sun, 6 Oct 2019,  23:20:23	012	1234
Sun, 6 Oct 2019,  23:20:23	012	1234
Sun, 6 Oct 2019,  23:20:23	012	1234
Sun, 6 Oct 2019,  23:20:23	012	1234
Sun, 6 Oct 2019,  23:20:23	012	1234
Sun, 6 Oct 2019,  23:20:23	012	1234
Sun, 6 Oct 2019,  23:20:23	012	1234
Sun, 6 Oct 2019,  23:20:23	012	1234
Sun, 6 Oct 2019,  23:20:23	012	1234
Sun, 6 Oct 2019,  23:20:23	012	1234
Sun, 6 Oct 2019,  23:20:23	012	1234
Sun, 6 Oct 2019,  23:20:23	012	1234
Sun, 6 Oct 2019,  23:20:23	012	1234
Sun, 6 Oct 2019,  23:20:23	012	1234
Sun, 6 Oct 2019,  23:20:23	012	1234
Sun, 6 Oct 2019,  23:20:23	012	1234
Sun, 6 Oct 2019,  23:20:23	012	1234
Sun, 6 Oct 2019,  23:20:23	012	1234
Sun, 6 Oct 2019,  23:20:23	012	1234
Sun, 6 Oct 2019,  23:20:23	012	1234
Sun, 6 Oct 2019,  23:20:23	012	1234
Sun, 6 Oct 2019,  23:20:23	012	1234
Sun, 6 Oct 2019,  23:20:23	012	1234
Sun, 6 Oct 2019,  23:20:23	012	1234
Sun, 6 Oct 2019,  23:20:23	012	1234
Sun, 6 Oct 2019,  23:20:23	012	1234
Sun, 6 Oct 2019,  23:20:23	012	1234
Sun, 6 Oct 2019,  23:20:23	012	1234
Sun, 6 Oct 2019,  23:20:26	012	1234
Sun, 6 Oct 2019,  23:20:26	012	1234
Sun, 6 Oct 2019,  23:20:27	012	1234
Sun, 6 Oct 2019,  23:20:27	012	1234
Sun, 6 Oct 2019,  23:20:27	012	1234
Sun, 6 Oct 2019,  23:20:27	012	1234
Sun, 6 Oct 2019,  23:20:27	012	1234
Sun, 6 Oct 2019,  23:20:28	012	1234
Sun, 6 Oct 2019,  23:20:28	012	1234
Sun, 6 Oct 2019,  23:20:28	012	1234
Sun, 6 Oct 2019,  23:20:28	012	1234
Sun, 6 Oct 2019,  23:20:29	012	1234
Sun, 6 Oct 2019,  23:20:29	012	1234
Sun, 6 Oct 2019,  23:20:29	012	1234
Sun, 6 Oct 2019,  23:20:29	012	1234
Sun, 6 Oct 2019,  23:20:29	012	1234
Sun, 6 Oct 2019,  23:20:29	012	1234
Sun, 6 Oct 2019,  23:20:29	012	1234
Sun, 6 Oct 2019,  23:20:29	012	1234
Sun, 6 Oct 2019,  23:20:29	012	1234
Sun, 6 Oct 2019,  23:20:29	012	1234
Sun, 6 Oct 2019,  23:20:29	012	1234
Sun, 6 Oct 2019,  23:20:30	012	1234
Sun, 6 Oct 2019,  23:20:30	012	1234
Sun, 6 Oct 2019,  23:20:30	012	1234
Sun, 6 Oct 2019,  23:20:30	012	1234
Sun, 6 Oct 2019,  23:20:30	012	1234
Sun, 6 Oct 2019,  23:20:30	012	1234
Sun, 6 Oct 2019,  23:20:30	012	1234
Sun, 6 Oct 2019,  23:20:30	012	1234
Sun, 6 Oct 2019,  23:20:30	012	1234
Sun, 6 Oct 2019,  23:20:30	012	1234
Sun, 6 Oct 2019,  23:20:30	012	1234
Sun, 6 Oct 2019,  23:20:30	012	1234
Sun, 6 Oct 2019,  23:20:30	012	1234
Sun, 6 Oct 2019,  23:20:30	012	1234
Sun, 6 Oct 2019,  23:20:30	012	1234
Sun, 6 Oct 2019,  23:20:30	012	1234
Sun, 6 Oct 2019,  23:20:30	012	1234
Sun, 6 Oct 2019,  23:20:30	012	1234
Sun, 6 Oct 2019,  23:20:30	012	1234
Sun, 6 Oct 2019,  23:20:30	012	1234
Sun, 6 Oct 2019,  23:20:30	012	1234
Sun, 6 Oct 2019,  23:20:30	012	1234
Sun, 6 Oct 2019,  23:20:30	012	1234
Sun, 6 Oct 2019,  23:20:30	012	1234
Sun, 6 Oct 2019,  23:20:30	012	1234
Sun, 6 Oct 2019,  23:20:30	012	1234
Sun, 6 Oct 2019,  23:20:30	012	1234
Sun, 6 Oct 2019,  23:20:30	012	1234
Sun, 6 Oct 2019,  23:20:31	012	1234
Sun, 6 Oct 2019,  23:20:31	012	1234
Sun, 6 Oct 2019,  23:20:31	012	1234
Sun, 6 Oct 2019,  23:20:31	012	1234
Sun, 6 Oct 2019,  23:20:31	012	1234
Sun, 6 Oct 2019,  23:20:31	012	1234
Sun, 6 Oct 2019,  23:20:31	012	1234
Sun, 6 Oct 2019,  23:20:31	012	1234
Sun, 6 Oct 2019,  23:20:31	012	1234
Sun, 6 Oct 2019,  23:20:31	012	1234
Sun, 6 Oct 2019,  23:20:31	012	1234
Sun, 6 Oct 2019,  23:20:31	012	1234
Sun, 6 Oct 2019,  23:20:31	012	1234
Sun, 6 Oct 2019,  23:20:31	012	1234
Sun, 6 Oct 2019,  23:20:31	012	1234
Sun, 6 Oct 2019,  23:20:31	012	1234
Sun, 6 Oct 2019,  23:20:31	012	1234
Sun, 6 Oct 2019,  23:20:31	012	1234
Sun, 6 Oct 2019,  23:20:31	012	1234
Sun, 6 Oct 2019,  23:20:31	012	1234
Sun, 6 Oct 2019,  23:20:31	012	1234
Sun, 6 Oct 2019,  23:20:31	012	1234
Sun, 6 Oct 2019,  23:20:31	012	1234
Sun, 6 Oct 2019,  23:20:31	012	1234
Sun, 6 Oct 2019,  23:20:31	012	1234
Sun, 6 Oct 2019,  23:20:32	012	1234
Sun, 6 Oct 2019,  23:20:32	012	1234
Sun, 6 Oct 2019,  23:20:32	012	1234
Sun, 6 Oct 2019,  23:20:32	012	1234
Sun, 6 Oct 2019,  23:20:32	012	1234
Sun, 6 Oct 2019,  23:20:32	012	1234
Sun, 6 Oct 2019,  23:20:32	012	1234
Sun, 6 Oct 2019,  23:20:32	012	1234
Sun, 6 Oct 2019,  23:20:32	012	1234
Sun, 6 Oct 2019,  23:20:32	012	1234
Sun, 6 Oct 2019,  23:20:32	012	1234
Sun, 6 Oct 2019,  23:20:32	012	1234
Sun, 6 Oct 2019,  23:20:32	012	1234
Sun, 6 Oct 2019,  23:20:32	012	1234
Sun, 6 Oct 2019,  23:20:32	012	1234
Sun, 6 Oct 2019,  23:20:35	012	1234
Sun, 6 Oct 2019,  23:20:35	012	1234
Sun, 6 Oct 2019,  23:20:35	012	1234
Sun, 6 Oct 2019,  23:20:35	012	1234
Sun, 6 Oct 2019,  23:20:35	012	1234
Sun, 6 Oct 2019,  23:20:35	012	1234
Sun, 6 Oct 2019,  23:20:35	012	1234
Sun, 6 Oct 2019,  23:20:35	012	1234
Sun, 6 Oct 2019,  23:20:36	012	1234
Sun, 6 Oct 2019,  23:20:36	012	1234
Sun, 6 Oct 2019,  23:20:36	012	1234
Sun, 6 Oct 2019,  23:20:36	012	1234
Sun, 6 Oct 2019,  23:20:36	012	1234
Sun, 6 Oct 2019,  23:20:36	012	1234
Sun, 6 Oct 2019,  23:20:36	012	1234
Sun, 6 Oct 2019,  23:20:36	012	1234
Sun, 6 Oct 2019,  23:20:36	012	1234
Sun, 6 Oct 2019,  23:20:36	012	1234
Sun, 6 Oct 2019,  23:20:36	012	1234
Sun, 6 Oct 2019,  23:20:36	012	1234
Sun, 6 Oct 2019,  23:20:36	012	1234
Sun, 6 Oct 2019,  23:20:36	012	1234
Sun, 6 Oct 2019,  23:20:36	012	1234
Sun, 6 Oct 2019,  23:20:36	012	1234
Sun, 6 Oct 2019,  23:20:36	012	1234
Sun, 6 Oct 2019,  23:20:36	012	1234
Sun, 6 Oct 2019,  23:20:36	012	1234
Sun, 6 Oct 2019,  23:20:36	012	1234
Sun, 6 Oct 2019,  23:20:36	012	1234
Sun, 6 Oct 2019,  23:20:36	012	1234
Sun, 6 Oct 2019,  23:20:36	012	1234
Sun, 6 Oct 2019,  23:20:36	012	1234
Sun, 6 Oct 2019,  23:20:36	012	1234
Sun, 6 Oct 2019,  23:20:36	012	1234
Sun, 6 Oct 2019,  23:20:36	012	1234
Sun, 6 Oct 2019,  23:20:36	012	1234
Sun, 6 Oct 2019,  23:20:36	012	1234
Sun, 6 Oct 2019,  23:20:36	012	1234
Sun, 6 Oct 2019,  23:20:36	012	1234
Sun, 6 Oct 2019,  23:20:36	012	1234
Sun, 6 Oct 2019,  23:20:36	012	1234
Sun, 6 Oct 2019,  23:20:36	012	1234
Sun, 6 Oct 2019,  23:20:36	012	1234
Sun, 6 Oct 2019,  23:20:37	012	1234
Sun, 6 Oct 2019,  23:20:37	012	1234
Sun, 6 Oct 2019,  23:20:37	012	1234
Sun, 6 Oct 2019,  23:20:37	012	1234
Sun, 6 Oct 2019,  23:20:37	012	1234
Sun, 6 Oct 2019,  23:20:37	012	1234
Sun, 6 Oct 2019,  23:20:37	012	1234
Sun, 6 Oct 2019,  23:20:37	012	1234
Sun, 6 Oct 2019,  23:20:37	012	1234
Sun, 6 Oct 2019,  23:20:37	012	1234
Sun, 6 Oct 2019,  23:20:37	012	1234
Sun, 6 Oct 2019,  23:20:37	012	1234
Sun, 6 Oct 2019,  23:20:37	012	1234
Sun, 6 Oct 2019,  23:20:37	012	1234
Sun, 6 Oct 2019,  23:20:37	012	1234
Sun, 6 Oct 2019,  23:20:38	012	1234
Sun, 6 Oct 2019,  23:20:38	012	1234
Sun, 6 Oct 2019,  23:20:38	012	1234
Sun, 6 Oct 2019,  23:20:38	012	1234
Sun, 6 Oct 2019,  23:20:38	012	1234
Sun, 6 Oct 2019,  23:20:38	012	1234
Sun, 6 Oct 2019,  23:20:38	012	1234
Sun, 6 Oct 2019,  23:20:38	012	1234
Sun, 6 Oct 2019,  23:20:38	012	1234
Sun, 6 Oct 2019,  23:20:38	012	1234
Sun, 6 Oct 2019,  23:20:38	012	1234
Sun, 6 Oct 2019,  23:20:38	012	1234
Sun, 6 Oct 2019,  23:20:38	012	1234
Sun, 6 Oct 2019,  23:20:38	012	1234
Sun, 6 Oct 2019,  23:20:38	012	1234
Sun, 6 Oct 2019,  23:20:38	012	1234
Sun, 6 Oct 2019,  23:20:38	012	1234
Sun, 6 Oct 2019,  23:20:38	012	1234
Sun, 6 Oct 2019,  23:20:38	012	1234
Sun, 6 Oct 2019,  23:20:38	012	1234
Sun, 6 Oct 2019,  23:20:38	012	1234
Sun, 6 Oct 2019,  23:20:38	012	1234
Sun, 6 Oct 2019,  23:20:38	012	1234
Sun, 6 Oct 2019,  23:20:38	012	1234
Sun, 6 Oct 2019,  23:20:38	012	1234
Sun, 6 Oct 2019,  23:20:38	012	1234
Sun, 6 Oct 2019,  23:20:38	012	1234
Sun, 6 Oct 2019,  23:20:38	012	1234
Sun, 6 Oct 2019,  23:20:38	012	1234
Sun, 6 Oct 2019,  23:20:38	012	1234
Sun, 6 Oct 2019,  23:20:38	012	1234
Sun, 6 Oct 2019,  23:20:38	012	1234
Sun, 6 Oct 2019,  23:20:38	012	1234
Sun, 6 Oct 2019,  23:20:38	012	1234
Sun, 6 Oct 2019,  23:20:38	012	1234
Sun, 6 Oct 2019,  23:20:39	012	1234
Sun, 6 Oct 2019,  23:20:39	012	1234
Sun, 6 Oct 2019,  23:20:39	012	1234
Sun, 6 Oct 2019,  23:20:39	012	1234
Sun, 6 Oct 2019,  23:20:39	012	1234
Sun, 6 Oct 2019,  23:20:39	012	1234
Sun, 6 Oct 2019,  23:20:39	012	1234
Sun, 6 Oct 2019,  23:20:39	012	1234
Sun, 6 Oct 2019,  23:20:39	012	1234
Sun, 6 Oct 2019,  23:20:39	012	1234
Sun, 6 Oct 2019,  23:20:39	012	1234
Sun, 6 Oct 2019,  23:20:39	012	1234
Sun, 6 Oct 2019,  23:20:39	012	1234
Sun, 6 Oct 2019,  23:20:39	012	1234
Sun, 6 Oct 2019,  23:20:40	012	1234
Sun, 6 Oct 2019,  23:20:40	012	1234
Sun, 6 Oct 2019,  23:20:40	012	1234
Sun, 6 Oct 2019,  23:20:40	012	1234
Sun, 6 Oct 2019,  23:20:40	012	1234
Sun, 6 Oct 2019,  23:20:40	012	1234
Sun, 6 Oct 2019,  23:20:40	012	1234
Sun, 6 Oct 2019,  23:20:40	012	1234
Sun, 6 Oct 2019,  23:20:40	012	1234
Sun, 6 Oct 2019,  23:20:40	012	1234
Sun, 6 Oct 2019,  23:20:40	012	1234
Sun, 6 Oct 2019,  23:20:40	012	1234
Sun, 6 Oct 2019,  23:20:40	012	1234
Sun, 6 Oct 2019,  23:20:41	012	1234
Sun, 6 Oct 2019,  23:20:41	012	1234
Sun, 6 Oct 2019,  23:20:41	012	1234
Sun, 6 Oct 2019,  23:20:41	012	1234
Sun, 6 Oct 2019,  23:20:41	012	1234
Sun, 6 Oct 2019,  23:20:41	012	1234
Sun, 6 Oct 2019,  23:20:41	012	1234
Sun, 6 Oct 2019,  23:20:42	012	1234
Sun, 6 Oct 2019,  23:20:42	012	1234
Sun, 6 Oct 2019,  23:20:42	012	1234
Sun, 6 Oct 2019,  23:20:42	012	1234
Sun, 6 Oct 2019,  23:20:45	012	1234
Sun, 6 Oct 2019,  23:20:46	012	1234
Sun, 6 Oct 2019,  23:20:46	012	1234
Sun, 6 Oct 2019,  23:20:46	012	1234
Sun, 6 Oct 2019,  23:20:46	012	1234
Sun, 6 Oct 2019,  23:20:46	012	1234
Sun, 6 Oct 2019,  23:20:46	012	1234
Sun, 6 Oct 2019,  23:20:46	012	1234
Sun, 6 Oct 2019,  23:20:46	012	1234
Sun, 6 Oct 2019,  23:20:46	012	1234
Sun, 6 Oct 2019,  23:20:46	012	1234
Sun, 6 Oct 2019,  23:20:46	012	1234
Sun, 6 Oct 2019,  23:20:46	012	1234
Sun, 6 Oct 2019,  23:20:46	012	1234
Sun, 6 Oct 2019,  23:20:46	012	1234
Sun, 6 Oct 2019,  23:20:46	012	1234
Sun, 6 Oct 2019,  23:20:46	012	1234
Sun, 6 Oct 2019,  23:20:46	012	1234
Sun, 6 Oct 2019,  23:20:46	012	1234
Sun, 6 Oct 2019,  23:20:46	012	1234
Sun, 6 Oct 2019,  23:20:46	012	1234
Sun, 6 Oct 2019,  23:20:46	012	1234
Sun, 6 Oct 2019,  23:20:46	012	1234
Sun, 6 Oct 2019,  23:20:46	012	1234
Sun, 6 Oct 2019,  23:20:46	012	1234
Sun, 6 Oct 2019,  23:20:46	012	1234
Sun, 6 Oct 2019,  23:20:46	012	1234
Sun, 6 Oct 2019,  23:20:46	012	1234
Sun, 6 Oct 2019,  23:20:46	012	1234
Sun, 6 Oct 2019,  23:20:46	012	1234
Sun, 6 Oct 2019,  23:20:46	012	1234
Sun, 6 Oct 2019,  23:20:46	012	1234
Sun, 6 Oct 2019,  23:20:46	012	1234
Sun, 6 Oct 2019,  23:20:46	012	1234
Sun, 6 Oct 2019,  23:20:46	012	1234
Sun, 6 Oct 2019,  23:20:46	012	1234
Sun, 6 Oct 2019,  23:20:46	012	1234
Sun, 6 Oct 2019,  23:20:46	012	1234
Sun, 6 Oct 2019,  23:20:46	012	1234
Sun, 6 Oct 2019,  23:20:46	012	1234
Sun, 6 Oct 2019,  23:20:47	012	1234
Sun, 6 Oct 2019,  23:20:47	012	1234
Sun, 6 Oct 2019,  23:20:47	012	1234
Sun, 6 Oct 2019,  23:20:47	012	1234
Sun, 6 Oct 2019,  23:20:47	012	1234
Sun, 6 Oct 2019,  23:20:47	012	1234
Sun, 6 Oct 2019,  23:20:47	012	1234
Sun, 6 Oct 2019,  23:20:47	012	1234
Sun, 6 Oct 2019,  23:20:47	012	1234
Sun, 6 Oct 2019,  23:20:47	012	1234
Sun, 6 Oct 2019,  23:20:47	012	1234
Sun, 6 Oct 2019,  23:20:47	012	1234
Sun, 6 Oct 2019,  23:20:47	012	1234
Sun, 6 Oct 2019,  23:20:47	012	1234
Sun, 6 Oct 2019,  23:20:47	012	1234
Sun, 6 Oct 2019,  23:20:47	012	1234
Sun, 6 Oct 2019,  23:20:47	012	1234
Sun, 6 Oct 2019,  23:20:47	012	1234
Sun, 6 Oct 2019,  23:20:47	012	1234
Sun, 6 Oct 2019,  23:20:50	012	1234
Sun, 6 Oct 2019,  23:20:50	012	1234
Sun, 6 Oct 2019,  23:20:50	012	1234
Sun, 6 Oct 2019,  23:20:50	012	1234
Sun, 6 Oct 2019,  23:20:50	012	1234
Sun, 6 Oct 2019,  23:20:51	012	1234
Sun, 6 Oct 2019,  23:20:51	012	1234
Sun, 6 Oct 2019,  23:20:51	012	1234
Sun, 6 Oct 2019,  23:20:51	012	1234
Sun, 6 Oct 2019,  23:20:51	012	1234
Sun, 6 Oct 2019,  23:20:51	012	1234
Sun, 6 Oct 2019,  23:20:51	012	1234
Sun, 6 Oct 2019,  23:20:51	012	1234
Sun, 6 Oct 2019,  23:20:52	012	1234
Sun, 6 Oct 2019,  23:20:52	012	1234
Sun, 6 Oct 2019,  23:20:52	012	1234
Sun, 6 Oct 2019,  23:20:52	012	1234
Sun, 6 Oct 2019,  23:20:52	012	1234
Sun, 6 Oct 2019,  23:20:52	012	1234
Sun, 6 Oct 2019,  23:20:52	012	1234
Sun, 6 Oct 2019,  23:20:53	012	1234
Sun, 6 Oct 2019,  23:20:53	012	1234
Sun, 6 Oct 2019,  23:20:53	012	1234
Sun, 6 Oct 2019,  23:20:53	012	1234
Sun, 6 Oct 2019,  23:20:53	012	1234
Sun, 6 Oct 2019,  23:20:55	012	1234
Sun, 6 Oct 2019,  23:20:55	012	1234
Sun, 6 Oct 2019,  23:20:55	012	1234
Sun, 6 Oct 2019,  23:20:55	012	1234
Sun, 6 Oct 2019,  23:20:55	012	1234
Sun, 6 Oct 2019,  23:20:55	012	1234
Sun, 6 Oct 2019,  23:20:55	012	1234
Sun, 6 Oct 2019,  23:20:55	012	1234
Sun, 6 Oct 2019,  23:20:55	012	1234
Sun, 6 Oct 2019,  23:20:55	012	1234
Sun, 6 Oct 2019,  23:20:55	012	1234
Sun, 6 Oct 2019,  23:20:55	012	1234
Sun, 6 Oct 2019,  23:20:56	012	1234
Sun, 6 Oct 2019,  23:20:56	012	1234
Sun, 6 Oct 2019,  23:20:56	012	1234
Sun, 6 Oct 2019,  23:20:56	012	1234
Sun, 6 Oct 2019,  23:20:56	012	1234
Sun, 6 Oct 2019,  23:20:56	012	1234
Sun, 6 Oct 2019,  23:20:56	012	1234
Sun, 6 Oct 2019,  23:20:56	012	1234
Sun, 6 Oct 2019,  23:20:56	012	1234
Sun, 6 Oct 2019,  23:20:56	012	1234
Sun, 6 Oct 2019,  23:20:56	012	1234
Sun, 6 Oct 2019,  23:20:56	012	1234
Sun, 6 Oct 2019,  23:20:56	012	1234
Sun, 6 Oct 2019,  23:20:56	012	1234
Sun, 6 Oct 2019,  23:20:56	012	1234
Sun, 6 Oct 2019,  23:20:56	012	1234
Sun, 6 Oct 2019,  23:20:56	012	1234
Sun, 6 Oct 2019,  23:20:56	012	1234
Sun, 6 Oct 2019,  23:20:56	012	1234
Sun, 6 Oct 2019,  23:20:56	012	1234
Sun, 6 Oct 2019,  23:20:56	012	1234
Sun, 6 Oct 2019,  23:20:56	012	1234
Sun, 6 Oct 2019,  23:20:56	012	1234
Sun, 6 Oct 2019,  23:20:56	012	1234
Sun, 6 Oct 2019,  23:20:56	012	1234
Sun, 6 Oct 2019,  23:20:57	012	1234
Sun, 6 Oct 2019,  23:20:57	012	1234
Sun, 6 Oct 2019,  23:20:57	012	1234
Sun, 6 Oct 2019,  23:20:57	012	1234
Sun, 6 Oct 2019,  23:20:57	012	1234
Sun, 6 Oct 2019,  23:20:57	012	1234
Sun, 6 Oct 2019,  23:20:57	012	1234
Sun, 6 Oct 2019,  23:20:57	012	1234
Sun, 6 Oct 2019,  23:20:57	012	1234
Sun, 6 Oct 2019,  23:20:57	012	1234
Sun, 6 Oct 2019,  23:20:57	012	1234
Sun, 6 Oct 2019,  23:20:57	012	1234
Sun, 6 Oct 2019,  23:20:57	012	1234
Sun, 6 Oct 2019,  23:20:57	012	1234
Sun, 6 Oct 2019,  23:20:57	012	1234
Sun, 6 Oct 2019,  23:20:57	012	1234
Sun, 6 Oct 2019,  23:20:57	012	1234
Sun, 6 Oct 2019,  23:20:57	012	1234
Sun, 6 Oct 2019,  23:20:57	012	1234
Sun, 6 Oct 2019,  23:20:57	012	1234
Sun, 6 Oct 2019,  23:20:57	012	1234
Sun, 6 Oct 2019,  23:20:57	012	1234
Sun, 6 Oct 2019,  23:20:57	012	1234
Sun, 6 Oct 2019,  23:20:57	012	1234
Sun, 6 Oct 2019,  23:20:57	012	1234
Sun, 6 Oct 2019,  23:20:57	012	1234
Sun, 6 Oct 2019,  23:20:57	012	1234
Sun, 6 Oct 2019,  23:20:57	012	1234
Sun, 6 Oct 2019,  23:20:57	012	1234
Sun, 6 Oct 2019,  23:20:57	012	1234
Sun, 6 Oct 2019,  23:20:57	012	1234
Sun, 6 Oct 2019,  23:20:57	012	1234
Sun, 6 Oct 2019,  23:20:58	012	1234
Sun, 6 Oct 2019,  23:20:58	012	1234
Sun, 6 Oct 2019,  23:20:58	012	1234
Sun, 6 Oct 2019,  23:20:58	012	1234
Sun, 6 Oct 2019,  23:20:58	012	1234
Sun, 6 Oct 2019,  23:20:58	012	1234
Sun, 6 Oct 2019,  23:20:58	012	1234
Sun, 6 Oct 2019,  23:20:58	012	1234
Sun, 6 Oct 2019,  23:20:58	012	1234
Sun, 6 Oct 2019,  23:20:58	012	1234
Sun, 6 Oct 2019,  23:20:58	012	1234
Sun, 6 Oct 2019,  23:20:58	012	1234
Sun, 6 Oct 2019,  23:20:58	012	1234
Sun, 6 Oct 2019,  23:20:58	012	1234
Sun, 6 Oct 2019,  23:20:58	012	1234
Sun, 6 Oct 2019,  23:20:58	012	1234
Sun, 6 Oct 2019,  23:20:58	012	1234
Sun, 6 Oct 2019,  23:20:58	012	1234
Sun, 6 Oct 2019,  23:20:58	012	1234
Sun, 6 Oct 2019,  23:20:58	012	1234
Sun, 6 Oct 2019,  23:20:58	012	1234
Sun, 6 Oct 2019,  23:20:58	012	1234
Sun, 6 Oct 2019,  23:20:58	012	1234
Sun, 6 Oct 2019,  23:20:58	012	1234
Sun, 6 Oct 2019,  23:20:58	012	1234
Sun, 6 Oct 2019,  23:20:58	012	1234
Sun, 6 Oct 2019,  23:20:58	012	1234
Sun, 6 Oct 2019,  23:20:58	012	1234
Sun, 6 Oct 2019,  23:20:58	012	1234
Sun, 6 Oct 2019,  23:20:58	012	1234
Sun, 6 Oct 2019,  23:20:59	012	1234
Sun, 6 Oct 2019,  23:20:59	012	1234
Sun, 6 Oct 2019,  23:20:59	012	1234
Sun, 6 Oct 2019,  23:20:59	012	1234
Sun, 6 Oct 2019,  23:20:59	012	1234
Sun, 6 Oct 2019,  23:20:59	012	1234
Sun, 6 Oct 2019,  23:20:59	012	1234
Sun, 6 Oct 2019,  23:20:59	012	1234
Sun, 6 Oct 2019,  23:20:59	012	1234
Sun, 6 Oct 2019,  23:20:59	012	1234
Sun, 6 Oct 2019,  23:20:59	012	1234
Sun, 6 Oct 2019,  23:20:59	012	1234
Sun, 6 Oct 2019,  23:20:59	012	1234
Sun, 6 Oct 2019,  23:20:59	012	1234
Sun, 6 Oct 2019,  23:20:59	012	1234
Sun, 6 Oct 2019,  23:20:59	012	1234
Sun, 6 Oct 2019,  23:20:59	012	1234
Sun, 6 Oct 2019,  23:20:59	012	1234
Sun, 6 Oct 2019,  23:20:59	012	1234
Sun, 6 Oct 2019,  23:20:59	012	1234
Sun, 6 Oct 2019,  23:20:59	012	1234
Sun, 6 Oct 2019,  23:20:59	012	1234
Sun, 6 Oct 2019,  23:21:00	012	1234
Sun, 6 Oct 2019,  23:21:00	012	1234
Sun, 6 Oct 2019,  23:21:00	012	1234
Sun, 6 Oct 2019,  23:21:00	012	1234
Sun, 6 Oct 2019,  23:21:00	012	1234
Sun, 6 Oct 2019,  23:21:00	012	1234
Sun, 6 Oct 2019,  23:21:00	012	1234
Sun, 6 Oct 2019,  23:21:00	012	1234
Sun, 6 Oct 2019,  23:21:00	012	1234
Sun, 6 Oct 2019,  23:21:00	012	1234
Sun, 6 Oct 2019,  23:21:00	012	1234
Sun, 6 Oct 2019,  23:21:01	012	1234
Sun, 6 Oct 2019,  23:21:01	012	1234
Sun, 6 Oct 2019,  23:21:01	012	1234
Sun, 6 Oct 2019,  23:21:01	012	1234
Sun, 6 Oct 2019,  23:21:01	012	1234
Sun, 6 Oct 2019,  23:21:01	012	1234
Sun, 6 Oct 2019,  23:21:01	012	1234
Sun, 6 Oct 2019,  23:21:01	012	1234
Sun, 6 Oct 2019,  23:21:01	012	1234
Sun, 6 Oct 2019,  23:21:01	012	1234
Sun, 6 Oct 2019,  23:21:01	012	1234
Sun, 6 Oct 2019,  23:21:01	012	1234
Sun, 6 Oct 2019,  23:21:01	012	1234
Sun, 6 Oct 2019,  23:21:01	012	1234
Sun, 6 Oct 2019,  23:21:01	012	1234
Sun, 6 Oct 2019,  23:21:01	012	1234
Sun, 6 Oct 2019,  23:21:01	012	1234
Sun, 6 Oct 2019,  23:21:01	012	1234
Sun, 6 Oct 2019,  23:21:01	012	1234
Sun, 6 Oct 2019,  23:21:01	012	1234
Sun, 6 Oct 2019,  23:21:01	012	1234
Sun, 6 Oct 2019,  23:21:01	012	1234
Sun, 6 Oct 2019,  23:21:01	012	1234
Sun, 6 Oct 2019,  23:21:01	012	1234
Sun, 6 Oct 2019,  23:21:01	012	1234
Sun, 6 Oct 2019,  23:21:01	012	1234
Sun, 6 Oct 2019,  23:21:01	012	1234
Sun, 6 Oct 2019,  23:21:01	012	1234
Sun, 6 Oct 2019,  23:21:01	012	1234
Sun, 6 Oct 2019,  23:21:02	012	1234
Sun, 6 Oct 2019,  23:21:02	012	1234
Sun, 6 Oct 2019,  23:21:02	012	1234
Sun, 6 Oct 2019,  23:21:02	012	1234
Sun, 6 Oct 2019,  23:21:02	012	1234
Sun, 6 Oct 2019,  23:21:02	012	1234
Sun, 6 Oct 2019,  23:21:02	012	1234
Sun, 6 Oct 2019,  23:21:02	012	1234
Sun, 6 Oct 2019,  23:21:02	012	1234
Sun, 6 Oct 2019,  23:21:02	012	1234
Sun, 6 Oct 2019,  23:21:02	012	1234
Sun, 6 Oct 2019,  23:21:02	012	1234
Sun, 6 Oct 2019,  23:21:03	012	1234
Sun, 6 Oct 2019,  23:21:03	012	1234
Sun, 6 Oct 2019,  23:21:03	012	1234
Sun, 6 Oct 2019,  23:21:03	012	1234
Sun, 6 Oct 2019,  23:21:03	012	1234
Sun, 6 Oct 2019,  23:21:04	012	1234
Sun, 6 Oct 2019,  23:21:04	012	1234
Sun, 6 Oct 2019,  23:21:04	012	1234
Sun, 6 Oct 2019,  23:21:04	012	1234
Sun, 6 Oct 2019,  23:21:04	012	1234
Sun, 6 Oct 2019,  23:21:04	012	1234
Sun, 6 Oct 2019,  23:21:04	012	1234
Sun, 6 Oct 2019,  23:21:04	012	1234
Sun, 6 Oct 2019,  23:21:04	012	1234
Sun, 6 Oct 2019,  23:21:04	012	1234
Sun, 6 Oct 2019,  23:21:04	012	1234
Sun, 6 Oct 2019,  23:21:04	012	1234
Sun, 6 Oct 2019,  23:21:04	012	1234
Sun, 6 Oct 2019,  23:21:08	012	1234
Sun, 6 Oct 2019,  23:21:08	012	1234
Sun, 6 Oct 2019,  23:21:08	012	1234
Sun, 6 Oct 2019,  23:21:08	012	1234
Sun, 6 Oct 2019,  23:21:08	012	1234
Sun, 6 Oct 2019,  23:21:08	012	1234
Sun, 6 Oct 2019,  23:21:08	012	1234
Sun, 6 Oct 2019,  23:21:08	012	1234
Sun, 6 Oct 2019,  23:21:08	012	1234
Sun, 6 Oct 2019,  23:21:08	012	1234
Sun, 6 Oct 2019,  23:21:08	012	1234
Sun, 6 Oct 2019,  23:21:08	012	1234
Sun, 6 Oct 2019,  23:21:08	012	1234
Sun, 6 Oct 2019,  23:21:09	012	1234
Sun, 6 Oct 2019,  23:21:09	012	1234
Sun, 6 Oct 2019,  23:21:09	012	1234
Sun, 6 Oct 2019,  23:21:09	012	1234
Sun, 6 Oct 2019,  23:21:09	012	1234
Sun, 6 Oct 2019,  23:21:09	012	1234
Sun, 6 Oct 2019,  23:21:09	012	1234
Sun, 6 Oct 2019,  23:21:09	012	1234
Sun, 6 Oct 2019,  23:21:10	012	1234
Sun, 6 Oct 2019,  23:21:10	012	1234
Sun, 6 Oct 2019,  23:21:10	012	1234
Sun, 6 Oct 2019,  23:21:10	012	1234
Sun, 6 Oct 2019,  23:21:10	012	1234
Sun, 6 Oct 2019,  23:21:10	012	1234
Sun, 6 Oct 2019,  23:21:10	012	1234
Sun, 6 Oct 2019,  23:21:10	012	1234
Sun, 6 Oct 2019,  23:21:10	012	1234
Sun, 6 Oct 2019,  23:21:10	012	1234
Sun, 6 Oct 2019,  23:21:10	012	1234
Sun, 6 Oct 2019,  23:21:10	012	1234
Sun, 6 Oct 2019,  23:21:10	012	1234
Sun, 6 Oct 2019,  23:21:10	012	1234
Sun, 6 Oct 2019,  23:21:10	012	1234
Sun, 6 Oct 2019,  23:21:10	012	1234
Sun, 6 Oct 2019,  23:21:10	012	1234
Sun, 6 Oct 2019,  23:21:10	012	1234
Sun, 6 Oct 2019,  23:21:10	012	1234
Sun, 6 Oct 2019,  23:21:10	012	1234
Sun, 6 Oct 2019,  23:21:10	012	1234
Sun, 6 Oct 2019,  23:21:10	012	1234
Sun, 6 Oct 2019,  23:21:10	012	1234
Sun, 6 Oct 2019,  23:21:10	012	1234
Sun, 6 Oct 2019,  23:21:10	012	1234
Sun, 6 Oct 2019,  23:21:10	012	1234
Sun, 6 Oct 2019,  23:21:10	012	1234
Sun, 6 Oct 2019,  23:21:10	012	1234
Sun, 6 Oct 2019,  23:21:10	012	1234
Sun, 6 Oct 2019,  23:21:10	012	1234
Sun, 6 Oct 2019,  23:21:10	012	1234
Sun, 6 Oct 2019,  23:21:10	012	1234
Sun, 6 Oct 2019,  23:21:10	012	1234
Sun, 6 Oct 2019,  23:21:10	012	1234
Sun, 6 Oct 2019,  23:21:10	012	1234
Sun, 6 Oct 2019,  23:21:10	012	1234
Sun, 6 Oct 2019,  23:21:11	012	1234
Sun, 6 Oct 2019,  23:21:11	012	1234
Sun, 6 Oct 2019,  23:21:11	012	1234
Sun, 6 Oct 2019,  23:21:11	012	1234
Sun, 6 Oct 2019,  23:21:11	012	1234
Sun, 6 Oct 2019,  23:21:11	012	1234
Sun, 6 Oct 2019,  23:21:11	012	1234
Sun, 6 Oct 2019,  23:21:11	012	1234
Sun, 6 Oct 2019,  23:21:11	012	1234
Sun, 6 Oct 2019,  23:21:11	012	1234
Sun, 6 Oct 2019,  23:21:11	012	1234
Sun, 6 Oct 2019,  23:21:11	012	1234
Sun, 6 Oct 2019,  23:21:11	012	1234
Sun, 6 Oct 2019,  23:21:11	012	1234
Sun, 6 Oct 2019,  23:21:11	012	1234
Sun, 6 Oct 2019,  23:21:11	012	1234
Sun, 6 Oct 2019,  23:21:11	012	1234
Sun, 6 Oct 2019,  23:21:11	012	1234
Sun, 6 Oct 2019,  23:21:11	012	1234
Sun, 6 Oct 2019,  23:21:11	012	1234
Sun, 6 Oct 2019,  23:21:11	012	1234
Sun, 6 Oct 2019,  23:21:11	012	1234
Sun, 6 Oct 2019,  23:21:11	012	1234
Sun, 6 Oct 2019,  23:21:11	012	1234
Sun, 6 Oct 2019,  23:21:11	012	1234
Sun, 6 Oct 2019,  23:21:11	012	1234
Sun, 6 Oct 2019,  23:21:11	012	1234
Sun, 6 Oct 2019,  23:21:11	012	1234
Sun, 6 Oct 2019,  23:21:11	012	1234
Sun, 6 Oct 2019,  23:21:11	012	1234
Sun, 6 Oct 2019,  23:21:11	012	1234
Sun, 6 Oct 2019,  23:21:11	012	1234
Sun, 6 Oct 2019,  23:21:11	012	1234
Sun, 6 Oct 2019,  23:21:11	012	1234
Sun, 6 Oct 2019,  23:21:11	012	1234
Sun, 6 Oct 2019,  23:21:11	012	1234
Sun, 6 Oct 2019,  23:21:11	012	1234
Sun, 6 Oct 2019,  23:21:11	012	1234
Sun, 6 Oct 2019,  23:21:12	012	1234
Sun, 6 Oct 2019,  23:21:12	012	1234
Sun, 6 Oct 2019,  23:21:12	012	1234
Sun, 6 Oct 2019,  23:21:12	012	1234
Sun, 6 Oct 2019,  23:21:12	012	1234
Sun, 6 Oct 2019,  23:21:12	012	1234
Sun, 6 Oct 2019,  23:21:12	012	1234
Sun, 6 Oct 2019,  23:21:12	012	1234
Sun, 6 Oct 2019,  23:21:12	012	1234
Sun, 6 Oct 2019,  23:21:12	012	1234
Sun, 6 Oct 2019,  23:21:12	012	1234
Sun, 6 Oct 2019,  23:21:12	012	1234
Sun, 6 Oct 2019,  23:21:12	012	1234
Sun, 6 Oct 2019,  23:21:12	012	1234
Sun, 6 Oct 2019,  23:21:12	012	1234
Sun, 6 Oct 2019,  23:21:12	012	1234
Sun, 6 Oct 2019,  23:21:12	012	1234
Sun, 6 Oct 2019,  23:21:12	012	1234
Sun, 6 Oct 2019,  23:21:12	012	1234
Sun, 6 Oct 2019,  23:21:12	012	1234
Sun, 6 Oct 2019,  23:21:12	012	1234
Sun, 6 Oct 2019,  23:21:12	012	1234
Sun, 6 Oct 2019,  23:21:12	012	1234
Sun, 6 Oct 2019,  23:21:13	012	1234
Sun, 6 Oct 2019,  23:21:13	012	1234
Sun, 6 Oct 2019,  23:21:13	012	1234
Sun, 6 Oct 2019,  23:21:13	012	1234
Sun, 6 Oct 2019,  23:21:13	012	1234
Sun, 6 Oct 2019,  23:21:13	012	1234
Sun, 6 Oct 2019,  23:21:13	012	1234
Sun, 6 Oct 2019,  23:21:13	012	1234
Sun, 6 Oct 2019,  23:21:13	012	1234
Sun, 6 Oct 2019,  23:21:13	012	1234
Sun, 6 Oct 2019,  23:21:13	012	1234
Sun, 6 Oct 2019,  23:21:13	012	1234
Sun, 6 Oct 2019,  23:21:14	012	1234
Sun, 6 Oct 2019,  23:21:14	012	1234
Sun, 6 Oct 2019,  23:21:14	012	1234
Sun, 6 Oct 2019,  23:21:14	012	1234
Sun, 6 Oct 2019,  23:21:14	012	1234
Sun, 6 Oct 2019,  23:21:14	012	1234
Sun, 6 Oct 2019,  23:21:14	012	1234
Sun, 6 Oct 2019,  23:21:14	012	1234
Sun, 6 Oct 2019,  23:21:14	012	1234
Sun, 6 Oct 2019,  23:21:14	012	1234
Sun, 6 Oct 2019,  23:21:14	012	1234
Sun, 6 Oct 2019,  23:21:14	012	1234
Sun, 6 Oct 2019,  23:21:14	012	1234
Sun, 6 Oct 2019,  23:21:14	012	1234
Sun, 6 Oct 2019,  23:21:14	012	1234
Sun, 6 Oct 2019,  23:21:14	012	1234
Sun, 6 Oct 2019,  23:21:14	012	1234
Sun, 6 Oct 2019,  23:21:14	012	1234
Sun, 6 Oct 2019,  23:21:14	012	1234
Sun, 6 Oct 2019,  23:21:14	012	1234
Sun, 6 Oct 2019,  23:21:14	012	1234
Sun, 6 Oct 2019,  23:21:14	012	1234
Sun, 6 Oct 2019,  23:21:14	012	1234
Sun, 6 Oct 2019,  23:21:14	012	1234
Sun, 6 Oct 2019,  23:21:14	012	1234
Sun, 6 Oct 2019,  23:21:14	012	1234
Sun, 6 Oct 2019,  23:21:14	012	1234
Sun, 6 Oct 2019,  23:21:14	012	1234
Sun, 6 Oct 2019,  23:21:14	012	1234
Sun, 6 Oct 2019,  23:21:14	012	1234
Sun, 6 Oct 2019,  23:21:14	012	1234
Sun, 6 Oct 2019,  23:21:14	012	1234
Sun, 6 Oct 2019,  23:21:14	012	1234
Sun, 6 Oct 2019,  23:21:14	012	1234
Sun, 6 Oct 2019,  23:21:14	012	1234
Sun, 6 Oct 2019,  23:21:15	012	1234
Sun, 6 Oct 2019,  23:21:15	012	1234
Sun, 6 Oct 2019,  23:21:15	012	1234
Sun, 6 Oct 2019,  23:21:15	012	1234
Sun, 6 Oct 2019,  23:21:15	012	1234
Sun, 6 Oct 2019,  23:21:15	012	1234
Sun, 6 Oct 2019,  23:21:15	012	1234
Sun, 6 Oct 2019,  23:21:15	012	1234
Sun, 6 Oct 2019,  23:21:15	012	1234
Sun, 6 Oct 2019,  23:21:15	012	1234
Sun, 6 Oct 2019,  23:21:15	012	1234
Sun, 6 Oct 2019,  23:21:15	012	1234
Sun, 6 Oct 2019,  23:21:15	012	1234
Sun, 6 Oct 2019,  23:21:15	012	1234
Sun, 6 Oct 2019,  23:21:15	012	1234
Sun, 6 Oct 2019,  23:21:15	012	1234
Sun, 6 Oct 2019,  23:21:15	012	1234
Sun, 6 Oct 2019,  23:21:15	012	1234
Sun, 6 Oct 2019,  23:21:15	012	1234
Sun, 6 Oct 2019,  23:21:16	012	1234
Sun, 6 Oct 2019,  23:21:16	012	1234
Sun, 6 Oct 2019,  23:21:16	012	1234
Sun, 6 Oct 2019,  23:21:16	012	1234
Sun, 6 Oct 2019,  23:21:16	012	1234
Sun, 6 Oct 2019,  23:21:16	012	1234
Sun, 6 Oct 2019,  23:21:16	012	1234
Sun, 6 Oct 2019,  23:21:16	012	1234
Sun, 6 Oct 2019,  23:21:16	012	1234
Sun, 6 Oct 2019,  23:21:16	012	1234
Sun, 6 Oct 2019,  23:21:16	012	1234
Sun, 6 Oct 2019,  23:21:16	012	1234
Sun, 6 Oct 2019,  23:21:16	012	1234
Sun, 6 Oct 2019,  23:21:16	012	1234
Sun, 6 Oct 2019,  23:21:16	012	1234
Sun, 6 Oct 2019,  23:21:16	012	1234
Sun, 6 Oct 2019,  23:21:16	012	1234
Sun, 6 Oct 2019,  23:21:16	012	1234
Sun, 6 Oct 2019,  23:21:16	012	1234
Sun, 6 Oct 2019,  23:21:16	012	1234
Sun, 6 Oct 2019,  23:21:16	012	1234
Sun, 6 Oct 2019,  23:21:16	012	1234
Sun, 6 Oct 2019,  23:21:19	012	1234
Sun, 6 Oct 2019,  23:21:19	012	1234
Sun, 6 Oct 2019,  23:21:19	012	1234
Sun, 6 Oct 2019,  23:21:19	012	1234
Sun, 6 Oct 2019,  23:21:19	012	1234
Sun, 6 Oct 2019,  23:21:19	012	1234
Sun, 6 Oct 2019,  23:21:19	012	1234
Sun, 6 Oct 2019,  23:21:19	012	1234
Sun, 6 Oct 2019,  23:21:19	012	1234
Sun, 6 Oct 2019,  23:21:19	012	1234
Sun, 6 Oct 2019,  23:21:19	012	1234
Sun, 6 Oct 2019,  23:21:19	012	1234
Sun, 6 Oct 2019,  23:21:19	012	1234
Sun, 6 Oct 2019,  23:21:19	012	1234
Sun, 6 Oct 2019,  23:21:19	012	1234
Sun, 6 Oct 2019,  23:21:19	012	1234
Sun, 6 Oct 2019,  23:21:19	012	1234
Sun, 6 Oct 2019,  23:21:19	012	1234
Sun, 6 Oct 2019,  23:21:19	012	1234
Sun, 6 Oct 2019,  23:21:19	012	1234
Sun, 6 Oct 2019,  23:21:19	012	1234
Sun, 6 Oct 2019,  23:21:19	012	1234
Sun, 6 Oct 2019,  23:21:19	012	1234
Sun, 6 Oct 2019,  23:21:19	012	1234
Sun, 6 Oct 2019,  23:21:19	012	1234
Sun, 6 Oct 2019,  23:21:19	012	1234
Sun, 6 Oct 2019,  23:21:19	012	1234
Sun, 6 Oct 2019,  23:21:20	012	1234
Sun, 6 Oct 2019,  23:21:20	012	1234
Sun, 6 Oct 2019,  23:21:20	012	1234
Sun, 6 Oct 2019,  23:21:20	012	1234
Sun, 6 Oct 2019,  23:21:20	012	1234
Sun, 6 Oct 2019,  23:21:20	012	1234
Sun, 6 Oct 2019,  23:21:20	012	1234
Sun, 6 Oct 2019,  23:21:20	012	1234
Sun, 6 Oct 2019,  23:21:20	012	1234
Sun, 6 Oct 2019,  23:21:20	012	1234
Sun, 6 Oct 2019,  23:21:20	012	1234
Sun, 6 Oct 2019,  23:21:20	012	1234
Sun, 6 Oct 2019,  23:21:20	012	1234
Sun, 6 Oct 2019,  23:21:20	012	1234
Sun, 6 Oct 2019,  23:21:20	012	1234
Sun, 6 Oct 2019,  23:21:20	012	1234
Sun, 6 Oct 2019,  23:21:20	012	1234
Sun, 6 Oct 2019,  23:21:20	012	1234
Sun, 6 Oct 2019,  23:21:20	012	1234
Sun, 6 Oct 2019,  23:21:20	012	1234
Sun, 6 Oct 2019,  23:21:20	012	1234
Sun, 6 Oct 2019,  23:21:20	012	1234
Sun, 6 Oct 2019,  23:21:20	012	1234
Sun, 6 Oct 2019,  23:21:20	012	1234
Sun, 6 Oct 2019,  23:21:20	012	1234
Sun, 6 Oct 2019,  23:21:21	012	1234
Sun, 6 Oct 2019,  23:21:21	012	1234
Sun, 6 Oct 2019,  23:21:21	012	1234
Sun, 6 Oct 2019,  23:21:21	012	1234
Sun, 6 Oct 2019,  23:21:21	012	1234
Sun, 6 Oct 2019,  23:21:21	012	1234
Sun, 6 Oct 2019,  23:21:21	012	1234
Sun, 6 Oct 2019,  23:21:21	012	1234
Sun, 6 Oct 2019,  23:21:21	012	1234
Sun, 6 Oct 2019,  23:21:24	012	1234
Sun, 6 Oct 2019,  23:21:24	012	1234
Sun, 6 Oct 2019,  23:21:24	012	1234
Sun, 6 Oct 2019,  23:21:24	012	1234
Sun, 6 Oct 2019,  23:21:24	012	1234
Sun, 6 Oct 2019,  23:21:24	012	1234
Sun, 6 Oct 2019,  23:21:24	012	1234
Sun, 6 Oct 2019,  23:21:24	012	1234
Sun, 6 Oct 2019,  23:21:25	012	1234
Sun, 6 Oct 2019,  23:21:25	012	1234
Sun, 6 Oct 2019,  23:21:25	012	1234
Sun, 6 Oct 2019,  23:21:25	012	1234
Sun, 6 Oct 2019,  23:21:25	012	1234
Sun, 6 Oct 2019,  23:21:25	012	1234
Sun, 6 Oct 2019,  23:21:25	012	1234
Sun, 6 Oct 2019,  23:21:25	012	1234
Sun, 6 Oct 2019,  23:21:25	012	1234
Sun, 6 Oct 2019,  23:21:25	012	1234
Sun, 6 Oct 2019,  23:21:25	012	1234
Sun, 6 Oct 2019,  23:21:25	012	1234
Sun, 6 Oct 2019,  23:21:25	012	1234
Sun, 6 Oct 2019,  23:21:25	012	1234
Sun, 6 Oct 2019,  23:21:25	012	1234
Sun, 6 Oct 2019,  23:21:25	012	1234
Sun, 6 Oct 2019,  23:21:25	012	1234
Sun, 6 Oct 2019,  23:21:25	012	1234
Sun, 6 Oct 2019,  23:21:25	012	1234
Sun, 6 Oct 2019,  23:21:25	012	1234
Sun, 6 Oct 2019,  23:21:25	012	1234
Sun, 6 Oct 2019,  23:21:25	012	1234
Sun, 6 Oct 2019,  23:21:25	012	1234
Sun, 6 Oct 2019,  23:21:25	012	1234
Sun, 6 Oct 2019,  23:21:25	012	1234
Sun, 6 Oct 2019,  23:21:25	012	1234
Sun, 6 Oct 2019,  23:21:25	012	1234
Sun, 6 Oct 2019,  23:21:25	012	1234
Sun, 6 Oct 2019,  23:21:25	012	1234
Sun, 6 Oct 2019,  23:21:25	012	1234
Sun, 6 Oct 2019,  23:21:25	012	1234
Sun, 6 Oct 2019,  23:21:25	012	1234
Sun, 6 Oct 2019,  23:21:25	012	1234
Sun, 6 Oct 2019,  23:21:25	012	1234
Sun, 6 Oct 2019,  23:21:25	012	1234
Sun, 6 Oct 2019,  23:21:25	012	1234
Sun, 6 Oct 2019,  23:21:25	012	1234
Sun, 6 Oct 2019,  23:21:26	012	1234
Sun, 6 Oct 2019,  23:21:26	012	1234
Sun, 6 Oct 2019,  23:21:26	012	1234
Sun, 6 Oct 2019,  23:21:26	012	1234
Sun, 6 Oct 2019,  23:21:26	012	1234
Sun, 6 Oct 2019,  23:21:26	012	1234
Sun, 6 Oct 2019,  23:21:26	012	1234
Sun, 6 Oct 2019,  23:21:26	012	1234
Sun, 6 Oct 2019,  23:21:26	012	1234
Sun, 6 Oct 2019,  23:21:26	012	1234
Sun, 6 Oct 2019,  23:21:26	012	1234
Sun, 6 Oct 2019,  23:21:26	012	1234
Sun, 6 Oct 2019,  23:21:26	012	1234
Sun, 6 Oct 2019,  23:21:26	012	1234
Sun, 6 Oct 2019,  23:21:26	012	1234
Sun, 6 Oct 2019,  23:21:26	012	1234
Sun, 6 Oct 2019,  23:21:26	012	1234
Sun, 6 Oct 2019,  23:21:26	012	1234
Sun, 6 Oct 2019,  23:21:26	012	1234
Sun, 6 Oct 2019,  23:21:26	012	1234
Sun, 6 Oct 2019,  23:21:26	012	1234
Sun, 6 Oct 2019,  23:21:26	012	1234
Sun, 6 Oct 2019,  23:21:26	012	1234
Sun, 6 Oct 2019,  23:21:26	012	1234
Sun, 6 Oct 2019,  23:21:26	012	1234
Sun, 6 Oct 2019,  23:21:26	012	1234
Sun, 6 Oct 2019,  23:21:26	012	1234
Sun, 6 Oct 2019,  23:21:26	012	1234
Sun, 6 Oct 2019,  23:21:26	012	1234
Sun, 6 Oct 2019,  23:21:27	012	1234
Sun, 6 Oct 2019,  23:21:27	012	1234
Sun, 6 Oct 2019,  23:21:27	012	1234
Sun, 6 Oct 2019,  23:21:27	012	1234
Sun, 6 Oct 2019,  23:21:27	012	1234
Sun, 6 Oct 2019,  23:21:28	012	1234
Sun, 6 Oct 2019,  23:21:28	012	1234
Sun, 6 Oct 2019,  23:21:28	012	1234
Sun, 6 Oct 2019,  23:21:28	012	1234
Sun, 6 Oct 2019,  23:21:28	012	1234
Sun, 6 Oct 2019,  23:21:28	012	1234
Sun, 6 Oct 2019,  23:21:28	012	1234
Sun, 6 Oct 2019,  23:21:28	012	1234
Sun, 6 Oct 2019,  23:21:28	012	1234
Sun, 6 Oct 2019,  23:21:28	012	1234
Sun, 6 Oct 2019,  23:21:28	012	1234
Sun, 6 Oct 2019,  23:21:28	012	1234
Sun, 6 Oct 2019,  23:21:28	012	1234
Sun, 6 Oct 2019,  23:21:28	012	1234
Sun, 6 Oct 2019,  23:21:28	012	1234
Sun, 6 Oct 2019,  23:21:28	012	1234
Sun, 6 Oct 2019,  23:21:28	012	1234
Sun, 6 Oct 2019,  23:21:28	012	1234
Sun, 6 Oct 2019,  23:21:28	012	1234
Sun, 6 Oct 2019,  23:21:28	012	1234
Sun, 6 Oct 2019,  23:21:28	012	1234
Sun, 6 Oct 2019,  23:21:28	012	1234
Sun, 6 Oct 2019,  23:21:28	012	1234
Sun, 6 Oct 2019,  23:21:28	012	1234
Sun, 6 Oct 2019,  23:21:28	012	1234
Sun, 6 Oct 2019,  23:21:28	012	1234
Sun, 6 Oct 2019,  23:21:28	012	1234
Sun, 6 Oct 2019,  23:21:28	012	1234
Sun, 6 Oct 2019,  23:21:28	012	1234
Sun, 6 Oct 2019,  23:21:28	012	1234
Sun, 6 Oct 2019,  23:21:28	012	1234
Sun, 6 Oct 2019,  23:21:28	012	1234
Sun, 6 Oct 2019,  23:21:28	012	1234
Sun, 6 Oct 2019,  23:21:28	012	1234
Sun, 6 Oct 2019,  23:21:28	012	1234
Sun, 6 Oct 2019,  23:21:28	012	1234
Sun, 6 Oct 2019,  23:21:29	012	1234
Sun, 6 Oct 2019,  23:21:29	012	1234
Sun, 6 Oct 2019,  23:21:29	012	1234
Sun, 6 Oct 2019,  23:21:29	012	1234
Sun, 6 Oct 2019,  23:21:29	012	1234
Sun, 6 Oct 2019,  23:21:29	012	1234
Sun, 6 Oct 2019,  23:21:29	012	1234
Sun, 6 Oct 2019,  23:21:29	012	1234
Sun, 6 Oct 2019,  23:21:29	012	1234
Sun, 6 Oct 2019,  23:21:29	012	1234
Sun, 6 Oct 2019,  23:21:29	012	1234
Sun, 6 Oct 2019,  23:21:29	012	1234
Sun, 6 Oct 2019,  23:21:29	012	1234
Sun, 6 Oct 2019,  23:21:29	012	1234
Sun, 6 Oct 2019,  23:21:29	012	1234
Sun, 6 Oct 2019,  23:21:29	012	1234
Sun, 6 Oct 2019,  23:21:29	012	1234
Sun, 6 Oct 2019,  23:21:29	012	1234
Sun, 6 Oct 2019,  23:21:29	012	1234
Sun, 6 Oct 2019,  23:21:29	012	1234
Sun, 6 Oct 2019,  23:21:29	012	1234
Sun, 6 Oct 2019,  23:21:29	012	1234
Sun, 6 Oct 2019,  23:21:29	012	1234
Sun, 6 Oct 2019,  23:21:29	012	1234
Sun, 6 Oct 2019,  23:21:29	012	1234
Sun, 6 Oct 2019,  23:21:29	012	1234
Sun, 6 Oct 2019,  23:21:29	012	1234
Sun, 6 Oct 2019,  23:21:29	012	1234
Sun, 6 Oct 2019,  23:21:29	012	1234
Sun, 6 Oct 2019,  23:21:29	012	1234
Sun, 6 Oct 2019,  23:21:29	012	1234
Sun, 6 Oct 2019,  23:21:29	012	1234
Sun, 6 Oct 2019,  23:21:29	012	1234
Sun, 6 Oct 2019,  23:21:29	012	1234
Sun, 6 Oct 2019,  23:21:29	012	1234
Sun, 6 Oct 2019,  23:21:29	012	1234
Sun, 6 Oct 2019,  23:21:29	012	1234
Sun, 6 Oct 2019,  23:21:29	012	1234
Sun, 6 Oct 2019,  23:21:30	012	1234
Sun, 6 Oct 2019,  23:21:30	012	1234
Sun, 6 Oct 2019,  23:21:30	012	1234
Sun, 6 Oct 2019,  23:21:30	012	1234
Sun, 6 Oct 2019,  23:21:30	012	1234
Sun, 6 Oct 2019,  23:21:30	012	1234
Sun, 6 Oct 2019,  23:21:30	012	1234
Sun, 6 Oct 2019,  23:21:30	012	1234
Sun, 6 Oct 2019,  23:21:30	012	1234
Sun, 6 Oct 2019,  23:21:30	012	1234
Sun, 6 Oct 2019,  23:21:30	012	1234
Sun, 6 Oct 2019,  23:21:30	012	1234
Sun, 6 Oct 2019,  23:21:30	012	1234
Sun, 6 Oct 2019,  23:21:30	012	1234
Sun, 6 Oct 2019,  23:21:30	012	1234
Sun, 6 Oct 2019,  23:21:30	012	1234
Sun, 6 Oct 2019,  23:21:30	012	1234
Sun, 6 Oct 2019,  23:21:30	012	1234
Sun, 6 Oct 2019,  23:21:30	012	1234
Sun, 6 Oct 2019,  23:21:30	012	1234
Sun, 6 Oct 2019,  23:21:30	012	1234
Sun, 6 Oct 2019,  23:21:30	012	1234
Sun, 6 Oct 2019,  23:21:30	012	1234
Sun, 6 Oct 2019,  23:21:30	012	1234
Sun, 6 Oct 2019,  23:21:30	012	1234
Sun, 6 Oct 2019,  23:21:30	012	1234
Sun, 6 Oct 2019,  23:21:30	012	1234
Sun, 6 Oct 2019,  23:21:30	012	1234
Sun, 6 Oct 2019,  23:21:30	012	1234
Sun, 6 Oct 2019,  23:21:30	012	1234
Sun, 6 Oct 2019,  23:21:30	012	1234
Sun, 6 Oct 2019,  23:21:30	012	1234
Sun, 6 Oct 2019,  23:21:30	012	1234
Sun, 6 Oct 2019,  23:21:30	012	1234
Sun, 6 Oct 2019,  23:21:30	012	1234
Sun, 6 Oct 2019,  23:21:30	012	1234
Sun, 6 Oct 2019,  23:21:30	012	1234
Sun, 6 Oct 2019,  23:21:30	012	1234
Sun, 6 Oct 2019,  23:21:30	012	1234
Sun, 6 Oct 2019,  23:21:31	012	1234
Sun, 6 Oct 2019,  23:21:31	012	1234
Sun, 6 Oct 2019,  23:21:31	012	1234
Sun, 6 Oct 2019,  23:21:31	012	1234
Sun, 6 Oct 2019,  23:21:31	012	1234
Sun, 6 Oct 2019,  23:21:31	012	1234
Sun, 6 Oct 2019,  23:21:31	012	1234
Sun, 6 Oct 2019,  23:21:31	012	1234
Sun, 6 Oct 2019,  23:21:31	012	1234
Sun, 6 Oct 2019,  23:21:31	012	1234
Sun, 6 Oct 2019,  23:21:31	012	1234
Sun, 6 Oct 2019,  23:21:31	012	1234
Sun, 6 Oct 2019,  23:21:31	012	1234
Sun, 6 Oct 2019,  23:21:31	012	1234
Sun, 6 Oct 2019,  23:21:31	012	1234
Sun, 6 Oct 2019,  23:21:31	012	1234
Sun, 6 Oct 2019,  23:21:34	012	1234
Sun, 6 Oct 2019,  23:21:34	012	1234
Sun, 6 Oct 2019,  23:21:34	012	1234
Sun, 6 Oct 2019,  23:21:34	012	1234
Sun, 6 Oct 2019,  23:21:34	012	1234
Sun, 6 Oct 2019,  23:21:34	012	1234
Sun, 6 Oct 2019,  23:21:34	012	1234
Sun, 6 Oct 2019,  23:21:34	012	1234
Sun, 6 Oct 2019,  23:21:34	012	1234
Sun, 6 Oct 2019,  23:21:34	012	1234
Sun, 6 Oct 2019,  23:21:34	012	1234
Sun, 6 Oct 2019,  23:21:34	012	1234
Sun, 6 Oct 2019,  23:21:34	012	1234
Sun, 6 Oct 2019,  23:21:34	012	1234
Sun, 6 Oct 2019,  23:21:34	012	1234
Sun, 6 Oct 2019,  23:21:34	012	1234
Sun, 6 Oct 2019,  23:21:34	012	1234
Sun, 6 Oct 2019,  23:21:34	012	1234
Sun, 6 Oct 2019,  23:21:35	012	1234
Sun, 6 Oct 2019,  23:21:35	012	1234
Sun, 6 Oct 2019,  23:21:35	012	1234
Sun, 6 Oct 2019,  23:21:35	012	1234
Sun, 6 Oct 2019,  23:21:35	012	1234
Sun, 6 Oct 2019,  23:21:35	012	1234
Sun, 6 Oct 2019,  23:21:35	012	1234
Sun, 6 Oct 2019,  23:21:35	012	1234
Sun, 6 Oct 2019,  23:21:35	012	1234
Sun, 6 Oct 2019,  23:21:35	012	1234
Sun, 6 Oct 2019,  23:21:35	012	1234
Sun, 6 Oct 2019,  23:21:35	012	1234
Sun, 6 Oct 2019,  23:21:35	012	1234
Sun, 6 Oct 2019,  23:21:35	012	1234
Sun, 6 Oct 2019,  23:21:35	012	1234
Sun, 6 Oct 2019,  23:21:35	012	1234
Sun, 6 Oct 2019,  23:21:35	012	1234
Sun, 6 Oct 2019,  23:21:35	012	1234
Sun, 6 Oct 2019,  23:21:35	012	1234
Sun, 6 Oct 2019,  23:21:35	012	1234
Sun, 6 Oct 2019,  23:21:35	012	1234
Sun, 6 Oct 2019,  23:21:35	012	1234
Sun, 6 Oct 2019,  23:21:35	012	1234
Sun, 6 Oct 2019,  23:21:35	012	1234
Sun, 6 Oct 2019,  23:21:35	012	1234
Sun, 6 Oct 2019,  23:21:35	012	1234
Sun, 6 Oct 2019,  23:21:35	012	1234
Sun, 6 Oct 2019,  23:21:35	012	1234
Sun, 6 Oct 2019,  23:21:35	012	1234
Sun, 6 Oct 2019,  23:21:35	012	1234
Sun, 6 Oct 2019,  23:21:35	012	1234
Sun, 6 Oct 2019,  23:21:35	012	1234
Sun, 6 Oct 2019,  23:21:35	012	1234
Sun, 6 Oct 2019,  23:21:35	012	1234
Sun, 6 Oct 2019,  23:21:35	012	1234
Sun, 6 Oct 2019,  23:21:36	012	1234
Sun, 6 Oct 2019,  23:21:36	012	1234
Sun, 6 Oct 2019,  23:21:36	012	1234
Sun, 6 Oct 2019,  23:21:36	012	1234
Sun, 6 Oct 2019,  23:21:36	012	1234
Sun, 6 Oct 2019,  23:21:36	012	1234
Sun, 6 Oct 2019,  23:21:36	012	1234
Sun, 6 Oct 2019,  23:21:36	012	1234
Sun, 6 Oct 2019,  23:21:36	012	1234
Sun, 6 Oct 2019,  23:21:36	012	1234
Sun, 6 Oct 2019,  23:21:36	012	1234
Sun, 6 Oct 2019,  23:21:36	012	1234
Sun, 6 Oct 2019,  23:21:36	012	1234
Sun, 6 Oct 2019,  23:21:37	012	1234
Sun, 6 Oct 2019,  23:21:37	012	1234
Sun, 6 Oct 2019,  23:21:37	012	1234
Sun, 6 Oct 2019,  23:21:37	012	1234
Sun, 6 Oct 2019,  23:21:37	012	1234
Sun, 6 Oct 2019,  23:21:37	012	1234
Sun, 6 Oct 2019,  23:21:37	012	1234
Sun, 6 Oct 2019,  23:21:37	012	1234
Sun, 6 Oct 2019,  23:21:37	012	1234
Sun, 6 Oct 2019,  23:21:37	012	1234
Sun, 6 Oct 2019,  23:21:37	012	1234
Sun, 6 Oct 2019,  23:21:37	012	1234
Sun, 6 Oct 2019,  23:21:37	012	1234
Sun, 6 Oct 2019,  23:21:37	012	1234
Sun, 6 Oct 2019,  23:21:37	012	1234
Sun, 6 Oct 2019,  23:21:37	012	1234
Sun, 6 Oct 2019,  23:21:37	012	1234
Sun, 6 Oct 2019,  23:21:37	012	1234
Sun, 6 Oct 2019,  23:21:37	012	1234
Sun, 6 Oct 2019,  23:21:37	012	1234
Sun, 6 Oct 2019,  23:21:37	012	1234
Sun, 6 Oct 2019,  23:21:37	012	1234
Sun, 6 Oct 2019,  23:21:37	012	1234
Sun, 6 Oct 2019,  23:21:37	012	1234
Sun, 6 Oct 2019,  23:21:37	012	1234
Sun, 6 Oct 2019,  23:21:37	012	1234
Sun, 6 Oct 2019,  23:21:37	012	1234
Sun, 6 Oct 2019,  23:21:37	012	1234
Sun, 6 Oct 2019,  23:21:37	012	1234
Sun, 6 Oct 2019,  23:21:37	012	1234
Sun, 6 Oct 2019,  23:21:37	012	1234
Sun, 6 Oct 2019,  23:21:38	012	1234
Sun, 6 Oct 2019,  23:21:38	012	1234
Sun, 6 Oct 2019,  23:21:38	012	1234
Sun, 6 Oct 2019,  23:21:38	012	1234
Sun, 6 Oct 2019,  23:21:38	012	1234
Sun, 6 Oct 2019,  23:21:38	012	1234
Sun, 6 Oct 2019,  23:21:38	012	1234
Sun, 6 Oct 2019,  23:21:41	012	1234
Sun, 6 Oct 2019,  23:21:41	012	1234
Sun, 6 Oct 2019,  23:21:41	012	1234
Sun, 6 Oct 2019,  23:21:41	012	1234
Sun, 6 Oct 2019,  23:21:41	012	1234
Sun, 6 Oct 2019,  23:21:41	012	1234
Sun, 6 Oct 2019,  23:21:41	012	1234
Sun, 6 Oct 2019,  23:21:41	012	1234
Sun, 6 Oct 2019,  23:21:41	012	1234
Sun, 6 Oct 2019,  23:21:41	012	1234
Sun, 6 Oct 2019,  23:21:41	012	1234
Sun, 6 Oct 2019,  23:21:41	012	1234
Sun, 6 Oct 2019,  23:21:41	012	1234
Sun, 6 Oct 2019,  23:21:41	012	1234
Sun, 6 Oct 2019,  23:21:41	012	1234
Sun, 6 Oct 2019,  23:21:41	012	1234
Sun, 6 Oct 2019,  23:21:41	012	1234
Sun, 6 Oct 2019,  23:21:41	012	1234
Sun, 6 Oct 2019,  23:21:41	012	1234
Sun, 6 Oct 2019,  23:21:41	012	1234
Sun, 6 Oct 2019,  23:21:41	012	1234
Sun, 6 Oct 2019,  23:21:41	012	1234
Sun, 6 Oct 2019,  23:21:42	012	1234
Sun, 6 Oct 2019,  23:21:42	012	1234
Sun, 6 Oct 2019,  23:21:42	012	1234
Sun, 6 Oct 2019,  23:21:42	012	1234
Sun, 6 Oct 2019,  23:21:42	012	1234
Sun, 6 Oct 2019,  23:21:42	012	1234
Sun, 6 Oct 2019,  23:21:42	012	1234
Sun, 6 Oct 2019,  23:21:42	012	1234
Sun, 6 Oct 2019,  23:21:42	012	1234
Sun, 6 Oct 2019,  23:21:42	012	1234
Sun, 6 Oct 2019,  23:21:42	012	1234
Sun, 6 Oct 2019,  23:21:42	012	1234
Sun, 6 Oct 2019,  23:21:42	012	1234
Sun, 6 Oct 2019,  23:21:42	012	1234
Sun, 6 Oct 2019,  23:21:42	012	1234
Sun, 6 Oct 2019,  23:21:42	012	1234
Sun, 6 Oct 2019,  23:21:42	012	1234
Sun, 6 Oct 2019,  23:21:42	012	1234
Sun, 6 Oct 2019,  23:21:42	012	1234
Sun, 6 Oct 2019,  23:21:42	012	1234
Sun, 6 Oct 2019,  23:21:42	012	1234
Sun, 6 Oct 2019,  23:21:42	012	1234
Sun, 6 Oct 2019,  23:21:42	012	1234
Sun, 6 Oct 2019,  23:21:42	012	1234
Sun, 6 Oct 2019,  23:21:42	012	1234
Sun, 6 Oct 2019,  23:21:42	012	1234
Sun, 6 Oct 2019,  23:21:42	012	1234
Sun, 6 Oct 2019,  23:21:42	012	1234
Sun, 6 Oct 2019,  23:21:42	012	1234
Sun, 6 Oct 2019,  23:21:42	012	1234
Sun, 6 Oct 2019,  23:21:42	012	1234
Sun, 6 Oct 2019,  23:21:42	012	1234
Sun, 6 Oct 2019,  23:21:42	012	1234
Sun, 6 Oct 2019,  23:21:42	012	1234
Sun, 6 Oct 2019,  23:21:42	012	1234
Sun, 6 Oct 2019,  23:21:42	012	1234
Sun, 6 Oct 2019,  23:21:42	012	1234
Sun, 6 Oct 2019,  23:21:43	012	1234
Sun, 6 Oct 2019,  23:21:43	012	1234
Sun, 6 Oct 2019,  23:21:43	012	1234
Sun, 6 Oct 2019,  23:21:43	012	1234
Sun, 6 Oct 2019,  23:21:43	012	1234
Sun, 6 Oct 2019,  23:21:43	012	1234
Sun, 6 Oct 2019,  23:21:43	012	1234
Sun, 6 Oct 2019,  23:21:43	012	1234
Sun, 6 Oct 2019,  23:21:43	012	1234
Sun, 6 Oct 2019,  23:21:43	012	1234
Sun, 6 Oct 2019,  23:21:43	012	1234
Sun, 6 Oct 2019,  23:21:43	012	1234
Sun, 6 Oct 2019,  23:21:43	012	1234
Sun, 6 Oct 2019,  23:21:43	012	1234
Sun, 6 Oct 2019,  23:21:43	012	1234
Sun, 6 Oct 2019,  23:21:43	012	1234
Sun, 6 Oct 2019,  23:21:43	012	1234
Sun, 6 Oct 2019,  23:21:43	012	1234
Sun, 6 Oct 2019,  23:21:43	012	1234
Sun, 6 Oct 2019,  23:21:43	012	1234
Sun, 6 Oct 2019,  23:21:43	012	1234
Sun, 6 Oct 2019,  23:21:43	012	1234
Sun, 6 Oct 2019,  23:21:43	012	1234
Sun, 6 Oct 2019,  23:21:43	012	1234
Sun, 6 Oct 2019,  23:21:43	012	1234
Sun, 6 Oct 2019,  23:21:43	012	1234
Sun, 6 Oct 2019,  23:21:43	012	1234
Sun, 6 Oct 2019,  23:21:43	012	1234
Sun, 6 Oct 2019,  23:21:43	012	1234
Sun, 6 Oct 2019,  23:21:43	012	1234
Sun, 6 Oct 2019,  23:21:43	012	1234
Sun, 6 Oct 2019,  23:21:43	012	1234
Sun, 6 Oct 2019,  23:21:43	012	1234
Sun, 6 Oct 2019,  23:21:43	012	1234
Sun, 6 Oct 2019,  23:21:43	012	1234
Sun, 6 Oct 2019,  23:21:43	012	1234
Sun, 6 Oct 2019,  23:21:43	012	1234
Sun, 6 Oct 2019,  23:21:44	012	1234
Sun, 6 Oct 2019,  23:21:44	012	1234
Sun, 6 Oct 2019,  23:21:44	012	1234
Sun, 6 Oct 2019,  23:21:44	012	1234
Sun, 6 Oct 2019,  23:21:44	012	1234
Sun, 6 Oct 2019,  23:21:44	012	1234
Sun, 6 Oct 2019,  23:21:44	012	1234
Sun, 6 Oct 2019,  23:21:44	012	1234
Sun, 6 Oct 2019,  23:21:44	012	1234
Sun, 6 Oct 2019,  23:21:44	012	1234
Sun, 6 Oct 2019,  23:21:44	012	1234
Sun, 6 Oct 2019,  23:21:44	012	1234
Sun, 6 Oct 2019,  23:21:44	012	1234
Sun, 6 Oct 2019,  23:21:44	012	1234
Sun, 6 Oct 2019,  23:21:44	012	1234
Sun, 6 Oct 2019,  23:21:44	012	1234
Sun, 6 Oct 2019,  23:21:44	012	1234
Sun, 6 Oct 2019,  23:21:44	012	1234
Sun, 6 Oct 2019,  23:21:44	012	1234
Sun, 6 Oct 2019,  23:21:44	012	1234
Sun, 6 Oct 2019,  23:21:44	012	1234
Sun, 6 Oct 2019,  23:21:44	012	1234
Sun, 6 Oct 2019,  23:21:44	012	1234
Sun, 6 Oct 2019,  23:21:44	012	1234
Sun, 6 Oct 2019,  23:21:44	012	1234
Sun, 6 Oct 2019,  23:21:44	012	1234
Sun, 6 Oct 2019,  23:21:44	012	1234
Sun, 6 Oct 2019,  23:21:44	012	1234
Sun, 6 Oct 2019,  23:21:44	012	1234
Sun, 6 Oct 2019,  23:21:44	012	1234
Sun, 6 Oct 2019,  23:21:44	012	1234
Sun, 6 Oct 2019,  23:21:44	012	1234
Sun, 6 Oct 2019,  23:21:44	012	1234
Sun, 6 Oct 2019,  23:21:44	012	1234
Sun, 6 Oct 2019,  23:21:44	012	1234
Sun, 6 Oct 2019,  23:21:44	012	1234
Sun, 6 Oct 2019,  23:21:44	012	1234
Sun, 6 Oct 2019,  23:21:45	012	1234
Sun, 6 Oct 2019,  23:21:45	012	1234
Sun, 6 Oct 2019,  23:21:45	012	1234
Sun, 6 Oct 2019,  23:21:45	012	1234
Sun, 6 Oct 2019,  23:21:45	012	1234
Sun, 6 Oct 2019,  23:21:45	012	1234
Sun, 6 Oct 2019,  23:21:45	012	1234
Sun, 6 Oct 2019,  23:21:45	012	1234
Sun, 6 Oct 2019,  23:21:45	012	1234
Sun, 6 Oct 2019,  23:21:45	012	1234
Sun, 6 Oct 2019,  23:21:45	012	1234
Sun, 6 Oct 2019,  23:21:45	012	1234
Sun, 6 Oct 2019,  23:21:45	012	1234
Sun, 6 Oct 2019,  23:21:45	012	1234
Sun, 6 Oct 2019,  23:21:45	012	1234
Sun, 6 Oct 2019,  23:21:45	012	1234
Sun, 6 Oct 2019,  23:21:45	012	1234
Sun, 6 Oct 2019,  23:21:45	012	1234
Sun, 6 Oct 2019,  23:21:45	012	1234
Sun, 6 Oct 2019,  23:21:45	012	1234
Sun, 6 Oct 2019,  23:21:45	012	1234
Sun, 6 Oct 2019,  23:21:45	012	1234
Sun, 6 Oct 2019,  23:21:46	012	1234
Sun, 6 Oct 2019,  23:21:46	012	1234
Sun, 6 Oct 2019,  23:21:46	012	1234
Sun, 6 Oct 2019,  23:21:46	012	1234
Sun, 6 Oct 2019,  23:21:46	012	1234
Sun, 6 Oct 2019,  23:21:46	012	1234
Sun, 6 Oct 2019,  23:21:46	012	1234
Sun, 6 Oct 2019,  23:21:46	012	1234
Sun, 6 Oct 2019,  23:21:46	012	1234
Sun, 6 Oct 2019,  23:21:46	012	1234
Sun, 6 Oct 2019,  23:21:46	012	1234
Sun, 6 Oct 2019,  23:21:46	012	1234
Sun, 6 Oct 2019,  23:21:47	012	1234
Sun, 6 Oct 2019,  23:21:47	012	1234
Sun, 6 Oct 2019,  23:21:47	012	1234
Sun, 6 Oct 2019,  23:21:47	012	1234
Sun, 6 Oct 2019,  23:21:47	012	1234
Sun, 6 Oct 2019,  23:21:47	012	1234
Sun, 6 Oct 2019,  23:21:47	012	1234
Sun, 6 Oct 2019,  23:21:47	012	1234
Sun, 6 Oct 2019,  23:21:47	012	1234
Sun, 6 Oct 2019,  23:21:47	012	1234
Sun, 6 Oct 2019,  23:21:47	012	1234
Sun, 6 Oct 2019,  23:21:47	012	1234
Sun, 6 Oct 2019,  23:21:47	012	1234
Sun, 6 Oct 2019,  23:21:47	012	1234
Sun, 6 Oct 2019,  23:21:47	012	1234
Sun, 6 Oct 2019,  23:21:47	012	1234
Sun, 6 Oct 2019,  23:21:47	012	1234
Sun, 6 Oct 2019,  23:21:47	012	1234
Sun, 6 Oct 2019,  23:21:48	012	1234
Sun, 6 Oct 2019,  23:21:48	012	1234
Sun, 6 Oct 2019,  23:21:48	012	1234
Sun, 6 Oct 2019,  23:21:48	012	1234
Sun, 6 Oct 2019,  23:21:48	012	1234
Sun, 6 Oct 2019,  23:21:48	012	1234
Sun, 6 Oct 2019,  23:21:48	012	1234
Sun, 6 Oct 2019,  23:21:48	012	1234
Sun, 6 Oct 2019,  23:21:48	012	1234
Sun, 6 Oct 2019,  23:21:48	012	1234
Sun, 6 Oct 2019,  23:21:48	012	1234
Sun, 6 Oct 2019,  23:21:48	012	1234
Sun, 6 Oct 2019,  23:21:48	012	1234
Sun, 6 Oct 2019,  23:21:48	012	1234
Sun, 6 Oct 2019,  23:21:48	012	1234
Sun, 6 Oct 2019,  23:21:48	012	1234
Sun, 6 Oct 2019,  23:21:48	012	1234
Sun, 6 Oct 2019,  23:21:48	012	1234
Sun, 6 Oct 2019,  23:21:48	012	1234
Sun, 6 Oct 2019,  23:21:48	012	1234
Sun, 6 Oct 2019,  23:21:48	012	1234
Sun, 6 Oct 2019,  23:21:48	012	1234
Sun, 6 Oct 2019,  23:21:48	012	1234
Sun, 6 Oct 2019,  23:21:48	012	1234
Sun, 6 Oct 2019,  23:21:48	012	1234
Sun, 6 Oct 2019,  23:21:51	012	1234
Sun, 6 Oct 2019,  23:21:51	012	1234
Sun, 6 Oct 2019,  23:21:51	012	1234
Sun, 6 Oct 2019,  23:21:51	012	1234
Sun, 6 Oct 2019,  23:21:51	012	1234
Sun, 6 Oct 2019,  23:21:51	012	1234
Sun, 6 Oct 2019,  23:21:51	012	1234
Sun, 6 Oct 2019,  23:21:54	012	1234
Sun, 6 Oct 2019,  23:21:54	012	1234
Sun, 6 Oct 2019,  23:21:55	012	1234
Sun, 6 Oct 2019,  23:21:55	012	1234
Sun, 6 Oct 2019,  23:21:55	012	1234
Sun, 6 Oct 2019,  23:21:55	012	1234
Sun, 6 Oct 2019,  23:21:55	012	1234
Sun, 6 Oct 2019,  23:21:55	012	1234
Sun, 6 Oct 2019,  23:21:55	012	1234
Sun, 6 Oct 2019,  23:21:55	012	1234
Sun, 6 Oct 2019,  23:21:55	012	1234
Sun, 6 Oct 2019,  23:21:55	012	1234
Sun, 6 Oct 2019,  23:21:55	012	1234
Sun, 6 Oct 2019,  23:21:55	012	1234
Sun, 6 Oct 2019,  23:21:55	012	1234
Sun, 6 Oct 2019,  23:21:55	012	1234
Sun, 6 Oct 2019,  23:21:55	012	1234
Sun, 6 Oct 2019,  23:21:55	012	1234
Sun, 6 Oct 2019,  23:21:55	012	1234
Sun, 6 Oct 2019,  23:21:55	012	1234
Sun, 6 Oct 2019,  23:21:55	012	1234
Sun, 6 Oct 2019,  23:21:55	012	1234
Sun, 6 Oct 2019,  23:21:55	012	1234
Sun, 6 Oct 2019,  23:21:55	012	1234
Sun, 6 Oct 2019,  23:21:55	012	1234
Sun, 6 Oct 2019,  23:21:55	012	1234
Sun, 6 Oct 2019,  23:21:55	012	1234
Sun, 6 Oct 2019,  23:21:55	012	1234
Sun, 6 Oct 2019,  23:21:55	012	1234
Sun, 6 Oct 2019,  23:21:55	012	1234
Sun, 6 Oct 2019,  23:21:55	012	1234
Sun, 6 Oct 2019,  23:21:55	012	1234
Sun, 6 Oct 2019,  23:21:55	012	1234
Sun, 6 Oct 2019,  23:21:55	012	1234
Sun, 6 Oct 2019,  23:21:55	012	1234
Sun, 6 Oct 2019,  23:21:55	012	1234
Sun, 6 Oct 2019,  23:21:55	012	1234
Sun, 6 Oct 2019,  23:21:55	012	1234
Sun, 6 Oct 2019,  23:21:55	012	1234
Sun, 6 Oct 2019,  23:21:55	012	1234
Sun, 6 Oct 2019,  23:21:55	012	1234
Sun, 6 Oct 2019,  23:21:55	012	1234
Sun, 6 Oct 2019,  23:21:55	012	1234
Sun, 6 Oct 2019,  23:21:55	012	1234
Sun, 6 Oct 2019,  23:21:56	012	1234
Sun, 6 Oct 2019,  23:21:56	012	1234
Sun, 6 Oct 2019,  23:21:56	012	1234
Sun, 6 Oct 2019,  23:21:56	012	1234
Sun, 6 Oct 2019,  23:21:56	012	1234
Sun, 6 Oct 2019,  23:21:56	012	1234
Sun, 6 Oct 2019,  23:21:56	012	1234
Sun, 6 Oct 2019,  23:21:56	012	1234
Sun, 6 Oct 2019,  23:21:56	012	1234
Sun, 6 Oct 2019,  23:21:56	012	1234
Sun, 6 Oct 2019,  23:21:59	012	1234
Sun, 6 Oct 2019,  23:21:59	012	1234
Sun, 6 Oct 2019,  23:21:59	012	1234
Sun, 6 Oct 2019,  23:21:59	012	1234
Sun, 6 Oct 2019,  23:21:59	012	1234
Sun, 6 Oct 2019,  23:21:59	012	1234
Sun, 6 Oct 2019,  23:21:59	012	1234
Sun, 6 Oct 2019,  23:21:59	012	1234
Sun, 6 Oct 2019,  23:21:59	012	1234
Sun, 6 Oct 2019,  23:21:59	012	1234
Sun, 6 Oct 2019,  23:21:59	012	1234
Sun, 6 Oct 2019,  23:21:59	012	1234
Sun, 6 Oct 2019,  23:21:59	012	1234
Sun, 6 Oct 2019,  23:21:59	012	1234
Sun, 6 Oct 2019,  23:21:59	012	1234
Sun, 6 Oct 2019,  23:21:59	012	1234
Sun, 6 Oct 2019,  23:21:59	012	1234
Sun, 6 Oct 2019,  23:21:59	012	1234
Sun, 6 Oct 2019,  23:21:59	012	1234
Sun, 6 Oct 2019,  23:21:59	012	1234
Sun, 6 Oct 2019,  23:21:59	012	1234
Sun, 6 Oct 2019,  23:21:59	012	1234
Sun, 6 Oct 2019,  23:21:59	012	1234
Sun, 6 Oct 2019,  23:21:59	012	1234
Sun, 6 Oct 2019,  23:21:59	012	1234
Sun, 6 Oct 2019,  23:21:59	012	1234
Sun, 6 Oct 2019,  23:21:59	012	1234
Sun, 6 Oct 2019,  23:21:59	012	1234
Sun, 6 Oct 2019,  23:22:00	012	1234
Sun, 6 Oct 2019,  23:22:00	012	1234
Sun, 6 Oct 2019,  23:22:00	012	1234
Sun, 6 Oct 2019,  23:22:00	012	1234
Sun, 6 Oct 2019,  23:22:00	012	1234
Sun, 6 Oct 2019,  23:22:00	012	1234
Sun, 6 Oct 2019,  23:22:00	012	1234
Sun, 6 Oct 2019,  23:22:00	012	1234
Sun, 6 Oct 2019,  23:22:00	012	1234
Sun, 6 Oct 2019,  23:22:00	012	1234
Sun, 6 Oct 2019,  23:22:00	012	1234
Sun, 6 Oct 2019,  23:22:00	012	1234
Sun, 6 Oct 2019,  23:22:03	012	1234
Sun, 6 Oct 2019,  23:22:03	012	1234
Sun, 6 Oct 2019,  23:22:03	012	1234
Sun, 6 Oct 2019,  23:22:03	012	1234
Sun, 6 Oct 2019,  23:22:03	012	1234
Sun, 6 Oct 2019,  23:22:03	012	1234
Sun, 6 Oct 2019,  23:22:03	012	1234
Sun, 6 Oct 2019,  23:22:03	012	1234
Sun, 6 Oct 2019,  23:22:03	012	1234
Sun, 6 Oct 2019,  23:22:03	012	1234
Sun, 6 Oct 2019,  23:22:03	012	1234
Sun, 6 Oct 2019,  23:22:03	012	1234
Sun, 6 Oct 2019,  23:22:03	012	1234
Sun, 6 Oct 2019,  23:22:03	012	1234
Sun, 6 Oct 2019,  23:22:03	012	1234
Sun, 6 Oct 2019,  23:22:03	012	1234
Sun, 6 Oct 2019,  23:22:03	012	1234
Sun, 6 Oct 2019,  23:22:03	012	1234
Sun, 6 Oct 2019,  23:22:03	012	1234
Sun, 6 Oct 2019,  23:22:03	012	1234
Sun, 6 Oct 2019,  23:22:03	012	1234
Sun, 6 Oct 2019,  23:22:03	012	1234
Sun, 6 Oct 2019,  23:22:03	012	1234
Sun, 6 Oct 2019,  23:22:03	012	1234
Sun, 6 Oct 2019,  23:22:03	012	1234
Sun, 6 Oct 2019,  23:22:04	012	1234
Sun, 6 Oct 2019,  23:22:04	012	1234
Sun, 6 Oct 2019,  23:22:04	012	1234
Sun, 6 Oct 2019,  23:22:04	012	1234
Sun, 6 Oct 2019,  23:22:04	012	1234
Sun, 6 Oct 2019,  23:22:04	012	1234
Sun, 6 Oct 2019,  23:22:04	012	1234
Sun, 6 Oct 2019,  23:22:04	012	1234
Sun, 6 Oct 2019,  23:22:04	012	1234
Sun, 6 Oct 2019,  23:22:04	012	1234
Sun, 6 Oct 2019,  23:22:04	012	1234
Sun, 6 Oct 2019,  23:22:04	012	1234
Sun, 6 Oct 2019,  23:22:04	012	1234
Sun, 6 Oct 2019,  23:22:04	012	1234
Sun, 6 Oct 2019,  23:22:04	012	1234
Sun, 6 Oct 2019,  23:22:04	012	1234
Sun, 6 Oct 2019,  23:22:04	012	1234
Sun, 6 Oct 2019,  23:22:04	012	1234
Sun, 6 Oct 2019,  23:22:04	012	1234
Sun, 6 Oct 2019,  23:22:04	012	1234
Sun, 6 Oct 2019,  23:22:04	012	1234
Sun, 6 Oct 2019,  23:22:04	012	1234
Sun, 6 Oct 2019,  23:22:04	012	1234
Sun, 6 Oct 2019,  23:22:04	012	1234
Sun, 6 Oct 2019,  23:22:04	012	1234
Sun, 6 Oct 2019,  23:22:04	012	1234
Sun, 6 Oct 2019,  23:22:04	012	1234
Sun, 6 Oct 2019,  23:22:04	012	1234
Sun, 6 Oct 2019,  23:22:04	012	1234
Sun, 6 Oct 2019,  23:22:04	012	1234
Sun, 6 Oct 2019,  23:22:04	012	1234
Sun, 6 Oct 2019,  23:22:04	012	1234
Sun, 6 Oct 2019,  23:22:04	012	1234
Sun, 6 Oct 2019,  23:22:04	012	1234
Sun, 6 Oct 2019,  23:22:04	012	1234
Sun, 6 Oct 2019,  23:22:04	012	1234
Sun, 6 Oct 2019,  23:22:07	012	1234
Sun, 6 Oct 2019,  23:22:08	012	1234
Sun, 6 Oct 2019,  23:22:08	012	1234
Sun, 6 Oct 2019,  23:22:08	012	1234
Sun, 6 Oct 2019,  23:22:08	012	1234
Sun, 6 Oct 2019,  23:22:08	012	1234
Sun, 6 Oct 2019,  23:22:08	012	1234
Sun, 6 Oct 2019,  23:22:08	012	1234
Sun, 6 Oct 2019,  23:22:08	012	1234
Sun, 6 Oct 2019,  23:22:08	012	1234
Sun, 6 Oct 2019,  23:22:08	012	1234
Sun, 6 Oct 2019,  23:22:08	012	1234
Sun, 6 Oct 2019,  23:22:08	012	1234
Sun, 6 Oct 2019,  23:22:08	012	1234
Sun, 6 Oct 2019,  23:22:08	012	1234
Sun, 6 Oct 2019,  23:22:08	012	1234
Sun, 6 Oct 2019,  23:22:08	012	1234
Sun, 6 Oct 2019,  23:22:08	012	1234
Sun, 6 Oct 2019,  23:22:08	012	1234
Sun, 6 Oct 2019,  23:22:08	012	1234
Sun, 6 Oct 2019,  23:22:08	012	1234
Sun, 6 Oct 2019,  23:22:08	012	1234
Sun, 6 Oct 2019,  23:22:08	012	1234
Sun, 6 Oct 2019,  23:22:08	012	1234
Sun, 6 Oct 2019,  23:22:09	012	1234
Sun, 6 Oct 2019,  23:22:09	012	1234
Sun, 6 Oct 2019,  23:22:09	012	1234
Sun, 6 Oct 2019,  23:22:09	012	1234
Sun, 6 Oct 2019,  23:22:09	012	1234
Sun, 6 Oct 2019,  23:22:09	012	1234
Sun, 6 Oct 2019,  23:22:09	012	1234
Sun, 6 Oct 2019,  23:22:09	012	1234
Sun, 6 Oct 2019,  23:22:09	012	1234
Sun, 6 Oct 2019,  23:22:09	012	1234
Sun, 6 Oct 2019,  23:22:09	012	1234
Sun, 6 Oct 2019,  23:22:09	012	1234
Sun, 6 Oct 2019,  23:22:09	012	1234
Sun, 6 Oct 2019,  23:22:09	012	1234
Sun, 6 Oct 2019,  23:22:09	012	1234
Sun, 6 Oct 2019,  23:22:09	012	1234
Sun, 6 Oct 2019,  23:22:09	012	1234
Sun, 6 Oct 2019,  23:22:09	012	1234
Sun, 6 Oct 2019,  23:22:09	012	1234
Sun, 6 Oct 2019,  23:22:09	012	1234
Sun, 6 Oct 2019,  23:22:09	012	1234
Sun, 6 Oct 2019,  23:22:09	012	1234
Sun, 6 Oct 2019,  23:22:09	012	1234
Sun, 6 Oct 2019,  23:22:09	012	1234
Sun, 6 Oct 2019,  23:22:09	012	1234
Sun, 6 Oct 2019,  23:22:09	012	1234
Sun, 6 Oct 2019,  23:22:09	012	1234
Sun, 6 Oct 2019,  23:22:09	012	1234
Sun, 6 Oct 2019,  23:22:10	012	1234
Sun, 6 Oct 2019,  23:22:10	012	1234
Sun, 6 Oct 2019,  23:22:10	012	1234
Sun, 6 Oct 2019,  23:22:10	012	1234
Sun, 6 Oct 2019,  23:22:10	012	1234
Sun, 6 Oct 2019,  23:22:10	012	1234
Sun, 6 Oct 2019,  23:22:10	012	1234
Sun, 6 Oct 2019,  23:22:10	012	1234
Sun, 6 Oct 2019,  23:22:10	012	1234
Sun, 6 Oct 2019,  23:22:10	012	1234
Sun, 6 Oct 2019,  23:22:10	012	1234
Sun, 6 Oct 2019,  23:22:10	012	1234
Sun, 6 Oct 2019,  23:22:10	012	1234
Sun, 6 Oct 2019,  23:22:10	012	1234
Sun, 6 Oct 2019,  23:22:10	012	1234
Sun, 6 Oct 2019,  23:22:10	012	1234
Sun, 6 Oct 2019,  23:22:10	012	1234
Sun, 6 Oct 2019,  23:22:10	012	1234
Sun, 6 Oct 2019,  23:22:10	012	1234
Sun, 6 Oct 2019,  23:22:10	012	1234
Sun, 6 Oct 2019,  23:22:10	012	1234
Sun, 6 Oct 2019,  23:22:10	012	1234
Sun, 6 Oct 2019,  23:22:10	012	1234
Sun, 6 Oct 2019,  23:22:10	012	1234
Sun, 6 Oct 2019,  23:22:10	012	1234
Sun, 6 Oct 2019,  23:22:10	012	1234
Sun, 6 Oct 2019,  23:22:10	012	1234
Sun, 6 Oct 2019,  23:22:10	012	1234
Sun, 6 Oct 2019,  23:22:10	012	1234
Sun, 6 Oct 2019,  23:22:10	012	1234
Sun, 6 Oct 2019,  23:22:10	012	1234
Sun, 6 Oct 2019,  23:22:10	012	1234
Sun, 6 Oct 2019,  23:22:13	012	1234
Sun, 6 Oct 2019,  23:22:13	012	1234
Sun, 6 Oct 2019,  23:22:14	012	1234
Sun, 6 Oct 2019,  23:22:14	012	1234
Sun, 6 Oct 2019,  23:22:14	012	1234
Sun, 6 Oct 2019,  23:22:14	012	1234
Sun, 6 Oct 2019,  23:22:14	012	1234
Sun, 6 Oct 2019,  23:22:14	012	1234
Sun, 6 Oct 2019,  23:22:15	012	1234
Sun, 6 Oct 2019,  23:22:15	012	1234
Sun, 6 Oct 2019,  23:22:15	012	1234
Sun, 6 Oct 2019,  23:22:15	012	1234
Sun, 6 Oct 2019,  23:22:15	012	1234
Sun, 6 Oct 2019,  23:22:15	012	1234
Sun, 6 Oct 2019,  23:22:15	012	1234
Sun, 6 Oct 2019,  23:22:15	012	1234
Sun, 6 Oct 2019,  23:22:15	012	1234
Sun, 6 Oct 2019,  23:22:15	012	1234
Sun, 6 Oct 2019,  23:22:15	012	1234
Sun, 6 Oct 2019,  23:22:15	012	1234
Sun, 6 Oct 2019,  23:22:15	012	1234
Sun, 6 Oct 2019,  23:22:15	012	1234
Sun, 6 Oct 2019,  23:22:15	012	1234
Sun, 6 Oct 2019,  23:22:15	012	1234
Sun, 6 Oct 2019,  23:22:15	012	1234
Sun, 6 Oct 2019,  23:22:15	012	1234
Sun, 6 Oct 2019,  23:22:15	012	1234
Sun, 6 Oct 2019,  23:22:15	012	1234
Sun, 6 Oct 2019,  23:22:15	012	1234
Sun, 6 Oct 2019,  23:22:15	012	1234
Sun, 6 Oct 2019,  23:22:15	012	1234
Sun, 6 Oct 2019,  23:22:15	012	1234
Sun, 6 Oct 2019,  23:22:15	012	1234
Sun, 6 Oct 2019,  23:22:15	012	1234
Sun, 6 Oct 2019,  23:22:15	012	1234
Sun, 6 Oct 2019,  23:22:15	012	1234
Sun, 6 Oct 2019,  23:22:15	012	1234
Sun, 6 Oct 2019,  23:22:15	012	1234
Sun, 6 Oct 2019,  23:22:15	012	1234
Sun, 6 Oct 2019,  23:22:15	012	1234
Sun, 6 Oct 2019,  23:22:15	012	1234
Sun, 6 Oct 2019,  23:22:15	012	1234
Sun, 6 Oct 2019,  23:22:15	012	1234
Sun, 6 Oct 2019,  23:22:15	012	1234
Sun, 6 Oct 2019,  23:22:16	012	1234
Sun, 6 Oct 2019,  23:22:16	012	1234
Sun, 6 Oct 2019,  23:22:16	012	1234
Sun, 6 Oct 2019,  23:22:16	012	1234
Sun, 6 Oct 2019,  23:22:16	012	1234
Sun, 6 Oct 2019,  23:22:16	012	1234
Sun, 6 Oct 2019,  23:22:16	012	1234
Sun, 6 Oct 2019,  23:22:16	012	1234
Sun, 6 Oct 2019,  23:22:16	012	1234
Sun, 6 Oct 2019,  23:22:16	012	1234
Sun, 6 Oct 2019,  23:22:16	012	1234
Sun, 6 Oct 2019,  23:22:16	012	1234
Sun, 6 Oct 2019,  23:22:16	012	1234
Sun, 6 Oct 2019,  23:22:16	012	1234
Sun, 6 Oct 2019,  23:22:16	012	1234
Sun, 6 Oct 2019,  23:22:16	012	1234
Sun, 6 Oct 2019,  23:22:16	012	1234
Sun, 6 Oct 2019,  23:22:16	012	1234
Sun, 6 Oct 2019,  23:22:16	012	1234
Sun, 6 Oct 2019,  23:22:16	012	1234
Sun, 6 Oct 2019,  23:22:16	012	1234
Sun, 6 Oct 2019,  23:22:16	012	1234
Sun, 6 Oct 2019,  23:22:16	012	1234
Sun, 6 Oct 2019,  23:22:16	012	1234
Sun, 6 Oct 2019,  23:22:16	012	1234
Sun, 6 Oct 2019,  23:22:16	012	1234
Sun, 6 Oct 2019,  23:22:16	012	1234
Sun, 6 Oct 2019,  23:22:16	012	1234
Sun, 6 Oct 2019,  23:22:16	012	1234
Sun, 6 Oct 2019,  23:22:16	012	1234
Sun, 6 Oct 2019,  23:22:16	012	1234
Sun, 6 Oct 2019,  23:22:16	012	1234
Sun, 6 Oct 2019,  23:22:16	012	1234
Sun, 6 Oct 2019,  23:22:16	012	1234
Sun, 6 Oct 2019,  23:22:16	012	1234
Sun, 6 Oct 2019,  23:22:16	012	1234
Sun, 6 Oct 2019,  23:22:16	012	1234
Sun, 6 Oct 2019,  23:22:19	012	1234
Sun, 6 Oct 2019,  23:22:19	012	1234
Sun, 6 Oct 2019,  23:22:19	012	1234
Sun, 6 Oct 2019,  23:22:19	012	1234
Sun, 6 Oct 2019,  23:22:22	012	1234
Sun, 6 Oct 2019,  23:22:22	012	1234
Sun, 6 Oct 2019,  23:22:22	012	1234
Sun, 6 Oct 2019,  23:22:22	012	1234
Sun, 6 Oct 2019,  23:22:22	012	1234
Sun, 6 Oct 2019,  23:22:22	012	1234
Sun, 6 Oct 2019,  23:22:22	012	1234
Sun, 6 Oct 2019,  23:22:22	012	1234
Sun, 6 Oct 2019,  23:22:22	012	1234
Sun, 6 Oct 2019,  23:22:22	012	1234
Sun, 6 Oct 2019,  23:22:23	012	1234
Sun, 6 Oct 2019,  23:22:23	012	1234
Sun, 6 Oct 2019,  23:22:23	012	1234
Sun, 6 Oct 2019,  23:22:23	012	1234
Sun, 6 Oct 2019,  23:22:23	012	1234
Sun, 6 Oct 2019,  23:22:23	012	1234
Sun, 6 Oct 2019,  23:22:23	012	1234
Sun, 6 Oct 2019,  23:22:23	012	1234
Sun, 6 Oct 2019,  23:22:23	012	1234
Sun, 6 Oct 2019,  23:22:23	012	1234
Sun, 6 Oct 2019,  23:22:23	012	1234
Sun, 6 Oct 2019,  23:22:23	012	1234
Sun, 6 Oct 2019,  23:22:23	012	1234
Sun, 6 Oct 2019,  23:22:23	012	1234
Sun, 6 Oct 2019,  23:22:23	012	1234
Sun, 6 Oct 2019,  23:22:23	012	1234
Sun, 6 Oct 2019,  23:22:23	012	1234
Sun, 6 Oct 2019,  23:22:23	012	1234
Sun, 6 Oct 2019,  23:22:23	012	1234
Sun, 6 Oct 2019,  23:22:23	012	1234
Sun, 6 Oct 2019,  23:22:23	012	1234
Sun, 6 Oct 2019,  23:22:23	012	1234
Sun, 6 Oct 2019,  23:22:23	012	1234
Sun, 6 Oct 2019,  23:22:23	012	1234
Sun, 6 Oct 2019,  23:22:23	012	1234
Sun, 6 Oct 2019,  23:22:23	012	1234
Sun, 6 Oct 2019,  23:22:23	012	1234
Sun, 6 Oct 2019,  23:22:23	012	1234
Sun, 6 Oct 2019,  23:22:23	012	1234
Sun, 6 Oct 2019,  23:22:23	012	1234
Sun, 6 Oct 2019,  23:22:23	012	1234
Sun, 6 Oct 2019,  23:22:23	012	1234
Sun, 6 Oct 2019,  23:22:23	012	1234
Sun, 6 Oct 2019,  23:22:23	012	1234
Sun, 6 Oct 2019,  23:22:23	012	1234
Sun, 6 Oct 2019,  23:22:24	012	1234
Sun, 6 Oct 2019,  23:22:24	012	1234
Sun, 6 Oct 2019,  23:22:24	012	1234
Sun, 6 Oct 2019,  23:22:24	012	1234
Sun, 6 Oct 2019,  23:22:24	012	1234
Sun, 6 Oct 2019,  23:22:24	012	1234
Sun, 6 Oct 2019,  23:22:24	012	1234
Sun, 6 Oct 2019,  23:22:24	012	1234
Sun, 6 Oct 2019,  23:22:24	012	1234
Sun, 6 Oct 2019,  23:22:24	012	1234
Sun, 6 Oct 2019,  23:22:24	012	1234
Sun, 6 Oct 2019,  23:22:24	012	1234
Sun, 6 Oct 2019,  23:22:24	012	1234
Sun, 6 Oct 2019,  23:22:24	012	1234
Sun, 6 Oct 2019,  23:22:24	012	1234
Sun, 6 Oct 2019,  23:22:24	012	1234
Sun, 6 Oct 2019,  23:22:24	012	1234
Sun, 6 Oct 2019,  23:22:24	012	1234
Sun, 6 Oct 2019,  23:22:24	012	1234
Sun, 6 Oct 2019,  23:22:24	012	1234
Sun, 6 Oct 2019,  23:22:24	012	1234
Sun, 6 Oct 2019,  23:22:24	012	1234
Sun, 6 Oct 2019,  23:22:24	012	1234
Sun, 6 Oct 2019,  23:22:24	012	1234
Sun, 6 Oct 2019,  23:22:24	012	1234
Sun, 6 Oct 2019,  23:22:27	012	1234
Sun, 6 Oct 2019,  23:22:27	012	1234
Sun, 6 Oct 2019,  23:22:27	012	1234
Sun, 6 Oct 2019,  23:22:27	012	1234
Sun, 6 Oct 2019,  23:22:27	012	1234
Sun, 6 Oct 2019,  23:22:27	012	1234
Sun, 6 Oct 2019,  23:22:27	012	1234
Sun, 6 Oct 2019,  23:22:27	012	1234
Sun, 6 Oct 2019,  23:22:27	012	1234
Sun, 6 Oct 2019,  23:22:27	012	1234
Sun, 6 Oct 2019,  23:22:27	012	1234
Sun, 6 Oct 2019,  23:22:28	012	1234
Sun, 6 Oct 2019,  23:22:28	012	1234
Sun, 6 Oct 2019,  23:22:28	012	1234
Sun, 6 Oct 2019,  23:22:28	012	1234
Sun, 6 Oct 2019,  23:22:28	012	1234
Sun, 6 Oct 2019,  23:22:28	012	1234
Sun, 6 Oct 2019,  23:22:28	012	1234
Sun, 6 Oct 2019,  23:22:28	012	1234
Sun, 6 Oct 2019,  23:22:28	012	1234
Sun, 6 Oct 2019,  23:22:28	012	1234
Sun, 6 Oct 2019,  23:22:29	012	1234
Sun, 6 Oct 2019,  23:22:29	012	1234
Sun, 6 Oct 2019,  23:22:29	012	1234
Sun, 6 Oct 2019,  23:22:29	012	1234
Sun, 6 Oct 2019,  23:22:29	012	1234
Sun, 6 Oct 2019,  23:22:29	012	1234
Sun, 6 Oct 2019,  23:22:29	012	1234
Sun, 6 Oct 2019,  23:22:29	012	1234
Sun, 6 Oct 2019,  23:22:29	012	1234
Sun, 6 Oct 2019,  23:22:29	012	1234
Sun, 6 Oct 2019,  23:22:29	012	1234
Sun, 6 Oct 2019,  23:22:29	012	1234
Sun, 6 Oct 2019,  23:22:29	012	1234
Sun, 6 Oct 2019,  23:22:29	012	1234
Sun, 6 Oct 2019,  23:22:29	012	1234
Sun, 6 Oct 2019,  23:22:29	012	1234
Sun, 6 Oct 2019,  23:22:29	012	1234
Sun, 6 Oct 2019,  23:22:29	012	1234
Sun, 6 Oct 2019,  23:22:29	012	1234
Sun, 6 Oct 2019,  23:22:29	012	1234
Sun, 6 Oct 2019,  23:22:29	012	1234
Sun, 6 Oct 2019,  23:22:29	012	1234
Sun, 6 Oct 2019,  23:22:29	012	1234
Sun, 6 Oct 2019,  23:22:29	012	1234
Sun, 6 Oct 2019,  23:22:29	012	1234
Sun, 6 Oct 2019,  23:22:29	012	1234
Sun, 6 Oct 2019,  23:22:29	012	1234
Sun, 6 Oct 2019,  23:22:29	012	1234
Sun, 6 Oct 2019,  23:22:29	012	1234
Sun, 6 Oct 2019,  23:22:29	012	1234
Sun, 6 Oct 2019,  23:22:29	012	1234
Sun, 6 Oct 2019,  23:22:29	012	1234
Sun, 6 Oct 2019,  23:22:32	012	1234
Sun, 6 Oct 2019,  23:22:32	012	1234
Sun, 6 Oct 2019,  23:22:32	012	1234
Sun, 6 Oct 2019,  23:22:32	012	1234
Sun, 6 Oct 2019,  23:22:32	012	1234
Sun, 6 Oct 2019,  23:22:32	012	1234
Sun, 6 Oct 2019,  23:22:32	012	1234
Sun, 6 Oct 2019,  23:22:32	012	1234
Sun, 6 Oct 2019,  23:22:33	012	1234
Sun, 6 Oct 2019,  23:22:33	012	1234
Sun, 6 Oct 2019,  23:22:33	012	1234
Sun, 6 Oct 2019,  23:22:33	012	1234
Sun, 6 Oct 2019,  23:22:33	012	1234
Sun, 6 Oct 2019,  23:22:33	012	1234
Sun, 6 Oct 2019,  23:22:33	012	1234
Sun, 6 Oct 2019,  23:22:33	012	1234
Sun, 6 Oct 2019,  23:22:33	012	1234
Sun, 6 Oct 2019,  23:22:33	012	1234
Sun, 6 Oct 2019,  23:22:33	012	1234
Sun, 6 Oct 2019,  23:22:33	012	1234
Sun, 6 Oct 2019,  23:22:33	012	1234
Sun, 6 Oct 2019,  23:22:33	012	1234
Sun, 6 Oct 2019,  23:22:33	012	1234
Sun, 6 Oct 2019,  23:22:33	012	1234
Sun, 6 Oct 2019,  23:22:33	012	1234
Sun, 6 Oct 2019,  23:22:33	012	1234
Sun, 6 Oct 2019,  23:22:33	012	1234
Sun, 6 Oct 2019,  23:22:33	012	1234
Sun, 6 Oct 2019,  23:22:33	012	1234
Sun, 6 Oct 2019,  23:22:33	012	1234
Sun, 6 Oct 2019,  23:22:33	012	1234
Sun, 6 Oct 2019,  23:22:33	012	1234
Sun, 6 Oct 2019,  23:22:33	012	1234
Sun, 6 Oct 2019,  23:22:33	012	1234
Sun, 6 Oct 2019,  23:22:33	012	1234
Sun, 6 Oct 2019,  23:22:33	012	1234
Sun, 6 Oct 2019,  23:22:33	012	1234
Sun, 6 Oct 2019,  23:22:33	012	1234
Sun, 6 Oct 2019,  23:22:33	012	1234
Sun, 6 Oct 2019,  23:22:33	012	1234
Sun, 6 Oct 2019,  23:22:33	012	1234
Sun, 6 Oct 2019,  23:22:33	012	1234
Sun, 6 Oct 2019,  23:22:33	012	1234
Sun, 6 Oct 2019,  23:22:33	012	1234
Sun, 6 Oct 2019,  23:22:33	012	1234
Sun, 6 Oct 2019,  23:22:33	012	1234
Sun, 6 Oct 2019,  23:22:33	012	1234
Sun, 6 Oct 2019,  23:22:33	012	1234
Sun, 6 Oct 2019,  23:22:34	012	1234
Sun, 6 Oct 2019,  23:22:34	012	1234
Sun, 6 Oct 2019,  23:22:34	012	1234
Sun, 6 Oct 2019,  23:22:34	012	1234
Sun, 6 Oct 2019,  23:22:34	012	1234
Sun, 6 Oct 2019,  23:22:34	012	1234
Sun, 6 Oct 2019,  23:22:34	012	1234
Sun, 6 Oct 2019,  23:22:34	012	1234
Sun, 6 Oct 2019,  23:22:34	012	1234
Sun, 6 Oct 2019,  23:22:34	012	1234
Sun, 6 Oct 2019,  23:22:34	012	1234
Sun, 6 Oct 2019,  23:22:34	012	1234
Sun, 6 Oct 2019,  23:22:34	012	1234
Sun, 6 Oct 2019,  23:22:34	012	1234
Sun, 6 Oct 2019,  23:22:34	012	1234
Sun, 6 Oct 2019,  23:22:34	012	1234
Sun, 6 Oct 2019,  23:22:37	012	1234
Sun, 6 Oct 2019,  23:22:37	012	1234
Sun, 6 Oct 2019,  23:22:37	012	1234
Sun, 6 Oct 2019,  23:22:37	012	1234
Sun, 6 Oct 2019,  23:22:37	012	1234
Sun, 6 Oct 2019,  23:22:37	012	1234
Sun, 6 Oct 2019,  23:22:37	012	1234
Sun, 6 Oct 2019,  23:22:37	012	1234
Sun, 6 Oct 2019,  23:22:38	012	1234
Sun, 6 Oct 2019,  23:22:38	012	1234
Sun, 6 Oct 2019,  23:22:38	012	1234
Sun, 6 Oct 2019,  23:22:38	012	1234
Sun, 6 Oct 2019,  23:22:38	012	1234
Sun, 6 Oct 2019,  23:22:38	012	1234
Sun, 6 Oct 2019,  23:22:38	012	1234
Sun, 6 Oct 2019,  23:22:38	012	1234
Sun, 6 Oct 2019,  23:22:38	012	1234
Sun, 6 Oct 2019,  23:22:38	012	1234
Sun, 6 Oct 2019,  23:22:38	012	1234
Sun, 6 Oct 2019,  23:22:38	012	1234
Sun, 6 Oct 2019,  23:22:38	012	1234
Sun, 6 Oct 2019,  23:22:38	012	1234
Sun, 6 Oct 2019,  23:22:38	012	1234
Sun, 6 Oct 2019,  23:22:38	012	1234
Sun, 6 Oct 2019,  23:22:38	012	1234
Sun, 6 Oct 2019,  23:22:38	012	1234
Sun, 6 Oct 2019,  23:22:41	012	1234
Sun, 6 Oct 2019,  23:22:41	012	1234
Sun, 6 Oct 2019,  23:22:41	012	1234
Sun, 6 Oct 2019,  23:22:41	012	1234
Sun, 6 Oct 2019,  23:22:41	012	1234
Sun, 6 Oct 2019,  23:22:41	012	1234
Sun, 6 Oct 2019,  23:22:41	012	1234
Sun, 6 Oct 2019,  23:22:41	012	1234
Sun, 6 Oct 2019,  23:22:41	012	1234
Sun, 6 Oct 2019,  23:22:41	012	1234
Sun, 6 Oct 2019,  23:22:41	012	1234
Sun, 6 Oct 2019,  23:22:41	012	1234
Sun, 6 Oct 2019,  23:22:41	012	1234
Sun, 6 Oct 2019,  23:22:41	012	1234
Sun, 6 Oct 2019,  23:22:41	012	1234
Sun, 6 Oct 2019,  23:22:42	012	1234
Sun, 6 Oct 2019,  23:22:42	012	1234
Sun, 6 Oct 2019,  23:22:42	012	1234
Sun, 6 Oct 2019,  23:22:42	012	1234
Sun, 6 Oct 2019,  23:22:42	012	1234
Sun, 6 Oct 2019,  23:22:42	012	1234
Sun, 6 Oct 2019,  23:22:42	012	1234
Sun, 6 Oct 2019,  23:22:42	012	1234
Sun, 6 Oct 2019,  23:22:42	012	1234
Sun, 6 Oct 2019,  23:22:42	012	1234
Sun, 6 Oct 2019,  23:22:42	012	1234
Sun, 6 Oct 2019,  23:22:42	012	1234
Sun, 6 Oct 2019,  23:22:42	012	1234
Sun, 6 Oct 2019,  23:22:42	012	1234
Sun, 6 Oct 2019,  23:22:42	012	1234
Sun, 6 Oct 2019,  23:22:42	012	1234
Sun, 6 Oct 2019,  23:22:45	012	1234
Sun, 6 Oct 2019,  23:22:48	012	1234
Sun, 6 Oct 2019,  23:22:48	012	1234
Sun, 6 Oct 2019,  23:22:48	012	1234
Sun, 6 Oct 2019,  23:22:48	012	1234
Sun, 6 Oct 2019,  23:22:48	012	1234
Sun, 6 Oct 2019,  23:22:48	012	1234
Sun, 6 Oct 2019,  23:22:48	012	1234
Sun, 6 Oct 2019,  23:22:48	012	1234
Sun, 6 Oct 2019,  23:22:49	012	1234
Sun, 6 Oct 2019,  23:22:52	012	1234
Sun, 6 Oct 2019,  23:22:52	012	1234
Sun, 6 Oct 2019,  23:22:52	012	1234
Sun, 6 Oct 2019,  23:22:52	012	1234
Sun, 6 Oct 2019,  23:22:52	012	1234
Sun, 6 Oct 2019,  23:22:52	012	1234
Sun, 6 Oct 2019,  23:22:52	012	1234
Sun, 6 Oct 2019,  23:22:52	012	1234
Sun, 6 Oct 2019,  23:22:52	012	1234
Sun, 6 Oct 2019,  23:22:52	012	1234
Sun, 6 Oct 2019,  23:22:52	012	1234
Sun, 6 Oct 2019,  23:22:52	012	1234
Sun, 6 Oct 2019,  23:22:52	012	1234
Sun, 6 Oct 2019,  23:22:55	012	1234
Sun, 6 Oct 2019,  23:22:55	012	1234
Sun, 6 Oct 2019,  23:22:55	012	1234
Sun, 6 Oct 2019,  23:22:55	012	1234
Sun, 6 Oct 2019,  23:22:55	012	1234
Sun, 6 Oct 2019,  23:22:55	012	1234
Sun, 6 Oct 2019,  23:22:55	012	1234
Sun, 6 Oct 2019,  23:22:55	012	1234
Sun, 6 Oct 2019,  23:22:56	012	1234
Sun, 6 Oct 2019,  23:22:56	012	1234
Sun, 6 Oct 2019,  23:22:56	012	1234
Sun, 6 Oct 2019,  23:22:56	012	1234
Sun, 6 Oct 2019,  23:22:56	012	1234
Sun, 6 Oct 2019,  23:22:56	012	1234
Sun, 6 Oct 2019,  23:22:56	012	1234
Sun, 6 Oct 2019,  23:22:56	012	1234
Sun, 6 Oct 2019,  23:22:56	012	1234
Sun, 6 Oct 2019,  23:22:56	012	1234
Sun, 6 Oct 2019,  23:22:56	012	1234
Sun, 6 Oct 2019,  23:22:56	012	1234
Sun, 6 Oct 2019,  23:22:56	012	1234
Sun, 6 Oct 2019,  23:22:56	012	1234
Sun, 6 Oct 2019,  23:22:56	012	1234
Sun, 6 Oct 2019,  23:22:56	012	1234
Sun, 6 Oct 2019,  23:22:56	012	1234
Sun, 6 Oct 2019,  23:22:56	012	1234
Sun, 6 Oct 2019,  23:22:56	012	1234
Sun, 6 Oct 2019,  23:22:56	012	1234
Sun, 6 Oct 2019,  23:22:57	012	1234
Sun, 6 Oct 2019,  23:22:57	012	1234
Sun, 6 Oct 2019,  23:22:57	012	1234
Sun, 6 Oct 2019,  23:22:57	012	1234
Sun, 6 Oct 2019,  23:22:57	012	1234
Sun, 6 Oct 2019,  23:22:57	012	1234
Sun, 6 Oct 2019,  23:22:57	012	1234
Sun, 6 Oct 2019,  23:22:57	012	1234
Sun, 6 Oct 2019,  23:22:57	012	1234
Sun, 6 Oct 2019,  23:22:57	012	1234
Sun, 6 Oct 2019,  23:22:57	012	1234
Sun, 6 Oct 2019,  23:22:57	012	1234
Sun, 6 Oct 2019,  23:22:57	012	1234
Sun, 6 Oct 2019,  23:22:57	012	1234
Sun, 6 Oct 2019,  23:22:57	012	1234
Sun, 6 Oct 2019,  23:22:57	012	1234
Sun, 6 Oct 2019,  23:22:57	012	1234
Sun, 6 Oct 2019,  23:22:57	012	1234
Sun, 6 Oct 2019,  23:22:58	012	1234
Sun, 6 Oct 2019,  23:22:58	012	1234
Sun, 6 Oct 2019,  23:22:58	012	1234
Sun, 6 Oct 2019,  23:22:58	012	1234
Sun, 6 Oct 2019,  23:22:58	012	1234
Sun, 6 Oct 2019,  23:22:58	012	1234
Sun, 6 Oct 2019,  23:22:58	012	1234
Sun, 6 Oct 2019,  23:22:58	012	1234
Sun, 6 Oct 2019,  23:22:58	012	1234
Sun, 6 Oct 2019,  23:22:58	012	1234
Sun, 6 Oct 2019,  23:22:58	012	1234
Sun, 6 Oct 2019,  23:22:58	012	1234
Sun, 6 Oct 2019,  23:22:58	012	1234
Sun, 6 Oct 2019,  23:22:58	012	1234
Sun, 6 Oct 2019,  23:22:58	012	1234
Sun, 6 Oct 2019,  23:22:58	012	1234
Sun, 6 Oct 2019,  23:22:58	012	1234
Sun, 6 Oct 2019,  23:22:58	012	1234
Sun, 6 Oct 2019,  23:22:58	012	1234
Sun, 6 Oct 2019,  23:22:58	012	1234
Sun, 6 Oct 2019,  23:22:58	012	1234
Sun, 6 Oct 2019,  23:22:58	012	1234
Sun, 6 Oct 2019,  23:22:58	012	1234
Sun, 6 Oct 2019,  23:22:58	012	1234
Sun, 6 Oct 2019,  23:22:58	012	1234
Sun, 6 Oct 2019,  23:22:58	012	1234
Sun, 6 Oct 2019,  23:22:58	012	1234
Sun, 6 Oct 2019,  23:22:58	012	1234
Sun, 6 Oct 2019,  23:22:58	012	1234
Sun, 6 Oct 2019,  23:22:58	012	1234
Sun, 6 Oct 2019,  23:22:58	012	1234
Sun, 6 Oct 2019,  23:22:59	012	1234
Sun, 6 Oct 2019,  23:22:59	012	1234
Sun, 6 Oct 2019,  23:22:59	012	1234
Sun, 6 Oct 2019,  23:22:59	012	1234
Sun, 6 Oct 2019,  23:22:59	012	1234
Sun, 6 Oct 2019,  23:22:59	012	1234
Sun, 6 Oct 2019,  23:23:02	012	1234
Sun, 6 Oct 2019,  23:23:02	012	1234
Sun, 6 Oct 2019,  23:23:02	012	1234
Sun, 6 Oct 2019,  23:23:02	012	1234
Sun, 6 Oct 2019,  23:23:02	012	1234
Sun, 6 Oct 2019,  23:23:03	012	1234
Sun, 6 Oct 2019,  23:23:03	012	1234
Sun, 6 Oct 2019,  23:23:03	012	1234
Sun, 6 Oct 2019,  23:23:03	012	1234
Sun, 6 Oct 2019,  23:23:03	012	1234
Sun, 6 Oct 2019,  23:23:03	012	1234
Sun, 6 Oct 2019,  23:23:03	012	1234
Sun, 6 Oct 2019,  23:23:03	012	1234
Sun, 6 Oct 2019,  23:23:03	012	1234
Sun, 6 Oct 2019,  23:23:03	012	1234
Sun, 6 Oct 2019,  23:23:03	012	1234
Sun, 6 Oct 2019,  23:23:03	012	1234
Sun, 6 Oct 2019,  23:23:03	012	1234
Sun, 6 Oct 2019,  23:23:03	012	1234
Sun, 6 Oct 2019,  23:23:03	012	1234
Sun, 6 Oct 2019,  23:23:03	012	1234
Sun, 6 Oct 2019,  23:23:03	012	1234
Sun, 6 Oct 2019,  23:23:03	012	1234
Sun, 6 Oct 2019,  23:23:03	012	1234
Sun, 6 Oct 2019,  23:23:03	012	1234
Sun, 6 Oct 2019,  23:23:03	012	1234
Sun, 6 Oct 2019,  23:23:03	012	1234
Sun, 6 Oct 2019,  23:23:06	012	1234
Sun, 6 Oct 2019,  23:23:06	012	1234
Sun, 6 Oct 2019,  23:23:06	012	1234
Sun, 6 Oct 2019,  23:23:06	012	1234
Sun, 6 Oct 2019,  23:23:43	012	1234
Sun, 6 Oct 2019,  23:23:53	012	1234
Sun, 6 Oct 2019,  23:24:03	012	1234
Sun, 6 Oct 2019,  23:24:13	012	1234
Sun, 6 Oct 2019,  23:24:23	012	1234
