Sun, 6 Oct 2019,  21:01:20	123	B
Sun, 6 Oct 2019,  21:01:30	123	B
Sun, 6 Oct 2019,  21:02:12	012	1234
Sun, 6 Oct 2019,  21:02:12	012	1234
Sun, 6 Oct 2019,  21:02:12	012	1234
Sun, 6 Oct 2019,  21:02:12	012	1234
Sun, 6 Oct 2019,  21:02:12	012	1234
Sun, 6 Oct 2019,  21:02:12	012	1234
Sun, 6 Oct 2019,  21:02:12	012	1234
Sun, 6 Oct 2019,  21:02:12	012	1234
Sun, 6 Oct 2019,  21:02:12	012	1234
Sun, 6 Oct 2019,  21:02:12	012	1234
Sun, 6 Oct 2019,  21:02:12	012	1234
Sun, 6 Oct 2019,  21:02:12	012	1234
Sun, 6 Oct 2019,  21:02:12	012	1234
Sun, 6 Oct 2019,  21:02:13	012	1234
Sun, 6 Oct 2019,  21:02:13	012	1234
Sun, 6 Oct 2019,  21:02:13	012	1234
Sun, 6 Oct 2019,  21:02:13	012	1234
Sun, 6 Oct 2019,  21:02:13	012	1234
Sun, 6 Oct 2019,  21:02:13	012	1234
Sun, 6 Oct 2019,  21:02:13	012	1234
Sun, 6 Oct 2019,  21:02:13	012	1234
Sun, 6 Oct 2019,  21:02:13	012	1234
Sun, 6 Oct 2019,  21:02:13	012	1234
Sun, 6 Oct 2019,  21:02:13	012	1234
Sun, 6 Oct 2019,  21:02:14	012	1234
Sun, 6 Oct 2019,  21:02:14	012	1234
Sun, 6 Oct 2019,  21:02:14	012	1234
Sun, 6 Oct 2019,  21:02:14	012	1234
Sun, 6 Oct 2019,  21:02:14	012	1234
Sun, 6 Oct 2019,  21:02:14	012	1234
Sun, 6 Oct 2019,  21:02:14	012	1234
Sun, 6 Oct 2019,  21:02:14	012	1234
Sun, 6 Oct 2019,  21:02:14	012	1234
Sun, 6 Oct 2019,  21:02:14	012	1234
Sun, 6 Oct 2019,  21:02:14	012	1234
Sun, 6 Oct 2019,  21:02:14	012	1234
Sun, 6 Oct 2019,  21:02:14	012	1234
Sun, 6 Oct 2019,  21:02:14	012	1234
Sun, 6 Oct 2019,  21:02:14	012	1234
Sun, 6 Oct 2019,  21:02:15	012	1234
Sun, 6 Oct 2019,  21:02:15	012	1234
Sun, 6 Oct 2019,  21:02:15	012	1234
Sun, 6 Oct 2019,  21:02:15	012	1234
Sun, 6 Oct 2019,  21:02:15	012	1234
Sun, 6 Oct 2019,  21:02:15	012	1234
Sun, 6 Oct 2019,  21:02:15	012	1234
Sun, 6 Oct 2019,  21:02:15	012	1234
Sun, 6 Oct 2019,  21:02:15	012	1234
Sun, 6 Oct 2019,  21:02:15	012	1234
Sun, 6 Oct 2019,  21:02:15	012	1234
Sun, 6 Oct 2019,  21:02:15	012	1234
Sun, 6 Oct 2019,  21:02:15	012	1234
Sun, 6 Oct 2019,  21:02:15	012	1234
Sun, 6 Oct 2019,  21:02:15	012	1234
Sun, 6 Oct 2019,  21:02:15	012	1234
Sun, 6 Oct 2019,  21:02:15	012	1234
Sun, 6 Oct 2019,  21:02:16	012	1234
Sun, 6 Oct 2019,  21:02:16	012	1234
Sun, 6 Oct 2019,  21:02:16	012	1234
Sun, 6 Oct 2019,  21:02:16	012	1234
Sun, 6 Oct 2019,  21:02:16	012	1234
Sun, 6 Oct 2019,  21:02:16	012	1234
Sun, 6 Oct 2019,  21:02:16	012	1234
Sun, 6 Oct 2019,  21:02:16	012	1234
Sun, 6 Oct 2019,  21:02:16	012	1234
Sun, 6 Oct 2019,  21:02:16	012	1234
Sun, 6 Oct 2019,  21:02:16	012	1234
Sun, 6 Oct 2019,  21:02:16	012	1234
Sun, 6 Oct 2019,  21:02:16	012	1234
Sun, 6 Oct 2019,  21:02:16	012	1234
Sun, 6 Oct 2019,  21:02:16	012	1234
Sun, 6 Oct 2019,  21:02:16	012	1234
Sun, 6 Oct 2019,  21:02:17	012	1234
Sun, 6 Oct 2019,  21:02:17	012	1234
Sun, 6 Oct 2019,  21:02:17	012	1234
Sun, 6 Oct 2019,  21:02:17	012	1234
Sun, 6 Oct 2019,  21:02:17	012	1234
Sun, 6 Oct 2019,  21:02:17	012	1234
Sun, 6 Oct 2019,  21:02:17	012	1234
Sun, 6 Oct 2019,  21:02:17	012	1234
Sun, 6 Oct 2019,  21:02:17	012	1234
Sun, 6 Oct 2019,  21:02:17	012	1234
Sun, 6 Oct 2019,  21:02:17	012	1234
Sun, 6 Oct 2019,  21:02:17	012	1234
Sun, 6 Oct 2019,  21:02:17	012	1234
Sun, 6 Oct 2019,  21:02:17	012	1234
Sun, 6 Oct 2019,  21:02:17	012	1234
Sun, 6 Oct 2019,  21:02:17	012	1234
Sun, 6 Oct 2019,  21:02:17	012	1234
Sun, 6 Oct 2019,  21:02:18	012	1234
Sun, 6 Oct 2019,  21:02:18	012	1234
Sun, 6 Oct 2019,  21:02:18	012	1234
Sun, 6 Oct 2019,  21:02:18	012	1234
Sun, 6 Oct 2019,  21:02:18	012	1234
Sun, 6 Oct 2019,  21:02:18	012	1234
Sun, 6 Oct 2019,  21:02:18	012	1234
Sun, 6 Oct 2019,  21:02:18	012	1234
Sun, 6 Oct 2019,  21:02:18	012	1234
Sun, 6 Oct 2019,  21:02:18	012	1234
Sun, 6 Oct 2019,  21:02:18	012	1234
Sun, 6 Oct 2019,  21:02:18	012	1234
Sun, 6 Oct 2019,  21:02:18	012	1234
Sun, 6 Oct 2019,  21:02:18	012	1234
Sun, 6 Oct 2019,  21:02:18	012	1234
Sun, 6 Oct 2019,  21:02:18	012	1234
Sun, 6 Oct 2019,  21:02:19	012	1234
Sun, 6 Oct 2019,  21:02:19	012	1234
Sun, 6 Oct 2019,  21:02:19	012	1234
Sun, 6 Oct 2019,  21:02:19	012	1234
Sun, 6 Oct 2019,  21:02:19	012	1234
Sun, 6 Oct 2019,  21:02:19	012	1234
Sun, 6 Oct 2019,  21:02:19	012	1234
Sun, 6 Oct 2019,  21:02:19	012	1234
Sun, 6 Oct 2019,  21:02:19	012	1234
Sun, 6 Oct 2019,  21:02:19	012	1234
Sun, 6 Oct 2019,  21:02:19	012	1234
Sun, 6 Oct 2019,  21:02:19	012	1234
Sun, 6 Oct 2019,  21:02:19	012	1234
Sun, 6 Oct 2019,  21:02:19	012	1234
Sun, 6 Oct 2019,  21:02:19	012	1234
Sun, 6 Oct 2019,  21:02:19	012	1234
Sun, 6 Oct 2019,  21:02:20	012	1234
Sun, 6 Oct 2019,  21:02:20	012	1234
Sun, 6 Oct 2019,  21:02:20	012	1234
Sun, 6 Oct 2019,  21:02:20	012	1234
Sun, 6 Oct 2019,  21:02:20	012	1234
Sun, 6 Oct 2019,  21:02:20	012	1234
Sun, 6 Oct 2019,  21:02:20	012	1234
Sun, 6 Oct 2019,  21:02:20	012	1234
Sun, 6 Oct 2019,  21:02:20	012	1234
Sun, 6 Oct 2019,  21:02:20	012	1234
Sun, 6 Oct 2019,  21:02:20	012	1234
Sun, 6 Oct 2019,  21:02:20	012	1234
Sun, 6 Oct 2019,  21:02:20	012	1234
Sun, 6 Oct 2019,  21:02:20	012	1234
Sun, 6 Oct 2019,  21:02:20	012	1234
Sun, 6 Oct 2019,  21:02:20	012	1234
Sun, 6 Oct 2019,  21:02:21	012	1234
Sun, 6 Oct 2019,  21:02:21	012	1234
Sun, 6 Oct 2019,  21:02:21	012	1234
Sun, 6 Oct 2019,  21:02:21	012	1234
Sun, 6 Oct 2019,  21:02:21	012	1234
Sun, 6 Oct 2019,  21:02:21	012	1234
Sun, 6 Oct 2019,  21:02:21	012	1234
Sun, 6 Oct 2019,  21:02:21	012	1234
Sun, 6 Oct 2019,  21:02:21	012	1234
Sun, 6 Oct 2019,  21:02:21	012	1234
Sun, 6 Oct 2019,  21:02:21	012	1234
Sun, 6 Oct 2019,  21:02:21	012	1234
Sun, 6 Oct 2019,  21:02:21	012	1234
Sun, 6 Oct 2019,  21:02:21	012	1234
Sun, 6 Oct 2019,  21:02:21	012	1234
Sun, 6 Oct 2019,  21:02:22	012	1234
Sun, 6 Oct 2019,  21:02:22	012	1234
Sun, 6 Oct 2019,  21:02:22	012	1234
Sun, 6 Oct 2019,  21:02:22	012	1234
Sun, 6 Oct 2019,  21:02:22	012	1234
Sun, 6 Oct 2019,  21:02:22	012	1234
Sun, 6 Oct 2019,  21:02:22	012	1234
Sun, 6 Oct 2019,  21:02:22	012	1234
Sun, 6 Oct 2019,  21:02:22	012	1234
Sun, 6 Oct 2019,  21:02:22	012	1234
Sun, 6 Oct 2019,  21:02:22	012	1234
Sun, 6 Oct 2019,  21:02:22	012	1234
Sun, 6 Oct 2019,  21:02:22	012	1234
Sun, 6 Oct 2019,  21:02:22	012	1234
Sun, 6 Oct 2019,  21:02:22	012	1234
Sun, 6 Oct 2019,  21:02:22	012	1234
Sun, 6 Oct 2019,  21:02:23	012	1234
Sun, 6 Oct 2019,  21:02:23	012	1234
Sun, 6 Oct 2019,  21:02:23	012	1234
Sun, 6 Oct 2019,  21:02:23	012	1234
Sun, 6 Oct 2019,  21:02:23	012	1234
Sun, 6 Oct 2019,  21:02:23	012	1234
Sun, 6 Oct 2019,  21:02:23	012	1234
Sun, 6 Oct 2019,  21:02:23	012	1234
Sun, 6 Oct 2019,  21:02:23	012	1234
Sun, 6 Oct 2019,  21:02:23	012	1234
Sun, 6 Oct 2019,  21:02:23	012	1234
Sun, 6 Oct 2019,  21:02:23	012	1234
Sun, 6 Oct 2019,  21:02:23	012	1234
Sun, 6 Oct 2019,  21:02:23	012	1234
Sun, 6 Oct 2019,  21:02:23	012	1234
Sun, 6 Oct 2019,  21:02:24	012	1234
Sun, 6 Oct 2019,  21:02:24	012	1234
Sun, 6 Oct 2019,  21:02:24	012	1234
Sun, 6 Oct 2019,  21:02:24	012	1234
Sun, 6 Oct 2019,  21:02:24	012	1234
Sun, 6 Oct 2019,  21:02:24	012	1234
Sun, 6 Oct 2019,  21:02:24	012	1234
Sun, 6 Oct 2019,  21:02:24	012	1234
Sun, 6 Oct 2019,  21:02:24	012	1234
Sun, 6 Oct 2019,  21:02:24	012	1234
Sun, 6 Oct 2019,  21:02:24	012	1234
Sun, 6 Oct 2019,  21:02:24	012	1234
Sun, 6 Oct 2019,  21:02:24	012	1234
Sun, 6 Oct 2019,  21:02:24	012	1234
Sun, 6 Oct 2019,  21:02:24	012	1234
Sun, 6 Oct 2019,  21:02:25	012	1234
Sun, 6 Oct 2019,  21:02:25	012	1234
Sun, 6 Oct 2019,  21:02:25	012	1234
Sun, 6 Oct 2019,  21:02:25	012	1234
Sun, 6 Oct 2019,  21:02:25	012	1234
Sun, 6 Oct 2019,  21:02:25	012	1234
Sun, 6 Oct 2019,  21:02:25	012	1234
Sun, 6 Oct 2019,  21:02:25	012	1234
Sun, 6 Oct 2019,  21:02:25	012	1234
Sun, 6 Oct 2019,  21:02:25	012	1234
Sun, 6 Oct 2019,  21:02:25	012	1234
Sun, 6 Oct 2019,  21:02:25	012	1234
Sun, 6 Oct 2019,  21:02:25	012	1234
Sun, 6 Oct 2019,  21:02:25	012	1234
Sun, 6 Oct 2019,  21:02:25	012	1234
Sun, 6 Oct 2019,  21:02:25	012	1234
Sun, 6 Oct 2019,  21:02:26	012	1234
Sun, 6 Oct 2019,  21:02:26	012	1234
Sun, 6 Oct 2019,  21:02:26	012	1234
Sun, 6 Oct 2019,  21:02:26	012	1234
Sun, 6 Oct 2019,  21:02:26	012	1234
Sun, 6 Oct 2019,  21:02:26	012	1234
Sun, 6 Oct 2019,  21:02:26	012	1234
Sun, 6 Oct 2019,  21:02:26	012	1234
Sun, 6 Oct 2019,  21:02:26	012	1234
Sun, 6 Oct 2019,  21:02:26	012	1234
Sun, 6 Oct 2019,  21:02:26	012	1234
Sun, 6 Oct 2019,  21:02:26	012	1234
Sun, 6 Oct 2019,  21:02:26	012	1234
Sun, 6 Oct 2019,  21:02:26	012	1234
Sun, 6 Oct 2019,  21:02:26	012	1234
Sun, 6 Oct 2019,  21:02:26	012	1234
Sun, 6 Oct 2019,  21:02:27	012	1234
Sun, 6 Oct 2019,  21:02:27	012	1234
Sun, 6 Oct 2019,  21:02:27	012	1234
Sun, 6 Oct 2019,  21:02:27	012	1234
Sun, 6 Oct 2019,  21:02:27	012	1234
Sun, 6 Oct 2019,  21:02:27	012	1234
Sun, 6 Oct 2019,  21:02:27	012	1234
Sun, 6 Oct 2019,  21:02:27	012	1234
Sun, 6 Oct 2019,  21:02:27	012	1234
Sun, 6 Oct 2019,  21:02:27	012	1234
Sun, 6 Oct 2019,  21:02:27	012	1234
Sun, 6 Oct 2019,  21:02:27	012	1234
Sun, 6 Oct 2019,  21:02:27	012	1234
Sun, 6 Oct 2019,  21:02:27	012	1234
Sun, 6 Oct 2019,  21:02:27	012	1234
Sun, 6 Oct 2019,  21:02:27	012	1234
Sun, 6 Oct 2019,  21:02:28	012	1234
Sun, 6 Oct 2019,  21:02:28	012	1234
Sun, 6 Oct 2019,  21:02:28	012	1234
Sun, 6 Oct 2019,  21:02:28	012	1234
Sun, 6 Oct 2019,  21:02:28	012	1234
Sun, 6 Oct 2019,  21:02:28	012	1234
Sun, 6 Oct 2019,  21:02:28	012	1234
Sun, 6 Oct 2019,  21:02:28	012	1234
Sun, 6 Oct 2019,  21:02:28	012	1234
Sun, 6 Oct 2019,  21:02:28	012	1234
Sun, 6 Oct 2019,  21:02:28	012	1234
Sun, 6 Oct 2019,  21:02:28	012	1234
Sun, 6 Oct 2019,  21:02:28	012	1234
Sun, 6 Oct 2019,  21:02:28	012	1234
Sun, 6 Oct 2019,  21:02:28	012	1234
Sun, 6 Oct 2019,  21:02:28	012	1234
Sun, 6 Oct 2019,  21:02:29	012	1234
Sun, 6 Oct 2019,  21:02:29	012	1234
Sun, 6 Oct 2019,  21:02:29	012	1234
Sun, 6 Oct 2019,  21:02:29	012	1234
Sun, 6 Oct 2019,  21:02:29	012	1234
Sun, 6 Oct 2019,  21:02:29	012	1234
Sun, 6 Oct 2019,  21:02:29	012	1234
Sun, 6 Oct 2019,  21:02:29	012	1234
Sun, 6 Oct 2019,  21:02:29	012	1234
Sun, 6 Oct 2019,  21:02:29	012	1234
Sun, 6 Oct 2019,  21:02:29	012	1234
Sun, 6 Oct 2019,  21:02:29	012	1234
Sun, 6 Oct 2019,  21:02:29	012	1234
Sun, 6 Oct 2019,  21:02:29	012	1234
Sun, 6 Oct 2019,  21:02:29	012	1234
Sun, 6 Oct 2019,  21:02:30	012	1234
Sun, 6 Oct 2019,  21:02:30	012	1234
Sun, 6 Oct 2019,  21:02:30	012	1234
Sun, 6 Oct 2019,  21:02:30	012	1234
Sun, 6 Oct 2019,  21:02:30	012	1234
Sun, 6 Oct 2019,  21:02:30	012	1234
Sun, 6 Oct 2019,  21:02:30	012	1234
Sun, 6 Oct 2019,  21:02:30	012	1234
Sun, 6 Oct 2019,  21:02:30	012	1234
Sun, 6 Oct 2019,  21:02:30	012	1234
Sun, 6 Oct 2019,  21:02:30	012	1234
Sun, 6 Oct 2019,  21:02:30	012	1234
Sun, 6 Oct 2019,  21:02:30	012	1234
Sun, 6 Oct 2019,  21:02:30	012	1234
Sun, 6 Oct 2019,  21:02:30	012	1234
Sun, 6 Oct 2019,  21:02:30	012	1234
Sun, 6 Oct 2019,  21:02:31	012	1234
Sun, 6 Oct 2019,  21:02:31	012	1234
Sun, 6 Oct 2019,  21:02:31	012	1234
Sun, 6 Oct 2019,  21:02:31	012	1234
Sun, 6 Oct 2019,  21:02:31	012	1234
Sun, 6 Oct 2019,  21:02:31	012	1234
Sun, 6 Oct 2019,  21:02:31	012	1234
Sun, 6 Oct 2019,  21:02:31	012	1234
Sun, 6 Oct 2019,  21:02:31	012	1234
Sun, 6 Oct 2019,  21:02:31	012	1234
Sun, 6 Oct 2019,  21:02:31	012	1234
Sun, 6 Oct 2019,  21:02:31	012	1234
Sun, 6 Oct 2019,  21:02:31	012	1234
Sun, 6 Oct 2019,  21:02:31	012	1234
Sun, 6 Oct 2019,  21:02:31	012	1234
Sun, 6 Oct 2019,  21:02:32	012	1234
Sun, 6 Oct 2019,  21:02:32	012	1234
Sun, 6 Oct 2019,  21:02:32	012	1234
Sun, 6 Oct 2019,  21:02:32	012	1234
Sun, 6 Oct 2019,  21:02:32	012	1234
Sun, 6 Oct 2019,  21:02:32	012	1234
Sun, 6 Oct 2019,  21:02:32	012	1234
Sun, 6 Oct 2019,  21:02:32	012	1234
Sun, 6 Oct 2019,  21:02:32	012	1234
Sun, 6 Oct 2019,  21:02:32	012	1234
Sun, 6 Oct 2019,  21:02:32	012	1234
Sun, 6 Oct 2019,  21:02:32	012	1234
Sun, 6 Oct 2019,  21:02:32	012	1234
Sun, 6 Oct 2019,  21:02:32	012	1234
Sun, 6 Oct 2019,  21:02:32	012	1234
Sun, 6 Oct 2019,  21:02:32	012	1234
Sun, 6 Oct 2019,  21:02:33	012	1234
Sun, 6 Oct 2019,  21:02:33	012	1234
Sun, 6 Oct 2019,  21:02:33	012	1234
Sun, 6 Oct 2019,  21:02:33	012	1234
Sun, 6 Oct 2019,  21:02:33	012	1234
Sun, 6 Oct 2019,  21:02:33	012	1234
Sun, 6 Oct 2019,  21:02:33	012	1234
Sun, 6 Oct 2019,  21:02:33	012	1234
Sun, 6 Oct 2019,  21:02:33	012	1234
Sun, 6 Oct 2019,  21:02:33	012	1234
Sun, 6 Oct 2019,  21:02:33	012	1234
Sun, 6 Oct 2019,  21:02:33	012	1234
Sun, 6 Oct 2019,  21:02:33	012	1234
Sun, 6 Oct 2019,  21:02:33	012	1234
Sun, 6 Oct 2019,  21:02:33	012	1234
Sun, 6 Oct 2019,  21:02:33	012	1234
Sun, 6 Oct 2019,  21:02:34	012	1234
Sun, 6 Oct 2019,  21:02:34	012	1234
Sun, 6 Oct 2019,  21:02:34	012	1234
Sun, 6 Oct 2019,  21:02:34	012	1234
Sun, 6 Oct 2019,  21:02:34	012	1234
Sun, 6 Oct 2019,  21:02:34	012	1234
Sun, 6 Oct 2019,  21:02:34	012	1234
Sun, 6 Oct 2019,  21:02:34	012	1234
Sun, 6 Oct 2019,  21:02:34	012	1234
Sun, 6 Oct 2019,  21:02:34	012	1234
Sun, 6 Oct 2019,  21:02:34	012	1234
Sun, 6 Oct 2019,  21:02:34	012	1234
Sun, 6 Oct 2019,  21:02:34	012	1234
Sun, 6 Oct 2019,  21:02:34	012	1234
Sun, 6 Oct 2019,  21:02:34	012	1234
Sun, 6 Oct 2019,  21:02:35	012	1234
Sun, 6 Oct 2019,  21:02:35	012	1234
Sun, 6 Oct 2019,  21:02:35	012	1234
Sun, 6 Oct 2019,  21:02:35	012	1234
Sun, 6 Oct 2019,  21:02:35	012	1234
Sun, 6 Oct 2019,  21:02:35	012	1234
Sun, 6 Oct 2019,  21:02:35	012	1234
Sun, 6 Oct 2019,  21:02:35	012	1234
Sun, 6 Oct 2019,  21:02:35	012	1234
Sun, 6 Oct 2019,  21:02:35	012	1234
Sun, 6 Oct 2019,  21:02:35	012	1234
Sun, 6 Oct 2019,  21:02:35	012	1234
Sun, 6 Oct 2019,  21:02:35	012	1234
Sun, 6 Oct 2019,  21:02:35	012	1234
Sun, 6 Oct 2019,  21:02:35	012	1234
Sun, 6 Oct 2019,  21:02:35	012	1234
Sun, 6 Oct 2019,  21:02:36	012	1234
Sun, 6 Oct 2019,  21:02:36	012	1234
Sun, 6 Oct 2019,  21:02:36	012	1234
Sun, 6 Oct 2019,  21:02:36	012	1234
Sun, 6 Oct 2019,  21:02:36	012	1234
Sun, 6 Oct 2019,  21:02:36	012	1234
Sun, 6 Oct 2019,  21:02:36	012	1234
Sun, 6 Oct 2019,  21:02:36	012	1234
Sun, 6 Oct 2019,  21:02:36	012	1234
Sun, 6 Oct 2019,  21:02:36	012	1234
Sun, 6 Oct 2019,  21:02:36	012	1234
Sun, 6 Oct 2019,  21:02:36	012	1234
Sun, 6 Oct 2019,  21:02:36	012	1234
Sun, 6 Oct 2019,  21:02:36	012	1234
Sun, 6 Oct 2019,  21:02:36	012	1234
Sun, 6 Oct 2019,  21:02:37	012	1234
Sun, 6 Oct 2019,  21:02:37	012	1234
Sun, 6 Oct 2019,  21:02:37	012	1234
Sun, 6 Oct 2019,  21:02:37	012	1234
Sun, 6 Oct 2019,  21:02:37	012	1234
Sun, 6 Oct 2019,  21:02:37	012	1234
Sun, 6 Oct 2019,  21:02:37	012	1234
Sun, 6 Oct 2019,  21:02:37	012	1234
Sun, 6 Oct 2019,  21:02:37	012	1234
Sun, 6 Oct 2019,  21:02:37	012	1234
Sun, 6 Oct 2019,  21:02:37	012	1234
Sun, 6 Oct 2019,  21:02:37	012	1234
Sun, 6 Oct 2019,  21:02:37	012	1234
Sun, 6 Oct 2019,  21:02:37	012	1234
Sun, 6 Oct 2019,  21:02:37	012	1234
Sun, 6 Oct 2019,  21:02:38	012	1234
Sun, 6 Oct 2019,  21:02:38	012	1234
Sun, 6 Oct 2019,  21:02:38	012	1234
Sun, 6 Oct 2019,  21:02:38	012	1234
Sun, 6 Oct 2019,  21:02:38	012	1234
Sun, 6 Oct 2019,  21:02:38	012	1234
Sun, 6 Oct 2019,  21:02:38	012	1234
Sun, 6 Oct 2019,  21:02:38	012	1234
Sun, 6 Oct 2019,  21:02:38	012	1234
Sun, 6 Oct 2019,  21:02:38	012	1234
Sun, 6 Oct 2019,  21:02:38	012	1234
Sun, 6 Oct 2019,  21:02:38	012	1234
Sun, 6 Oct 2019,  21:02:38	012	1234
Sun, 6 Oct 2019,  21:02:38	012	1234
Sun, 6 Oct 2019,  21:02:38	012	1234
Sun, 6 Oct 2019,  21:02:38	012	1234
Sun, 6 Oct 2019,  21:02:39	012	1234
Sun, 6 Oct 2019,  21:02:39	012	1234
Sun, 6 Oct 2019,  21:02:39	012	1234
Sun, 6 Oct 2019,  21:02:39	012	1234
Sun, 6 Oct 2019,  21:02:39	012	1234
Sun, 6 Oct 2019,  21:02:39	012	1234
Sun, 6 Oct 2019,  21:02:39	012	1234
Sun, 6 Oct 2019,  21:02:39	012	1234
Sun, 6 Oct 2019,  21:02:39	012	1234
Sun, 6 Oct 2019,  21:02:39	012	1234
Sun, 6 Oct 2019,  21:02:39	012	1234
Sun, 6 Oct 2019,  21:02:39	012	1234
Sun, 6 Oct 2019,  21:02:39	012	1234
Sun, 6 Oct 2019,  21:02:39	012	1234
Sun, 6 Oct 2019,  21:02:39	012	1234
Sun, 6 Oct 2019,  21:02:39	012	1234
Sun, 6 Oct 2019,  21:02:40	012	1234
Sun, 6 Oct 2019,  21:02:40	012	1234
Sun, 6 Oct 2019,  21:02:40	012	1234
Sun, 6 Oct 2019,  21:02:40	012	1234
Sun, 6 Oct 2019,  21:02:40	012	1234
Sun, 6 Oct 2019,  21:02:40	012	1234
Sun, 6 Oct 2019,  21:02:40	012	1234
Sun, 6 Oct 2019,  21:02:40	012	1234
Sun, 6 Oct 2019,  21:02:40	012	1234
Sun, 6 Oct 2019,  21:02:40	012	1234
Sun, 6 Oct 2019,  21:02:40	012	1234
Sun, 6 Oct 2019,  21:02:40	012	1234
Sun, 6 Oct 2019,  21:02:40	012	1234
Sun, 6 Oct 2019,  21:02:40	012	1234
Sun, 6 Oct 2019,  21:02:40	012	1234
Sun, 6 Oct 2019,  21:02:41	012	1234
Sun, 6 Oct 2019,  21:02:41	012	1234
Sun, 6 Oct 2019,  21:02:41	012	1234
Sun, 6 Oct 2019,  21:02:41	012	1234
Sun, 6 Oct 2019,  21:02:41	012	1234
Sun, 6 Oct 2019,  21:02:41	012	1234
Sun, 6 Oct 2019,  21:02:41	012	1234
Sun, 6 Oct 2019,  21:02:41	012	1234
Sun, 6 Oct 2019,  21:02:41	012	1234
Sun, 6 Oct 2019,  21:02:41	012	1234
Sun, 6 Oct 2019,  21:02:41	012	1234
Sun, 6 Oct 2019,  21:02:41	012	1234
Sun, 6 Oct 2019,  21:02:41	012	1234
Sun, 6 Oct 2019,  21:02:41	012	1234
Sun, 6 Oct 2019,  21:02:41	012	1234
Sun, 6 Oct 2019,  21:02:42	012	1234
Sun, 6 Oct 2019,  21:02:42	012	1234
Sun, 6 Oct 2019,  21:02:42	012	1234
Sun, 6 Oct 2019,  21:02:42	012	1234
Sun, 6 Oct 2019,  21:02:42	012	1234
Sun, 6 Oct 2019,  21:02:42	012	1234
Sun, 6 Oct 2019,  21:02:42	012	1234
Sun, 6 Oct 2019,  21:02:42	012	1234
Sun, 6 Oct 2019,  21:02:42	012	1234
Sun, 6 Oct 2019,  21:02:42	012	1234
Sun, 6 Oct 2019,  21:02:42	012	1234
Sun, 6 Oct 2019,  21:02:42	012	1234
Sun, 6 Oct 2019,  21:02:42	012	1234
Sun, 6 Oct 2019,  21:02:42	012	1234
Sun, 6 Oct 2019,  21:02:42	012	1234
Sun, 6 Oct 2019,  21:02:45	012	1234
Sun, 6 Oct 2019,  21:02:45	012	1234
Sun, 6 Oct 2019,  21:02:46	012	1234
Sun, 6 Oct 2019,  21:02:46	012	1234
Sun, 6 Oct 2019,  21:02:46	012	1234
Sun, 6 Oct 2019,  21:02:46	012	1234
Sun, 6 Oct 2019,  21:02:46	012	1234
Sun, 6 Oct 2019,  21:02:46	012	1234
Sun, 6 Oct 2019,  21:02:46	012	1234
Sun, 6 Oct 2019,  21:02:46	012	1234
Sun, 6 Oct 2019,  21:02:46	012	1234
Sun, 6 Oct 2019,  21:02:46	012	1234
Sun, 6 Oct 2019,  21:02:46	012	1234
Sun, 6 Oct 2019,  21:02:46	012	1234
Sun, 6 Oct 2019,  21:02:46	012	1234
Sun, 6 Oct 2019,  21:02:46	012	1234
Sun, 6 Oct 2019,  21:02:46	012	1234
Sun, 6 Oct 2019,  21:02:46	012	1234
Sun, 6 Oct 2019,  21:02:47	012	1234
Sun, 6 Oct 2019,  21:02:47	012	1234
Sun, 6 Oct 2019,  21:02:47	012	1234
Sun, 6 Oct 2019,  21:02:47	012	1234
Sun, 6 Oct 2019,  21:02:47	012	1234
Sun, 6 Oct 2019,  21:02:47	012	1234
Sun, 6 Oct 2019,  21:02:47	012	1234
Sun, 6 Oct 2019,  21:02:47	012	1234
Sun, 6 Oct 2019,  21:02:47	012	1234
Sun, 6 Oct 2019,  21:02:47	012	1234
Sun, 6 Oct 2019,  21:02:47	012	1234
Sun, 6 Oct 2019,  21:02:47	012	1234
Sun, 6 Oct 2019,  21:02:47	012	1234
Sun, 6 Oct 2019,  21:02:47	012	1234
Sun, 6 Oct 2019,  21:02:47	012	1234
Sun, 6 Oct 2019,  21:02:47	012	1234
Sun, 6 Oct 2019,  21:02:48	012	1234
Sun, 6 Oct 2019,  21:02:48	012	1234
Sun, 6 Oct 2019,  21:02:48	012	1234
Sun, 6 Oct 2019,  21:02:48	012	1234
Sun, 6 Oct 2019,  21:02:48	012	1234
Sun, 6 Oct 2019,  21:02:48	012	1234
Sun, 6 Oct 2019,  21:02:48	012	1234
Sun, 6 Oct 2019,  21:02:48	012	1234
Sun, 6 Oct 2019,  21:02:48	012	1234
Sun, 6 Oct 2019,  21:02:48	012	1234
Sun, 6 Oct 2019,  21:02:48	012	1234
Sun, 6 Oct 2019,  21:02:48	012	1234
Sun, 6 Oct 2019,  21:02:48	012	1234
Sun, 6 Oct 2019,  21:02:48	012	1234
Sun, 6 Oct 2019,  21:02:48	012	1234
Sun, 6 Oct 2019,  21:02:48	012	1234
Sun, 6 Oct 2019,  21:02:49	012	1234
Sun, 6 Oct 2019,  21:02:49	012	1234
Sun, 6 Oct 2019,  21:02:49	012	1234
Sun, 6 Oct 2019,  21:02:49	012	1234
Sun, 6 Oct 2019,  21:02:49	012	1234
Sun, 6 Oct 2019,  21:02:49	012	1234
Sun, 6 Oct 2019,  21:02:49	012	1234
Sun, 6 Oct 2019,  21:02:49	012	1234
Sun, 6 Oct 2019,  21:02:49	012	1234
Sun, 6 Oct 2019,  21:02:49	012	1234
Sun, 6 Oct 2019,  21:02:49	012	1234
Sun, 6 Oct 2019,  21:02:49	012	1234
Sun, 6 Oct 2019,  21:02:49	012	1234
Sun, 6 Oct 2019,  21:02:49	012	1234
Sun, 6 Oct 2019,  21:02:49	012	1234
Sun, 6 Oct 2019,  21:02:50	012	1234
Sun, 6 Oct 2019,  21:02:50	012	1234
Sun, 6 Oct 2019,  21:02:50	012	1234
Sun, 6 Oct 2019,  21:02:50	012	1234
Sun, 6 Oct 2019,  21:02:50	012	1234
Sun, 6 Oct 2019,  21:02:50	012	1234
Sun, 6 Oct 2019,  21:02:50	012	1234
Sun, 6 Oct 2019,  21:02:50	012	1234
Sun, 6 Oct 2019,  21:02:50	012	1234
Sun, 6 Oct 2019,  21:02:50	012	1234
Sun, 6 Oct 2019,  21:02:50	012	1234
Sun, 6 Oct 2019,  21:02:50	012	1234
Sun, 6 Oct 2019,  21:02:50	012	1234
Sun, 6 Oct 2019,  21:02:50	012	1234
Sun, 6 Oct 2019,  21:02:50	012	1234
Sun, 6 Oct 2019,  21:02:50	012	1234
Sun, 6 Oct 2019,  21:02:51	012	1234
Sun, 6 Oct 2019,  21:02:51	012	1234
Sun, 6 Oct 2019,  21:02:51	012	1234
Sun, 6 Oct 2019,  21:02:51	012	1234
Sun, 6 Oct 2019,  21:02:51	012	1234
Sun, 6 Oct 2019,  21:02:51	012	1234
Sun, 6 Oct 2019,  21:02:51	012	1234
Sun, 6 Oct 2019,  21:02:51	012	1234
Sun, 6 Oct 2019,  21:02:51	012	1234
Sun, 6 Oct 2019,  21:02:51	012	1234
Sun, 6 Oct 2019,  21:02:51	012	1234
Sun, 6 Oct 2019,  21:02:51	012	1234
Sun, 6 Oct 2019,  21:02:51	012	1234
Sun, 6 Oct 2019,  21:02:51	012	1234
Sun, 6 Oct 2019,  21:02:51	012	1234
Sun, 6 Oct 2019,  21:02:52	012	1234
Sun, 6 Oct 2019,  21:02:52	012	1234
Sun, 6 Oct 2019,  21:02:54	012	1234
Sun, 6 Oct 2019,  21:02:54	012	1234
Sun, 6 Oct 2019,  21:02:54	012	1234
Sun, 6 Oct 2019,  21:02:54	012	1234
Sun, 6 Oct 2019,  21:02:55	012	1234
Sun, 6 Oct 2019,  21:02:55	012	1234
Sun, 6 Oct 2019,  21:02:55	012	1234
Sun, 6 Oct 2019,  21:02:55	012	1234
Sun, 6 Oct 2019,  21:02:55	012	1234
Sun, 6 Oct 2019,  21:02:55	012	1234
Sun, 6 Oct 2019,  21:02:55	012	1234
Sun, 6 Oct 2019,  21:02:55	012	1234
Sun, 6 Oct 2019,  21:02:55	012	1234
Sun, 6 Oct 2019,  21:02:55	012	1234
Sun, 6 Oct 2019,  21:02:55	012	1234
Sun, 6 Oct 2019,  21:02:55	012	1234
Sun, 6 Oct 2019,  21:02:55	012	1234
Sun, 6 Oct 2019,  21:02:55	012	1234
Sun, 6 Oct 2019,  21:02:55	012	1234
Sun, 6 Oct 2019,  21:02:55	012	1234
Sun, 6 Oct 2019,  21:02:56	012	1234
Sun, 6 Oct 2019,  21:02:56	012	1234
Sun, 6 Oct 2019,  21:02:56	012	1234
Sun, 6 Oct 2019,  21:02:56	012	1234
Sun, 6 Oct 2019,  21:02:56	012	1234
Sun, 6 Oct 2019,  21:02:56	012	1234
Sun, 6 Oct 2019,  21:02:56	012	1234
Sun, 6 Oct 2019,  21:02:56	012	1234
Sun, 6 Oct 2019,  21:02:56	012	1234
Sun, 6 Oct 2019,  21:02:56	012	1234
Sun, 6 Oct 2019,  21:02:56	012	1234
Sun, 6 Oct 2019,  21:02:56	012	1234
Sun, 6 Oct 2019,  21:02:56	012	1234
Sun, 6 Oct 2019,  21:02:56	012	1234
Sun, 6 Oct 2019,  21:02:56	012	1234
Sun, 6 Oct 2019,  21:02:56	012	1234
Sun, 6 Oct 2019,  21:02:57	012	1234
Sun, 6 Oct 2019,  21:02:57	012	1234
Sun, 6 Oct 2019,  21:02:57	012	1234
Sun, 6 Oct 2019,  21:02:57	012	1234
Sun, 6 Oct 2019,  21:02:57	012	1234
Sun, 6 Oct 2019,  21:02:57	012	1234
Sun, 6 Oct 2019,  21:02:57	012	1234
Sun, 6 Oct 2019,  21:02:57	012	1234
Sun, 6 Oct 2019,  21:02:57	012	1234
Sun, 6 Oct 2019,  21:02:57	012	1234
Sun, 6 Oct 2019,  21:02:57	012	1234
Sun, 6 Oct 2019,  21:02:57	012	1234
Sun, 6 Oct 2019,  21:02:57	012	1234
Sun, 6 Oct 2019,  21:02:57	012	1234
Sun, 6 Oct 2019,  21:02:57	012	1234
Sun, 6 Oct 2019,  21:02:57	012	1234
Sun, 6 Oct 2019,  21:02:57	012	1234
Sun, 6 Oct 2019,  21:02:58	012	1234
Sun, 6 Oct 2019,  21:02:58	012	1234
Sun, 6 Oct 2019,  21:02:58	012	1234
Sun, 6 Oct 2019,  21:02:58	012	1234
Sun, 6 Oct 2019,  21:02:58	012	1234
Sun, 6 Oct 2019,  21:02:58	012	1234
Sun, 6 Oct 2019,  21:02:58	012	1234
Sun, 6 Oct 2019,  21:02:58	012	1234
Sun, 6 Oct 2019,  21:02:58	012	1234
Sun, 6 Oct 2019,  21:02:59	012	1234
Sun, 6 Oct 2019,  21:02:59	012	1234
Sun, 6 Oct 2019,  21:02:59	012	1234
Sun, 6 Oct 2019,  21:02:59	012	1234
Sun, 6 Oct 2019,  21:02:59	012	1234
Sun, 6 Oct 2019,  21:02:59	012	1234
Sun, 6 Oct 2019,  21:02:59	012	1234
Sun, 6 Oct 2019,  21:02:59	012	1234
Sun, 6 Oct 2019,  21:02:59	012	1234
Sun, 6 Oct 2019,  21:02:59	012	1234
Sun, 6 Oct 2019,  21:02:59	012	1234
Sun, 6 Oct 2019,  21:02:59	012	1234
Sun, 6 Oct 2019,  21:02:59	012	1234
Sun, 6 Oct 2019,  21:02:59	012	1234
Sun, 6 Oct 2019,  21:02:59	012	1234
Sun, 6 Oct 2019,  21:03:00	012	1234
Sun, 6 Oct 2019,  21:03:00	012	1234
Sun, 6 Oct 2019,  21:03:00	012	1234
Sun, 6 Oct 2019,  21:03:00	012	1234
Sun, 6 Oct 2019,  21:03:00	012	1234
Sun, 6 Oct 2019,  21:03:00	012	1234
Sun, 6 Oct 2019,  21:03:00	012	1234
Sun, 6 Oct 2019,  21:03:00	012	1234
Sun, 6 Oct 2019,  21:03:00	012	1234
Sun, 6 Oct 2019,  21:03:00	012	1234
Sun, 6 Oct 2019,  21:03:00	012	1234
Sun, 6 Oct 2019,  21:03:00	012	1234
Sun, 6 Oct 2019,  21:03:00	012	1234
Sun, 6 Oct 2019,  21:03:00	012	1234
Sun, 6 Oct 2019,  21:03:00	012	1234
Sun, 6 Oct 2019,  21:03:00	012	1234
Sun, 6 Oct 2019,  21:03:01	012	1234
Sun, 6 Oct 2019,  21:03:01	012	1234
Sun, 6 Oct 2019,  21:03:01	012	1234
Sun, 6 Oct 2019,  21:03:01	012	1234
Sun, 6 Oct 2019,  21:03:01	012	1234
Sun, 6 Oct 2019,  21:03:01	012	1234
Sun, 6 Oct 2019,  21:03:01	012	1234
Sun, 6 Oct 2019,  21:03:01	012	1234
Sun, 6 Oct 2019,  21:03:01	012	1234
Sun, 6 Oct 2019,  21:03:01	012	1234
Sun, 6 Oct 2019,  21:03:01	012	1234
Sun, 6 Oct 2019,  21:03:01	012	1234
Sun, 6 Oct 2019,  21:03:01	012	1234
Sun, 6 Oct 2019,  21:03:01	012	1234
Sun, 6 Oct 2019,  21:03:01	012	1234
Sun, 6 Oct 2019,  21:03:01	012	1234
Sun, 6 Oct 2019,  21:03:02	012	1234
Sun, 6 Oct 2019,  21:03:04	012	1234
Sun, 6 Oct 2019,  21:03:04	012	1234
Sun, 6 Oct 2019,  21:03:04	012	1234
Sun, 6 Oct 2019,  21:03:04	012	1234
Sun, 6 Oct 2019,  21:03:04	012	1234
Sun, 6 Oct 2019,  21:03:05	012	1234
Sun, 6 Oct 2019,  21:03:05	012	1234
Sun, 6 Oct 2019,  21:03:05	012	1234
Sun, 6 Oct 2019,  21:03:05	012	1234
Sun, 6 Oct 2019,  21:03:05	012	1234
Sun, 6 Oct 2019,  21:03:05	012	1234
Sun, 6 Oct 2019,  21:03:05	012	1234
Sun, 6 Oct 2019,  21:03:05	012	1234
Sun, 6 Oct 2019,  21:03:05	012	1234
Sun, 6 Oct 2019,  21:03:05	012	1234
Sun, 6 Oct 2019,  21:03:05	012	1234
Sun, 6 Oct 2019,  21:03:05	012	1234
Sun, 6 Oct 2019,  21:03:05	012	1234
Sun, 6 Oct 2019,  21:03:05	012	1234
Sun, 6 Oct 2019,  21:03:05	012	1234
Sun, 6 Oct 2019,  21:03:05	012	1234
Sun, 6 Oct 2019,  21:03:06	012	1234
Sun, 6 Oct 2019,  21:03:06	012	1234
Sun, 6 Oct 2019,  21:03:06	012	1234
Sun, 6 Oct 2019,  21:03:06	012	1234
Sun, 6 Oct 2019,  21:03:06	012	1234
Sun, 6 Oct 2019,  21:03:06	012	1234
Sun, 6 Oct 2019,  21:03:06	012	1234
Sun, 6 Oct 2019,  21:03:06	012	1234
Sun, 6 Oct 2019,  21:03:06	012	1234
Sun, 6 Oct 2019,  21:03:06	012	1234
Sun, 6 Oct 2019,  21:03:06	012	1234
Sun, 6 Oct 2019,  21:03:06	012	1234
Sun, 6 Oct 2019,  21:03:06	012	1234
Sun, 6 Oct 2019,  21:03:06	012	1234
Sun, 6 Oct 2019,  21:03:06	012	1234
Sun, 6 Oct 2019,  21:03:06	012	1234
Sun, 6 Oct 2019,  21:03:07	012	1234
Sun, 6 Oct 2019,  21:03:07	012	1234
Sun, 6 Oct 2019,  21:03:07	012	1234
Sun, 6 Oct 2019,  21:03:07	012	1234
Sun, 6 Oct 2019,  21:03:07	012	1234
Sun, 6 Oct 2019,  21:03:07	012	1234
Sun, 6 Oct 2019,  21:03:07	012	1234
Sun, 6 Oct 2019,  21:03:07	012	1234
Sun, 6 Oct 2019,  21:03:07	012	1234
Sun, 6 Oct 2019,  21:03:07	012	1234
Sun, 6 Oct 2019,  21:03:07	012	1234
Sun, 6 Oct 2019,  21:03:07	012	1234
Sun, 6 Oct 2019,  21:03:07	012	1234
Sun, 6 Oct 2019,  21:03:07	012	1234
Sun, 6 Oct 2019,  21:03:07	012	1234
Sun, 6 Oct 2019,  21:03:07	012	1234
Sun, 6 Oct 2019,  21:03:08	012	1234
Sun, 6 Oct 2019,  21:03:08	012	1234
Sun, 6 Oct 2019,  21:03:08	012	1234
Sun, 6 Oct 2019,  21:03:08	012	1234
Sun, 6 Oct 2019,  21:03:08	012	1234
Sun, 6 Oct 2019,  21:03:08	012	1234
Sun, 6 Oct 2019,  21:03:08	012	1234
Sun, 6 Oct 2019,  21:03:08	012	1234
Sun, 6 Oct 2019,  21:03:08	012	1234
Sun, 6 Oct 2019,  21:03:08	012	1234
Sun, 6 Oct 2019,  21:03:08	012	1234
Sun, 6 Oct 2019,  21:03:08	012	1234
Sun, 6 Oct 2019,  21:03:08	012	1234
Sun, 6 Oct 2019,  21:03:08	012	1234
Sun, 6 Oct 2019,  21:03:08	012	1234
Sun, 6 Oct 2019,  21:03:09	012	1234
Sun, 6 Oct 2019,  21:03:09	012	1234
Sun, 6 Oct 2019,  21:03:09	012	1234
Sun, 6 Oct 2019,  21:03:09	012	1234
Sun, 6 Oct 2019,  21:03:09	012	1234
Sun, 6 Oct 2019,  21:03:09	012	1234
Sun, 6 Oct 2019,  21:03:09	012	1234
Sun, 6 Oct 2019,  21:03:09	012	1234
Sun, 6 Oct 2019,  21:03:09	012	1234
Sun, 6 Oct 2019,  21:03:09	012	1234
Sun, 6 Oct 2019,  21:03:09	012	1234
Sun, 6 Oct 2019,  21:03:09	012	1234
Sun, 6 Oct 2019,  21:03:09	012	1234
Sun, 6 Oct 2019,  21:03:09	012	1234
Sun, 6 Oct 2019,  21:03:12	012	1234
Sun, 6 Oct 2019,  21:03:12	012	1234
Sun, 6 Oct 2019,  21:03:12	012	1234
Sun, 6 Oct 2019,  21:03:12	012	1234
Sun, 6 Oct 2019,  21:03:12	012	1234
Sun, 6 Oct 2019,  21:03:12	012	1234
Sun, 6 Oct 2019,  21:03:12	012	1234
Sun, 6 Oct 2019,  21:03:12	012	1234
Sun, 6 Oct 2019,  21:03:16	012	1234
Sun, 6 Oct 2019,  21:03:16	012	1234
Sun, 6 Oct 2019,  21:03:16	012	1234
Sun, 6 Oct 2019,  21:03:16	012	1234
Sun, 6 Oct 2019,  21:03:16	012	1234
Sun, 6 Oct 2019,  21:03:16	012	1234
Sun, 6 Oct 2019,  21:03:16	012	1234
Sun, 6 Oct 2019,  21:03:16	012	1234
Sun, 6 Oct 2019,  21:03:16	012	1234
Sun, 6 Oct 2019,  21:03:16	012	1234
Sun, 6 Oct 2019,  21:03:16	012	1234
Sun, 6 Oct 2019,  21:03:16	012	1234
Sun, 6 Oct 2019,  21:03:16	012	1234
Sun, 6 Oct 2019,  21:03:16	012	1234
Sun, 6 Oct 2019,  21:03:17	012	1234
Sun, 6 Oct 2019,  21:03:17	012	1234
Sun, 6 Oct 2019,  21:03:17	012	1234
Sun, 6 Oct 2019,  21:03:17	012	1234
Sun, 6 Oct 2019,  21:03:17	012	1234
Sun, 6 Oct 2019,  21:03:17	012	1234
Sun, 6 Oct 2019,  21:03:17	012	1234
Sun, 6 Oct 2019,  21:03:17	012	1234
Sun, 6 Oct 2019,  21:03:17	012	1234
Sun, 6 Oct 2019,  21:03:17	012	1234
Sun, 6 Oct 2019,  21:03:17	012	1234
Sun, 6 Oct 2019,  21:03:17	012	1234
Sun, 6 Oct 2019,  21:03:17	012	1234
Sun, 6 Oct 2019,  21:03:17	012	1234
Sun, 6 Oct 2019,  21:03:17	012	1234
Sun, 6 Oct 2019,  21:03:17	012	1234
Sun, 6 Oct 2019,  21:03:18	012	1234
Sun, 6 Oct 2019,  21:03:18	012	1234
Sun, 6 Oct 2019,  21:03:18	012	1234
Sun, 6 Oct 2019,  21:03:18	012	1234
Sun, 6 Oct 2019,  21:03:18	012	1234
Sun, 6 Oct 2019,  21:03:18	012	1234
Sun, 6 Oct 2019,  21:03:18	012	1234
Sun, 6 Oct 2019,  21:03:18	012	1234
Sun, 6 Oct 2019,  21:03:18	012	1234
Sun, 6 Oct 2019,  21:03:18	012	1234
Sun, 6 Oct 2019,  21:03:18	012	1234
Sun, 6 Oct 2019,  21:03:18	012	1234
Sun, 6 Oct 2019,  21:03:18	012	1234
Sun, 6 Oct 2019,  21:03:18	012	1234
Sun, 6 Oct 2019,  21:03:18	012	1234
Sun, 6 Oct 2019,  21:03:19	012	1234
Sun, 6 Oct 2019,  21:03:19	012	1234
Sun, 6 Oct 2019,  21:03:19	012	1234
Sun, 6 Oct 2019,  21:03:19	012	1234
Sun, 6 Oct 2019,  21:03:19	012	1234
Sun, 6 Oct 2019,  21:03:19	012	1234
Sun, 6 Oct 2019,  21:03:19	012	1234
Sun, 6 Oct 2019,  21:03:19	012	1234
Sun, 6 Oct 2019,  21:03:19	012	1234
Sun, 6 Oct 2019,  21:03:19	012	1234
Sun, 6 Oct 2019,  21:03:19	012	1234
Sun, 6 Oct 2019,  21:03:19	012	1234
Sun, 6 Oct 2019,  21:03:19	012	1234
Sun, 6 Oct 2019,  21:03:19	012	1234
Sun, 6 Oct 2019,  21:03:19	012	1234
Sun, 6 Oct 2019,  21:03:19	012	1234
Sun, 6 Oct 2019,  21:03:20	012	1234
Sun, 6 Oct 2019,  21:03:20	012	1234
Sun, 6 Oct 2019,  21:03:20	012	1234
Sun, 6 Oct 2019,  21:03:20	012	1234
Sun, 6 Oct 2019,  21:03:20	012	1234
Sun, 6 Oct 2019,  21:03:20	012	1234
Sun, 6 Oct 2019,  21:03:20	012	1234
Sun, 6 Oct 2019,  21:03:20	012	1234
Sun, 6 Oct 2019,  21:03:20	012	1234
Sun, 6 Oct 2019,  21:03:20	012	1234
Sun, 6 Oct 2019,  21:03:20	012	1234
Sun, 6 Oct 2019,  21:03:20	012	1234
Sun, 6 Oct 2019,  21:03:20	012	1234
Sun, 6 Oct 2019,  21:03:20	012	1234
Sun, 6 Oct 2019,  21:03:20	012	1234
Sun, 6 Oct 2019,  21:03:20	012	1234
Sun, 6 Oct 2019,  21:03:21	012	1234
Sun, 6 Oct 2019,  21:03:21	012	1234
Sun, 6 Oct 2019,  21:03:21	012	1234
Sun, 6 Oct 2019,  21:03:21	012	1234
Sun, 6 Oct 2019,  21:03:21	012	1234
Sun, 6 Oct 2019,  21:03:21	012	1234
Sun, 6 Oct 2019,  21:03:21	012	1234
Sun, 6 Oct 2019,  21:03:21	012	1234
Sun, 6 Oct 2019,  21:03:21	012	1234
Sun, 6 Oct 2019,  21:03:21	012	1234
Sun, 6 Oct 2019,  21:03:21	012	1234
Sun, 6 Oct 2019,  21:03:21	012	1234
Sun, 6 Oct 2019,  21:03:21	012	1234
Sun, 6 Oct 2019,  21:03:21	012	1234
Sun, 6 Oct 2019,  21:03:21	012	1234
Sun, 6 Oct 2019,  21:03:21	012	1234
Sun, 6 Oct 2019,  21:03:22	012	1234
Sun, 6 Oct 2019,  21:03:22	012	1234
Sun, 6 Oct 2019,  21:03:22	012	1234
Sun, 6 Oct 2019,  21:03:22	012	1234
Sun, 6 Oct 2019,  21:03:22	012	1234
Sun, 6 Oct 2019,  21:03:22	012	1234
Sun, 6 Oct 2019,  21:03:22	012	1234
Sun, 6 Oct 2019,  21:03:22	012	1234
Sun, 6 Oct 2019,  21:03:22	012	1234
Sun, 6 Oct 2019,  21:03:22	012	1234
Sun, 6 Oct 2019,  21:03:22	012	1234
Sun, 6 Oct 2019,  21:03:22	012	1234
Sun, 6 Oct 2019,  21:03:22	012	1234
Sun, 6 Oct 2019,  21:03:22	012	1234
Sun, 6 Oct 2019,  21:03:22	012	1234
Sun, 6 Oct 2019,  21:03:22	012	1234
Sun, 6 Oct 2019,  21:03:23	012	1234
Sun, 6 Oct 2019,  21:03:23	012	1234
Sun, 6 Oct 2019,  21:03:23	012	1234
Sun, 6 Oct 2019,  21:03:23	012	1234
Sun, 6 Oct 2019,  21:03:23	012	1234
Sun, 6 Oct 2019,  21:03:23	012	1234
Sun, 6 Oct 2019,  21:03:23	012	1234
Sun, 6 Oct 2019,  21:03:23	012	1234
Sun, 6 Oct 2019,  21:03:23	012	1234
Sun, 6 Oct 2019,  21:03:23	012	1234
Sun, 6 Oct 2019,  21:03:23	012	1234
Sun, 6 Oct 2019,  21:03:23	012	1234
Sun, 6 Oct 2019,  21:03:23	012	1234
Sun, 6 Oct 2019,  21:03:23	012	1234
Sun, 6 Oct 2019,  21:03:23	012	1234
Sun, 6 Oct 2019,  21:03:26	012	1234
Sun, 6 Oct 2019,  21:03:26	012	1234
Sun, 6 Oct 2019,  21:03:26	012	1234
Sun, 6 Oct 2019,  21:03:26	012	1234
Sun, 6 Oct 2019,  21:03:27	012	1234
Sun, 6 Oct 2019,  21:03:27	012	1234
Sun, 6 Oct 2019,  21:03:27	012	1234
Sun, 6 Oct 2019,  21:03:27	012	1234
Sun, 6 Oct 2019,  21:03:27	012	1234
Sun, 6 Oct 2019,  21:03:27	012	1234
Sun, 6 Oct 2019,  21:03:27	012	1234
Sun, 6 Oct 2019,  21:03:27	012	1234
Sun, 6 Oct 2019,  21:03:27	012	1234
Sun, 6 Oct 2019,  21:03:27	012	1234
Sun, 6 Oct 2019,  21:03:27	012	1234
Sun, 6 Oct 2019,  21:03:27	012	1234
Sun, 6 Oct 2019,  21:03:27	012	1234
Sun, 6 Oct 2019,  21:03:27	012	1234
Sun, 6 Oct 2019,  21:03:27	012	1234
Sun, 6 Oct 2019,  21:03:27	012	1234
Sun, 6 Oct 2019,  21:03:28	012	1234
Sun, 6 Oct 2019,  21:03:28	012	1234
Sun, 6 Oct 2019,  21:03:28	012	1234
Sun, 6 Oct 2019,  21:03:28	012	1234
Sun, 6 Oct 2019,  21:03:28	012	1234
Sun, 6 Oct 2019,  21:03:28	012	1234
Sun, 6 Oct 2019,  21:03:28	012	1234
Sun, 6 Oct 2019,  21:03:28	012	1234
Sun, 6 Oct 2019,  21:03:28	012	1234
Sun, 6 Oct 2019,  21:03:28	012	1234
Sun, 6 Oct 2019,  21:03:28	012	1234
Sun, 6 Oct 2019,  21:03:28	012	1234
Sun, 6 Oct 2019,  21:03:28	012	1234
Sun, 6 Oct 2019,  21:03:28	012	1234
Sun, 6 Oct 2019,  21:03:28	012	1234
Sun, 6 Oct 2019,  21:03:28	012	1234
Sun, 6 Oct 2019,  21:03:29	012	1234
Sun, 6 Oct 2019,  21:03:29	012	1234
Sun, 6 Oct 2019,  21:03:29	012	1234
